    1       0.0000000000  -0.52451260 -0.40885048 -0.74681177  0.00017312
    2       0.0000000000   0.28708573 -0.95661522  0.04969004  0.00029070
    3       0.0000000000  -0.05137201 -0.82027526  0.56965728  0.00019762
    4       0.0000000000  -0.13342918  0.96397378 -0.23011131  0.00014612
    5       0.0000000000  -0.89325767  0.37726078 -0.24446892  0.00078985
    6       0.0000000000  -0.33769682 -0.85977821 -0.38306956  0.00028727
    7       0.0000000000  -0.42470886 -0.28371690 -0.85972502  0.00014801
    8       0.0000000000  -0.70618896  0.09572530 -0.70152250  0.00019214
    9       0.0000000000   0.88099942  0.27309086  0.38634363  0.00017045
   10       0.0000000000   0.04280321 -0.93662011 -0.34772209  0.00015156
   11       0.0000000000  -0.50609716 -0.78613413 -0.35476584  0.00014650
   12       0.0000000000   0.37697726  0.89736812  0.22938747  0.00020720
   13       0.0000000000  -0.04185579  0.39274445 -0.91869467  0.00045585
   14       0.0000000000  -0.43617641 -0.74038747 -0.51144553  0.00015039
   15       0.0000000000   0.47119286 -0.86248955 -0.18463222  0.00051324
   16       0.0000000000   0.02234843  0.85920644  0.51114072  0.00021543
   17       0.0000000000  -0.60105687 -0.67093658 -0.43425195  0.00016127
   18       0.0000000000   0.99654139  0.04054196  0.07253688  0.00019138
   19       0.0000000000   0.39600495 -0.73817899 -0.54614271  0.00018690
   20       0.0000000000   0.27139027  0.32546704 -0.90576958  0.00020767
    1       0.1000001000  -0.51361574 -0.39975023 -0.75920922  0.00017113
    2       0.1000001000   0.28708542 -0.95661381  0.04971891  0.00029075
    3       0.1000001000  -0.05113027 -0.81690960  0.57449492  0.00019765
    4       0.1000001000  -0.13330760  0.96320480 -0.23337868  0.00014647
    5       0.1000001000  -0.89303117  0.37718153 -0.24541685  0.00079097
    6       0.1000001000  -0.33705783 -0.85797326 -0.38765177  0.00028697
    7       0.1000001000  -0.42410800 -0.28331540 -0.86015394  0.00014799
    8       0.1000001000  -0.70613136  0.09571868 -0.70158138  0.00019215
    9       0.1000001000   0.87771633  0.27196514  0.39452378  0.00017048
   10       0.1000001000   0.04280254 -0.93659666 -0.34778533  0.00015156
   11       0.1000001000  -0.50539014 -0.78497175 -0.35832969  0.00014656
   12       0.1000001000   0.37696720  0.89734677  0.22948751  0.00020722
   13       0.1000001000  -0.04157092  0.39066313 -0.91959458  0.00045453
   14       0.1000001000  -0.43258958 -0.73417508 -0.52330985  0.00015035
   15       0.1000001000   0.47111003 -0.86232939 -0.18558921  0.00051313
   16       0.1000001000   0.02234784  0.85917627  0.51119146  0.00021542
   17       0.1000001000  -0.60087886 -0.67073703 -0.43480622  0.00016125
   18       0.1000001000   0.99653396  0.04054083  0.07263952  0.00019137
   19       0.1000001000   0.39485270 -0.73585728 -0.55009581  0.00018692
   20       0.1000001000   0.27700862  0.33213656 -0.90163825  0.00021328
    1       0.2000001000  -0.50185773 -0.39110527 -0.77147617  0.00016902
    2       0.2000001000   0.28708512 -0.95661290  0.04973820  0.00029079
    3       0.2000001000  -0.05089264 -0.81348576  0.57935383  0.00019767
    4       0.2000001000  -0.13319028  0.96240155 -0.23673533  0.00014681
    5       0.2000001000  -0.89279564  0.37708830 -0.24641504  0.00079205
    6       0.2000001000  -0.33631992 -0.85618676 -0.39221569  0.00028667
    7       0.2000001000  -0.42351070 -0.28290766 -0.86058233  0.00014796
    8       0.2000001000  -0.70607361  0.09571225 -0.70164038  0.00019215
    9       0.2000001000   0.87419731  0.27073924  0.40308724  0.00017053
   10       0.2000001000   0.04280059 -0.93657217 -0.34785152  0.00015155
   11       0.2000001000  -0.50466639 -0.78381154 -0.36187195  0.00014663
   12       0.2000001000   0.37695954  0.89732412  0.22958863  0.00020725
   13       0.2000001000  -0.04141307  0.38856758 -0.92048911  0.00045321
   14       0.2000001000  -0.42882782 -0.72737167 -0.53575849  0.00015034
   15       0.2000001000   0.47100474 -0.86213020 -0.18677807  0.00051302
   16       0.2000001000   0.02234700  0.85914889  0.51123752  0.00021543
   17       0.2000001000  -0.60070244 -0.67052762 -0.43537260  0.00016123
   18       0.2000001000   0.99652690  0.04053926  0.07273721  0.00019137
   19       0.2000001000   0.39362683 -0.73357488 -0.55400886  0.00018696
   20       0.2000001000   0.28278093  0.33859011 -0.89743617  0.00021875
    1       0.3000000000  -0.49018046 -0.38168324 -0.78360770  0.00016661
    2       0.3000000000   0.28708512 -0.95661170  0.04976122  0.00029083
    3       0.3000000000  -0.05066156 -0.81000755  0.58422699  0.00019768
    4       0.3000000000  -0.13306822  0.96157702 -0.24013016  0.00014715
    5       0.3000000000  -0.89255943  0.37698850 -0.24742139  0.00079313
    6       0.3000000000  -0.33548949 -0.85427518 -0.39706513  0.00028637
    7       0.3000000000  -0.42291651 -0.28249980 -0.86100842  0.00014794
    8       0.3000000000  -0.70601587  0.09570465 -0.70169952  0.00019216
    9       0.3000000000   0.87043790  0.26960397  0.41188780  0.00017058
   10       0.3000000000   0.04280061 -0.93654756 -0.34791777  0.00015155
   11       0.3000000000  -0.50392082 -0.78265051 -0.36540662  0.00014669
   12       0.3000000000   0.37695007  0.89730035  0.22969703  0.00020727
   13       0.3000000000  -0.04122747  0.38637844 -0.92141847  0.00045192
   14       0.3000000000  -0.42447553 -0.72061054 -0.54821617  0.00015033
   15       0.3000000000   0.47091205 -0.86196692 -0.18776280  0.00051291
   16       0.3000000000   0.02234628  0.85911873  0.51128822  0.00021543
   17       0.3000000000  -0.60051508 -0.67031677 -0.43595537  0.00016121
   18       0.3000000000   0.99652021  0.04053886  0.07282893  0.00019137
   19       0.3000000000   0.39230078 -0.73125430 -0.55800292  0.00018696
   20       0.3000000000   0.28834151  0.34521473 -0.89313267  0.00022407
    1       0.4000000000  -0.47802081 -0.37214922 -0.79561364  0.00016426
    2       0.4000000000   0.28708426 -0.95661064  0.04978653  0.00029088
    3       0.4000000000  -0.05044215 -0.80647911  0.58910699  0.00019769
    4       0.4000000000  -0.13294976  0.96073615 -0.24353731  0.00014748
    5       0.4000000000  -0.89233673  0.37688105 -0.24838649  0.00079423
    6       0.4000000000  -0.33479534 -0.85227893 -0.40191131  0.00028606
    7       0.4000000000  -0.42232413 -0.28209540 -0.86143167  0.00014792
    8       0.4000000000  -0.70595846  0.09569580 -0.70175848  0.00019216
    9       0.4000000000   0.86660964  0.26859792  0.42052692  0.00017063
   10       0.4000000000   0.04279902 -0.93652392 -0.34798158  0.00015154
   11       0.4000000000  -0.50315153 -0.78147195 -0.36897173  0.00014675
   12       0.4000000000   0.37693963  0.89727651  0.22980729  0.00020730
   13       0.4000000000  -0.04089835  0.38423380 -0.92232951  0.00045062
   14       0.4000000000  -0.42040083 -0.71351024 -0.56050537  0.00015032
   15       0.4000000000   0.47081787 -0.86175831 -0.18895272  0.00051280
   16       0.4000000000   0.02234535  0.85909148  0.51133405  0.00021543
   17       0.4000000000  -0.60032222 -0.67011214 -0.43653517  0.00016119
   18       0.4000000000   0.99651378  0.04053877  0.07291704  0.00019136
   19       0.4000000000   0.39099427 -0.72882807 -0.56207929  0.00018695
   20       0.4000000000   0.29350961  0.35181626 -0.88886300  0.00022935
    1       0.5000000000  -0.46532541 -0.36278610 -0.80737755  0.00016157
    2       0.5000000000   0.28708394 -0.95660986  0.04980337  0.00029092
    3       0.5000000000  -0.05023074 -0.80290235  0.59399048  0.00019770
    4       0.5000000000  -0.13284103  0.95988016 -0.24694807  0.00014782
    5       0.5000000000  -0.89211830  0.37678210 -0.24931950  0.00079536
    6       0.5000000000  -0.33404447 -0.85034311 -0.40660900  0.00028577
    7       0.5000000000  -0.42173166 -0.28169397 -0.86185319  0.00014789
    8       0.5000000000  -0.70590119  0.09568678 -0.70181732  0.00019217
    9       0.5000000000   0.86275343  0.26735720  0.42915807  0.00017068
   10       0.5000000000   0.04279754 -0.93649870 -0.34804963  0.00015154
   11       0.5000000000  -0.50234863 -0.78026163 -0.37260924  0.00014681
   12       0.5000000000   0.37692849  0.89725472  0.22991061  0.00020732
   13       0.5000000000  -0.04065401  0.38215599 -0.92320315  0.00044928
   14       0.5000000000  -0.41608788 -0.70582375 -0.57330943  0.00015034
   15       0.5000000000   0.47070553 -0.86158729 -0.19000958  0.00051270
   16       0.5000000000   0.02234476  0.85906142  0.51138458  0.00021543
   17       0.5000000000  -0.60013523 -0.66991227 -0.43709870  0.00016116
   18       0.5000000000   0.99650713  0.04053820  0.07300806  0.00019136
   19       0.5000000000   0.38976035 -0.72636487 -0.56611037  0.00018695
   20       0.5000000000   0.29866424  0.35814068 -0.88461004  0.00023467
    1       0.6000000001  -0.45284387 -0.35238101 -0.81899943  0.00015884
    2       0.6000000001   0.28708386 -0.95660843  0.04983138  0.00029096
    3       0.6000000001  -0.05003175 -0.79927485  0.59887940  0.00019769
    4       0.6000000001  -0.13274483  0.95901332 -0.25034431  0.00014815
    5       0.6000000001  -0.89188793  0.37669976 -0.25026630  0.00079647
    6       0.6000000001  -0.33315917 -0.84833716 -0.41149610  0.00028546
    7       0.6000000001  -0.42113736 -0.28129472 -0.86227409  0.00014787
    8       0.6000000001  -0.70584363  0.09567953 -0.70187620  0.00019217
    9       0.6000000001   0.85867756  0.26593661  0.43812163  0.00017075
   10       0.6000000001   0.04279759 -0.93647475 -0.34811408  0.00015153
   11       0.6000000001  -0.50151609 -0.77902457 -0.37630086  0.00014687
   12       0.6000000001   0.37691984  0.89723278  0.23001041  0.00020735
   13       0.6000000001  -0.04052438  0.38003037 -0.92408587  0.00044796
   14       0.6000000001  -0.41119976 -0.69821309 -0.58601471  0.00015036
   15       0.6000000001   0.47061973 -0.86138457 -0.19113784  0.00051259
   16       0.6000000001   0.02234376  0.85903399  0.51143069  0.00021544
   17       0.6000000001  -0.59995868 -0.66970369 -0.43766034  0.00016114
   18       0.6000000001   0.99650021  0.04053821  0.07310249  0.00019136
   19       0.6000000001   0.38849262 -0.72394126 -0.57007240  0.00018696
   20       0.6000000001   0.30393153  0.36419323 -0.88033455  0.00023991
    1       0.7000000001  -0.43936061 -0.34253679 -0.83044013  0.00015600
    2       0.7000000001   0.28708340 -0.95660754  0.04985116  0.00029101
    3       0.7000000001  -0.04984544 -0.79560293  0.60376436  0.00019769
    4       0.7000000001  -0.13264638  0.95814052 -0.25371578  0.00014849
    5       0.7000000001  -0.89164901  0.37660663 -0.25125584  0.00079755
    6       0.7000000001  -0.33233883 -0.84619223 -0.41654486  0.00028516
    7       0.7000000001  -0.42053933 -0.28090064 -0.86269433  0.00014785
    8       0.7000000001  -0.70578594  0.09567307 -0.70193509  0.00019218
    9       0.7000000001   0.85431738  0.26461093  0.44735094  0.00017082
   10       0.7000000001   0.04279551 -0.93645070 -0.34817902  0.00015153
   11       0.7000000001  -0.50066196 -0.77775537 -0.38004499  0.00014693
   12       0.7000000001   0.37691129  0.89720923  0.23011623  0.00020737
   13       0.7000000001  -0.04026657  0.37782811 -0.92499974  0.00044666
   14       0.7000000001  -0.40665728 -0.69017708 -0.59856951  0.00015038
   15       0.7000000001   0.47049503 -0.86119797 -0.19228228  0.00051248
   16       0.7000000001   0.02234314  0.85900406  0.51148099  0.00021544
   17       0.7000000001  -0.59977176 -0.66948976 -0.43824344  0.00016112
   18       0.7000000001   0.99649295  0.04053922  0.07320091  0.00019135
   19       0.7000000001   0.38709453 -0.72150583 -0.57409683  0.00018694
   20       0.7000000001   0.30916640  0.37021953 -0.87598724  0.00024495
    1       0.8000000000  -0.42622733 -0.33209847 -0.84145164  0.00015286
    2       0.8000000000   0.28708331 -0.95660651  0.04987131  0.00029105
    3       0.8000000000  -0.04965217 -0.79189112  0.60864038  0.00019768
    4       0.8000000000  -0.13252786  0.95725765 -0.25708786  0.00014883
    5       0.8000000000  -0.89140629  0.37650187 -0.25227204  0.00079862
    6       0.8000000000  -0.33155961 -0.84405684 -0.42146918  0.00028485
    7       0.8000000000  -0.41993933 -0.28051032 -0.86311351  0.00014782
    8       0.8000000000  -0.70572825  0.09566554 -0.70199412  0.00019218
    9       0.8000000000   0.84985422  0.26343699  0.45645235  0.00017089
   10       0.8000000000   0.04279481 -0.93642537 -0.34824723  0.00015152
   11       0.8000000000  -0.49981042 -0.77644108 -0.38383433  0.00014698
   12       0.8000000000   0.37690095  0.89718498  0.23022770  0.00020740
   13       0.8000000000  -0.03994135  0.37572046 -0.92587193  0.00044533
   14       0.8000000000  -0.40174422 -0.68162439 -0.61154703  0.00015043
   15       0.8000000000   0.47040652 -0.86100467 -0.19336144  0.00051237
   16       0.8000000000   0.02234199  0.85897663  0.51152711  0.00021544
   17       0.8000000000  -0.59957718 -0.66927896 -0.43883128  0.00016110
   18       0.8000000000   0.99648539  0.04053960  0.07330346  0.00019135
   19       0.8000000000   0.38570635 -0.71895722 -0.57821374  0.00018691
   20       0.8000000000   0.31402568  0.37638191 -0.87162178  0.00024991
