run-time error...
allocation failure in dvector()
...now exiting to system...
sion Oct 8th 2013
Author: Miroslav Broz, Charles University
        e-mail: miroslav.broz@email.cz
        http://sirrah.troja.mff.cuni.cz/yarko-site/
---------------------------------------------------
 
************* SWIFT: Version 2.0 *************
  
 Authors:
    Martin Duncan: Queen's University 
    Hal Levison: Southwest Research Institute 
  
  Please address any comments or questions to:
    Hal Levison 
    Geophysical, Astrophysical, & Planetary Sciences
    Southwest Research Institute
    1050 Walnut St.
    Suite 429 
    Boulder, Co  80302 
    (303) 546-0290 
    Fax: (303) 546-9687 
    (D)  swri::levison 
    (I)  hal@gort.space.swri.edu 
  
 Enter name of parameter data file : 
 Parameter data file is param.in                                                                        
 t0,tstop,dt :    0.0000000000000000        1461000000000.0000        36.524999999999999     
 dtout,dtdump :    365250.00000000000        365250.00000000000     
 F T F F T F  =           18
 rmin,rmax,rmaxu,qmin,lclose :   4.6800000000000001E-003   100.00000000000000       -1.0000000000000000        4.6800000000000001E-003 F
 outfile : bin.dat                                                                         
  
  
 Enter name of planet data file : 
 Planet data file is pl.in                                                                           

Number of bodies (incl. the Sun) is   5
For each, list mass 
Followed by x,y,z,vx,vy,vz : 

   2.9591397914149967E-004
   0.0000000000000000        0.0000000000000000        0.0000000000000000     
   0.0000000000000000        0.0000000000000000        0.0000000000000000     
   2.8253459095242259E-007
  -1.0117807864719748        4.9957096534412768       -2.6730007275313269E-002
  -7.6191779746260539E-003  -1.1119753779780981E-003  -3.0555328926781838E-006
   8.4597151856806587E-008
   9.4396098087496654       -1.9527281373200149       -8.8473283022723351E-002
   1.1374740238288945E-003   5.3924731585757151E-003   7.8001363553662720E-005
   1.2920249167819691E-008
   19.717640886353891       -3.4998431340212752       0.32325632372444663     
   6.3161409902092824E-004   3.7076472784933127E-003   2.4887768090075613E-005
   1.5243589007842760E-008
  -14.072682437790897        26.531450331622118      -0.31176011256186426     
  -2.7966246555578924E-003  -1.4468996362679942E-003   2.1549141558755454E-005
 Enter name of test particle data file : 
 Test particle file called tp.in                                                                           
  
 ntp :           20
 Warning:  The size of istat and rstat arrays is 
           not NSTAT=          53 , but is            1
  
  
 Enter name of filter parameters file : 
 Filter parameters file called filter.in                                                                       
  
 Enter name of proper parameters file : 
 Proper parameters file called proper.in                                                                       
  
 Enter name of spin axes data file : 
 Spin axes data file called spin.in                                                                         
  
 Enter name of Yarkovsky data file : 
 Yarkovsky data file called yarko.in                                                                        
  
 Enter name of YORP data file : 
 YORP data file called yorp.in                                                                         
  
 Enter name of collision data file : 
 Collisional data file called collision.in                                                                    
  
  ************** MAIN LOOP ****************** 
 Time =  3.65250E+05: fraction done = 0.000: Number of active tp =  20
 Time =  7.30500E+05: fraction done = 0.000: Number of active tp =  20
 Time =  1.09575E+06: fraction done = 0.000: Number of active tp =  20
 Time =  1.46104E+06: fraction done = 0.000: Number of active tp =  20
 Time =  1.82629E+06: fraction done = 0.000: Number of active tp =  20
 Time =  2.19154E+06: fraction done = 0.000: Number of active tp =  20
 Time =  2.55679E+06: fraction done = 0.000: Number of active tp =  20
 Time =  2.92204E+06: fraction done = 0.000: Number of active tp =  20
 Time =  3.28729E+06: fraction done = 0.000: Number of active tp =  20
 Time =  3.65254E+06: fraction done = 0.000: Number of active tp =  20
 Time =  4.01779E+06: fraction done = 0.000: Number of active tp =  20
 Time =  4.38304E+06: fraction done = 0.000: Number of active tp =  20
 Time =  4.74829E+06: fraction done = 0.000: Number of active tp =  20
 Time =  5.11350E+06: fraction done = 0.000: Number of active tp =  20
 Time =  5.47875E+06: fraction done = 0.000: Number of active tp =  20
 Time =  5.84400E+06: fraction done = 0.000: Number of active tp =  20
 Time =  6.20925E+06: fraction done = 0.000: Number of active tp =  20
 Time =  6.57450E+06: fraction done = 0.000: Number of active tp =  20
 Time =  6.93975E+06: fraction done = 0.000: Number of active tp =  20
 Time =  7.30500E+06: fraction done = 0.000: Number of active tp =  20
 Time =  7.67025E+06: fraction done = 0.000: Number of active tp =  20
 Time =  8.03550E+06: fraction done = 0.000: Number of active tp =  20
 Time =  8.40075E+06: fraction done = 0.000: Number of active tp =  20
 Time =  8.76600E+06: fraction done = 0.000: Number of active tp =  20
 Time =  9.13125E+06: fraction done = 0.000: Number of active tp =  20
 Time =  9.49650E+06: fraction done = 0.000: Number of active tp =  20
 Time =  9.86175E+06: fraction done = 0.000: Number of active tp =  20
 Time =  1.02270E+07: fraction done = 0.000: Number of active tp =  20
 Time =  1.05923E+07: fraction done = 0.000: Number of active tp =  20
 Time =  1.09575E+07: fraction done = 0.000: Number of active tp =  20
 Time =  1.13228E+07: fraction done = 0.000: Number of active tp =  20
 Time =  1.16880E+07: fraction done = 0.000: Number of active tp =  20
 Time =  1.20533E+07: fraction done = 0.000: Number of active tp =  20
 Time =  1.24185E+07: fraction done = 0.000: Number of active tp =  20
 Time =  1.27838E+07: fraction done = 0.000: Number of active tp =  20
 Time =  1.31490E+07: fraction done = 0.000: Number of active tp =  20
 Time =  1.35143E+07: fraction done = 0.000: Number of active tp =  20
 Time =  1.38795E+07: fraction done = 0.000: Number of active tp =  20
 Time =  1.42448E+07: fraction done = 0.000: Number of active tp =  20
 Time =  1.46100E+07: fraction done = 0.000: Number of active tp =  20
 Time =  1.49753E+07: fraction done = 0.000: Number of active tp =  20
 Time =  1.53405E+07: fraction done = 0.000: Number of active tp =  20
 Time =  1.57058E+07: fraction done = 0.000: Number of active tp =  20
 Time =  1.60710E+07: fraction done = 0.000: Number of active tp =  20
 Time =  1.64363E+07: fraction done = 0.000: Number of active tp =  20
 Time =  1.68015E+07: fraction done = 0.000: Number of active tp =  20
 Time =  1.71668E+07: fraction done = 0.000: Number of active tp =  20
 Time =  1.75320E+07: fraction done = 0.000: Number of active tp =  20
 Time =  1.78973E+07: fraction done = 0.000: Number of active tp =  20
 Time =  1.82625E+07: fraction done = 0.000: Number of active tp =  20
 Time =  1.86278E+07: fraction done = 0.000: Number of active tp =  20
 Time =  1.89930E+07: fraction done = 0.000: Number of active tp =  20
 Time =  1.93583E+07: fraction done = 0.000: Number of active tp =  20
 Time =  1.97235E+07: fraction done = 0.000: Number of active tp =  20
 Time =  2.00888E+07: fraction done = 0.000: Number of active tp =  20
 Time =  2.04540E+07: fraction done = 0.000: Number of active tp =  20
 Time =  2.08193E+07: fraction done = 0.000: Number of active tp =  20
 Time =  2.11845E+07: fraction done = 0.000: Number of active tp =  20
 Time =  2.15498E+07: fraction done = 0.000: Number of active tp =  20
 Time =  2.19150E+07: fraction done = 0.000: Number of active tp =  20
 Time =  2.22803E+07: fraction done = 0.000: Number of active tp =  20
 Time =  2.26455E+07: fraction done = 0.000: Number of active tp =  20
 Time =  2.30108E+07: fraction done = 0.000: Number of active tp =  20
 Time =  2.33760E+07: fraction done = 0.000: Number of active tp =  20
 Time =  2.37413E+07: fraction done = 0.000: Number of active tp =  20
 Time =  2.41065E+07: fraction done = 0.000: Number of active tp =  20
 Time =  2.44718E+07: fraction done = 0.000: Number of active tp =  20
 Time =  2.48370E+07: fraction done = 0.000: Number of active tp =  20
 Time =  2.52023E+07: fraction done = 0.000: Number of active tp =  20
 Time =  2.55675E+07: fraction done = 0.000: Number of active tp =  20
 Time =  2.59328E+07: fraction done = 0.000: Number of active tp =  20
 Time =  2.62980E+07: fraction done = 0.000: Number of active tp =  20
 Time =  2.66633E+07: fraction done = 0.000: Number of active tp =  20
 Time =  2.70285E+07: fraction done = 0.000: Number of active tp =  20
 Time =  2.73938E+07: fraction done = 0.000: Number of active tp =  20
 Time =  2.77590E+07: fraction done = 0.000: Number of active tp =  20
 Time =  2.81243E+07: fraction done = 0.000: Number of active tp =  20
 Time =  2.84895E+07: fraction done = 0.000: Number of active tp =  20
 Time =  2.88548E+07: fraction done = 0.000: Number of active tp =  20
 Time =  2.92200E+07: fraction done = 0.000: Number of active tp =  20
 Time =  2.95853E+07: fraction done = 0.000: Number of active tp =  20
 Time =  2.99505E+07: fraction done = 0.000: Number of active tp =  20
 Time =  3.03158E+07: fraction done = 0.000: Number of active tp =  20
 Time =  3.06810E+07: fraction done = 0.000: Number of active tp =  20
 Time =  3.10463E+07: fraction done = 0.000: Number of active tp =  20
 Time =  3.14115E+07: fraction done = 0.000: Number of active tp =  20
 Time =  3.17768E+07: fraction done = 0.000: Number of active tp =  20
 Time =  3.21420E+07: fraction done = 0.000: Number of active tp =  20
 Time =  3.25073E+07: fraction done = 0.000: Number of active tp =  20
 Time =  3.28725E+07: fraction done = 0.000: Number of active tp =  20
 Time =  3.32378E+07: fraction done = 0.000: Number of active tp =  20
 Time =  3.36030E+07: fraction done = 0.000: Number of active tp =  20
 Time =  3.39683E+07: fraction done = 0.000: Number of active tp =  20
 Time =  3.43335E+07: fraction done = 0.000: Number of active tp =  20
 Time =  3.46988E+07: fraction done = 0.000: Number of active tp =  20
 Time =  3.50640E+07: fraction done = 0.000: Number of active tp =  20
 Time =  3.54293E+07: fraction done = 0.000: Number of active tp =  20
 Time =  3.57945E+07: fraction done = 0.000: Number of active tp =  20
 Time =  3.61598E+07: fraction done = 0.000: Number of active tp =  20
 Time =  3.65250E+07: fraction done = 0.000: Number of active tp =  20
 Time =  3.68903E+07: fraction done = 0.000: Number of active tp =  20
 Time =  3.72555E+07: fraction done = 0.000: Number of active tp =  20
 Time =  3.76208E+07: fraction done = 0.000: Number of active tp =  20
 Time =  3.79860E+07: fraction done = 0.000: Number of active tp =  20
 Time =  3.83513E+07: fraction done = 0.000: Number of active tp =  20
 Time =  3.87165E+07: fraction done = 0.000: Number of active tp =  20
 Time =  3.90818E+07: fraction done = 0.000: Number of active tp =  20
 Time =  3.94470E+07: fraction done = 0.000: Number of active tp =  20
 Time =  3.98123E+07: fraction done = 0.000: Number of active tp =  20
 Time =  4.01775E+07: fraction done = 0.000: Number of active tp =  20
 Time =  4.05428E+07: fraction done = 0.000: Number of active tp =  20
 Time =  4.09080E+07: fraction done = 0.000: Number of active tp =  20
 Time =  4.12733E+07: fraction done = 0.000: Number of active tp =  20
 Time =  4.16385E+07: fraction done = 0.000: Number of active tp =  20
 Time =  4.20038E+07: fraction done = 0.000: Number of active tp =  20
 Time =  4.23690E+07: fraction done = 0.000: Number of active tp =  20
 Time =  4.27343E+07: fraction done = 0.000: Number of active tp =  20
 Time =  4.30995E+07: fraction done = 0.000: Number of active tp =  20
 Time =  4.34648E+07: fraction done = 0.000: Number of active tp =  20
 Time =  4.38300E+07: fraction done = 0.000: Number of active tp =  20
 Time =  4.41953E+07: fraction done = 0.000: Number of active tp =  20
 Time =  4.45605E+07: fraction done = 0.000: Number of active tp =  20
 Time =  4.49258E+07: fraction done = 0.000: Number of active tp =  20
 Time =  4.52910E+07: fraction done = 0.000: Number of active tp =  20
 Time =  4.56563E+07: fraction done = 0.000: Number of active tp =  20
 Time =  4.60215E+07: fraction done = 0.000: Number of active tp =  20
 Time =  4.63868E+07: fraction done = 0.000: Number of active tp =  20
 Time =  4.67520E+07: fraction done = 0.000: Number of active tp =  20
 Time =  4.71173E+07: fraction done = 0.000: Number of active tp =  20
 Time =  4.74825E+07: fraction done = 0.000: Number of active tp =  20
 Time =  4.78478E+07: fraction done = 0.000: Number of active tp =  20
 Time =  4.82130E+07: fraction done = 0.000: Number of active tp =  20
 Time =  4.85783E+07: fraction done = 0.000: Number of active tp =  20
 Time =  4.89435E+07: fraction done = 0.000: Number of active tp =  20
 Time =  4.93088E+07: fraction done = 0.000: Number of active tp =  20
 Time =  4.96740E+07: fraction done = 0.000: Number of active tp =  20
 Time =  5.00393E+07: fraction done = 0.000: Number of active tp =  20
 Time =  5.04045E+07: fraction done = 0.000: Number of active tp =  20
 Time =  5.07698E+07: fraction done = 0.000: Number of active tp =  20
 Time =  5.11350E+07: fraction done = 0.000: Number of active tp =  20
 Time =  5.15003E+07: fraction done = 0.000: Number of active tp =  20
 Time =  5.18655E+07: fraction done = 0.000: Number of active tp =  20
 Time =  5.22308E+07: fraction done = 0.000: Number of active tp =  20
 Time =  5.25960E+07: fraction done = 0.000: Number of active tp =  20
 Time =  5.29613E+07: fraction done = 0.000: Number of active tp =  20
 Time =  5.33265E+07: fraction done = 0.000: Number of active tp =  20
 Time =  5.36918E+07: fraction done = 0.000: Number of active tp =  20
 Time =  5.40570E+07: fraction done = 0.000: Number of active tp =  20
 Time =  5.44223E+07: fraction done = 0.000: Number of active tp =  20
 Time =  5.47875E+07: fraction done = 0.000: Number of active tp =  20
 Time =  5.51528E+07: fraction done = 0.000: Number of active tp =  20
 Time =  5.55180E+07: fraction done = 0.000: Number of active tp =  20
 Time =  5.58833E+07: fraction done = 0.000: Number of active tp =  20
 Time =  5.62485E+07: fraction done = 0.000: Number of active tp =  20
 Time =  5.66138E+07: fraction done = 0.000: Number of active tp =  20
 Time =  5.69790E+07: fraction done = 0.000: Number of active tp =  20
 Time =  5.73443E+07: fraction done = 0.000: Number of active tp =  20
 Time =  5.77095E+07: fraction done = 0.000: Number of active tp =  20
 Time =  5.80748E+07: fraction done = 0.000: Number of active tp =  20
 Time =  5.84400E+07: fraction done = 0.000: Number of active tp =  20
 Time =  5.88053E+07: fraction done = 0.000: Number of active tp =  20
 Time =  5.91705E+07: fraction done = 0.000: Number of active tp =  20
 Time =  5.95358E+07: fraction done = 0.000: Number of active tp =  20
 Time =  5.99010E+07: fraction done = 0.000: Number of active tp =  20
 Time =  6.02663E+07: fraction done = 0.000: Number of active tp =  20
 Time =  6.06315E+07: fraction done = 0.000: Number of active tp =  20
 Time =  6.09968E+07: fraction done = 0.000: Number of active tp =  20
 Time =  6.13620E+07: fraction done = 0.000: Number of active tp =  20
 Time =  6.17273E+07: fraction done = 0.000: Number of active tp =  20
 Time =  6.20925E+07: fraction done = 0.000: Number of active tp =  20
 Time =  6.24578E+07: fraction done = 0.000: Number of active tp =  20
 Time =  6.28230E+07: fraction done = 0.000: Number of active tp =  20
 Time =  6.31883E+07: fraction done = 0.000: Number of active tp =  20
 Time =  6.35535E+07: fraction done = 0.000: Number of active tp =  20
 Time =  6.39188E+07: fraction done = 0.000: Number of active tp =  20
 Time =  6.42840E+07: fraction done = 0.000: Number of active tp =  20
 Time =  6.46493E+07: fraction done = 0.000: Number of active tp =  20
 Time =  6.50145E+07: fraction done = 0.000: Number of active tp =  20
 Time =  6.53798E+07: fraction done = 0.000: Number of active tp =  20
 Time =  6.57450E+07: fraction done = 0.000: Number of active tp =  20
 Time =  6.61103E+07: fraction done = 0.000: Number of active tp =  20
 Time =  6.64755E+07: fraction done = 0.000: Number of active tp =  20
 Time =  6.68408E+07: fraction done = 0.000: Number of active tp =  20
 Time =  6.72060E+07: fraction done = 0.000: Number of active tp =  20
 Time =  6.75713E+07: fraction done = 0.000: Number of active tp =  20
 Time =  6.79365E+07: fraction done = 0.000: Number of active tp =  20
 Time =  6.83018E+07: fraction done = 0.000: Number of active tp =  20
 Time =  6.86670E+07: fraction done = 0.000: Number of active tp =  20
 Time =  6.90323E+07: fraction done = 0.000: Number of active tp =  20
 Time =  6.93975E+07: fraction done = 0.000: Number of active tp =  20
 Time =  6.97628E+07: fraction done = 0.000: Number of active tp =  20
 Time =  7.01280E+07: fraction done = 0.000: Number of active tp =  20
 Time =  7.04933E+07: fraction done = 0.000: Number of active tp =  20
 Time =  7.08585E+07: fraction done = 0.000: Number of active tp =  20
 Time =  7.12238E+07: fraction done = 0.000: Number of active tp =  20
 Time =  7.15890E+07: fraction done = 0.000: Number of active tp =  20
 Time =  7.19543E+07: fraction done = 0.000: Number of active tp =  20
 Time =  7.23195E+07: fraction done = 0.000: Number of active tp =  20
 Time =  7.26848E+07: fraction done = 0.000: Number of active tp =  20
 Time =  7.30500E+07: fraction done = 0.000: Number of active tp =  20
 Time =  7.34153E+07: fraction done = 0.000: Number of active tp =  20
 Time =  7.37805E+07: fraction done = 0.000: Number of active tp =  20
 Time =  7.41458E+07: fraction done = 0.000: Number of active tp =  20
 Time =  7.45110E+07: fraction done = 0.000: Number of active tp =  20
 Time =  7.48763E+07: fraction done = 0.000: Number of active tp =  20
 Time =  7.52415E+07: fraction done = 0.000: Number of active tp =  20
 Time =  7.56068E+07: fraction done = 0.000: Number of active tp =  20
 Time =  7.59720E+07: fraction done = 0.000: Number of active tp =  20
 Time =  7.63373E+07: fraction done = 0.000: Number of active tp =  20
 Time =  7.67025E+07: fraction done = 0.000: Number of active tp =  20
 Time =  7.70678E+07: fraction done = 0.000: Number of active tp =  20
 Time =  7.74330E+07: fraction done = 0.000: Number of active tp =  20
 Time =  7.77983E+07: fraction done = 0.000: Number of active tp =  20
 Time =  7.81635E+07: fraction done = 0.000: Number of active tp =  20
 Time =  7.85288E+07: fraction done = 0.000: Number of active tp =  20
 Time =  7.88940E+07: fraction done = 0.000: Number of active tp =  20
 Time =  7.92593E+07: fraction done = 0.000: Number of active tp =  20
 Time =  7.96245E+07: fraction done = 0.000: Number of active tp =  20
 Time =  7.99898E+07: fraction done = 0.000: Number of active tp =  20
 Time =  8.03550E+07: fraction done = 0.000: Number of active tp =  20
 Time =  8.07203E+07: fraction done = 0.000: Number of active tp =  20
 Time =  8.10855E+07: fraction done = 0.000: Number of active tp =  20
 Time =  8.14508E+07: fraction done = 0.000: Number of active tp =  20
 Time =  8.18160E+07: fraction done = 0.000: Number of active tp =  20
 Time =  8.21813E+07: fraction done = 0.000: Number of active tp =  20
 Time =  8.25465E+07: fraction done = 0.000: Number of active tp =  20
 Time =  8.29118E+07: fraction done = 0.000: Number of active tp =  20
 Time =  8.32770E+07: fraction done = 0.000: Number of active tp =  20
 Time =  8.36423E+07: fraction done = 0.000: Number of active tp =  20
 Time =  8.40075E+07: fraction done = 0.000: Number of active tp =  20
 Time =  8.43728E+07: fraction done = 0.000: Number of active tp =  20
 Time =  8.47380E+07: fraction done = 0.000: Number of active tp =  20
 Time =  8.51033E+07: fraction done = 0.000: Number of active tp =  20
 Time =  8.54685E+07: fraction done = 0.000: Number of active tp =  20
 Time =  8.58338E+07: fraction done = 0.000: Number of active tp =  20
 Time =  8.61990E+07: fraction done = 0.000: Number of active tp =  20
 Time =  8.65643E+07: fraction done = 0.000: Number of active tp =  20
 Time =  8.69295E+07: fraction done = 0.000: Number of active tp =  20
 Time =  8.72948E+07: fraction done = 0.000: Number of active tp =  20
 Time =  8.76600E+07: fraction done = 0.000: Number of active tp =  20
 Time =  8.80253E+07: fraction done = 0.000: Number of active tp =  20
 Time =  8.83905E+07: fraction done = 0.000: Number of active tp =  20
 Time =  8.87558E+07: fraction done = 0.000: Number of active tp =  20
 Time =  8.91210E+07: fraction done = 0.000: Number of active tp =  20
 Time =  8.94863E+07: fraction done = 0.000: Number of active tp =  20
 Time =  8.98515E+07: fraction done = 0.000: Number of active tp =  20
 Time =  9.02168E+07: fraction done = 0.000: Number of active tp =  20
 Time =  9.05820E+07: fraction done = 0.000: Number of active tp =  20
 Time =  9.09473E+07: fraction done = 0.000: Number of active tp =  20
 Time =  9.13125E+07: fraction done = 0.000: Number of active tp =  20
 Time =  9.16778E+07: fraction done = 0.000: Number of active tp =  20
 Time =  9.20430E+07: fraction done = 0.000: Number of active tp =  20
 Time =  9.24083E+07: fraction done = 0.000: Number of active tp =  20
 Time =  9.27735E+07: fraction done = 0.000: Number of active tp =  20
 Time =  9.31388E+07: fraction done = 0.000: Number of active tp =  20
 Time =  9.35040E+07: fraction done = 0.000: Number of active tp =  20
 Time =  9.38693E+07: fraction done = 0.000: Number of active tp =  20
 Time =  9.42345E+07: fraction done = 0.000: Number of active tp =  20
 Time =  9.45998E+07: fraction done = 0.000: Number of active tp =  20
 Time =  9.49650E+07: fraction done = 0.000: Number of active tp =  20
 Time =  9.53303E+07: fraction done = 0.000: Number of active tp =  20
 Time =  9.56955E+07: fraction done = 0.000: Number of active tp =  20
 Time =  9.60608E+07: fraction done = 0.000: Number of active tp =  20
 Time =  9.64260E+07: fraction done = 0.000: Number of active tp =  20
 Time =  9.67913E+07: fraction done = 0.000: Number of active tp =  20
 Time =  9.71565E+07: fraction done = 0.000: Number of active tp =  20
 Time =  9.75218E+07: fraction done = 0.000: Number of active tp =  20
 Time =  9.78870E+07: fraction done = 0.000: Number of active tp =  20
 Time =  9.82523E+07: fraction done = 0.000: Number of active tp =  20
 Time =  9.86175E+07: fraction done = 0.000: Number of active tp =  20
 Time =  9.89828E+07: fraction done = 0.000: Number of active tp =  20
 Time =  9.93480E+07: fraction done = 0.000: Number of active tp =  20
 Time =  9.97133E+07: fraction done = 0.000: Number of active tp =  20
 Time =  1.00079E+08: fraction done = 0.000: Number of active tp =  20
 Time =  1.00444E+08: fraction done = 0.000: Number of active tp =  20
 Time =  1.00809E+08: fraction done = 0.000: Number of active tp =  20
 Time =  1.01174E+08: fraction done = 0.000: Number of active tp =  20
 Time =  1.01540E+08: fraction done = 0.000: Number of active tp =  20
 Time =  1.01905E+08: fraction done = 0.000: Number of active tp =  20
 Time =  1.02270E+08: fraction done = 0.000: Number of active tp =  20
 Time =  1.02635E+08: fraction done = 0.000: Number of active tp =  20
 Time =  1.03001E+08: fraction done = 0.000: Number of active tp =  20
 Time =  1.03366E+08: fraction done = 0.000: Number of active tp =  20
 Time =  1.03731E+08: fraction done = 0.000: Number of active tp =  20
 Time =  1.04096E+08: fraction done = 0.000: Number of active tp =  20
 Time =  1.04462E+08: fraction done = 0.000: Number of active tp =  20
 Time =  1.04827E+08: fraction done = 0.000: Number of active tp =  20
 Time =  1.05192E+08: fraction done = 0.000: Number of active tp =  20
 Time =  1.05557E+08: fraction done = 0.000: Number of active tp =  20
 Time =  1.05923E+08: fraction done = 0.000: Number of active tp =  20
 Time =  1.06288E+08: fraction done = 0.000: Number of active tp =  20
 Time =  1.06653E+08: fraction done = 0.000: Number of active tp =  20
 Time =  1.07018E+08: fraction done = 0.000: Number of active tp =  20
 Time =  1.07384E+08: fraction done = 0.000: Number of active tp =  20
 Time =  1.07749E+08: fraction done = 0.000: Number of active tp =  20
 Time =  1.08114E+08: fraction done = 0.000: Number of active tp =  20
 Time =  1.08479E+08: fraction done = 0.000: Number of active tp =  20
 Time =  1.08845E+08: fraction done = 0.000: Number of active tp =  20
 Time =  1.09210E+08: fraction done = 0.000: Number of active tp =  20
 Time =  1.09575E+08: fraction done = 0.000: Number of active tp =  20
 Time =  1.09940E+08: fraction done = 0.000: Number of active tp =  20
 Time =  1.10306E+08: fraction done = 0.000: Number of active tp =  20
 Time =  1.10671E+08: fraction done = 0.000: Number of active tp =  20
 Time =  1.11036E+08: fraction done = 0.000: Number of active tp =  20
 Time =  1.11401E+08: fraction done = 0.000: Number of active tp =  20
 Time =  1.11767E+08: fraction done = 0.000: Number of active tp =  20
 Time =  1.12132E+08: fraction done = 0.000: Number of active tp =  20
 Time =  1.12497E+08: fraction done = 0.000: Number of active tp =  20
 Time =  1.12862E+08: fraction done = 0.000: Number of active tp =  20
 Time =  1.13228E+08: fraction done = 0.000: Number of active tp =  20
 Time =  1.13593E+08: fraction done = 0.000: Number of active tp =  20
 Time =  1.13958E+08: fraction done = 0.000: Number of active tp =  20
 Time =  1.14323E+08: fraction done = 0.000: Number of active tp =  20
 Time =  1.14689E+08: fraction done = 0.000: Number of active tp =  20
 Time =  1.15054E+08: fraction done = 0.000: Number of active tp =  20
 Time =  1.15419E+08: fraction done = 0.000: Number of active tp =  20
 Time =  1.15784E+08: fraction done = 0.000: Number of active tp =  20
 Time =  1.16150E+08: fraction done = 0.000: Number of active tp =  20
 Time =  1.16515E+08: fraction done = 0.000: Number of active tp =  20
 Time =  1.16880E+08: fraction done = 0.000: Number of active tp =  20
 Time =  1.17245E+08: fraction done = 0.000: Number of active tp =  20
 Time =  1.17611E+08: fraction done = 0.000: Number of active tp =  20
 Time =  1.17976E+08: fraction done = 0.000: Number of active tp =  20
 Time =  1.18341E+08: fraction done = 0.000: Number of active tp =  20
 Time =  1.18706E+08: fraction done = 0.000: Number of active tp =  20
 Time =  1.19072E+08: fraction done = 0.000: Number of active tp =  20
 Time =  1.19437E+08: fraction done = 0.000: Number of active tp =  20
 Time =  1.19802E+08: fraction done = 0.000: Number of active tp =  20
 Time =  1.20167E+08: fraction done = 0.000: Number of active tp =  20
 Time =  1.20533E+08: fraction done = 0.000: Number of active tp =  20
 Time =  1.20898E+08: fraction done = 0.000: Number of active tp =  20
 Time =  1.21263E+08: fraction done = 0.000: Number of active tp =  20
 Time =  1.21628E+08: fraction done = 0.000: Number of active tp =  20
 Time =  1.21994E+08: fraction done = 0.000: Number of active tp =  20
 Time =  1.22359E+08: fraction done = 0.000: Number of active tp =  20
 Time =  1.22724E+08: fraction done = 0.000: Number of active tp =  20
 Time =  1.23089E+08: fraction done = 0.000: Number of active tp =  20
 Time =  1.23455E+08: fraction done = 0.000: Number of active tp =  20
 Time =  1.23820E+08: fraction done = 0.000: Number of active tp =  20
 Time =  1.24185E+08: fraction done = 0.000: Number of active tp =  20
 Time =  1.24550E+08: fraction done = 0.000: Number of active tp =  20
 Time =  1.24916E+08: fraction done = 0.000: Number of active tp =  20
 Time =  1.25281E+08: fraction done = 0.000: Number of active tp =  20
 Time =  1.25646E+08: fraction done = 0.000: Number of active tp =  20
 Time =  1.26011E+08: fraction done = 0.000: Number of active tp =  20
 Time =  1.26377E+08: fraction done = 0.000: Number of active tp =  20
 Time =  1.26742E+08: fraction done = 0.000: Number of active tp =  20
 Time =  1.27107E+08: fraction done = 0.000: Number of active tp =  20
 Time =  1.27472E+08: fraction done = 0.000: Number of active tp =  20
 Time =  1.27838E+08: fraction done = 0.000: Number of active tp =  20
 Time =  1.28203E+08: fraction done = 0.000: Number of active tp =  20
 Time =  1.28568E+08: fraction done = 0.000: Number of active tp =  20
 Time =  1.28933E+08: fraction done = 0.000: Number of active tp =  20
 Time =  1.29299E+08: fraction done = 0.000: Number of active tp =  20
 Time =  1.29664E+08: fraction done = 0.000: Number of active tp =  20
 Time =  1.30029E+08: fraction done = 0.000: Number of active tp =  20
 Time =  1.30394E+08: fraction done = 0.000: Number of active tp =  20
 Time =  1.30760E+08: fraction done = 0.000: Number of active tp =  20
 Time =  1.31125E+08: fraction done = 0.000: Number of active tp =  20
 Time =  1.31490E+08: fraction done = 0.000: Number of active tp =  20
 Time =  1.31855E+08: fraction done = 0.000: Number of active tp =  20
 Time =  1.32221E+08: fraction done = 0.000: Number of active tp =  20
 Time =  1.32586E+08: fraction done = 0.000: Number of active tp =  20
 Time =  1.32951E+08: fraction done = 0.000: Number of active tp =  20
 Time =  1.33316E+08: fraction done = 0.000: Number of active tp =  20
 Time =  1.33682E+08: fraction done = 0.000: Number of active tp =  20
 Time =  1.34047E+08: fraction done = 0.000: Number of active tp =  20
 Time =  1.34412E+08: fraction done = 0.000: Number of active tp =  20
 Time =  1.34777E+08: fraction done = 0.000: Number of active tp =  20
 Time =  1.35143E+08: fraction done = 0.000: Number of active tp =  20
 Time =  1.35508E+08: fraction done = 0.000: Number of active tp =  20
 Time =  1.35873E+08: fraction done = 0.000: Number of active tp =  20
 Time =  1.36238E+08: fraction done = 0.000: Number of active tp =  20
 Time =  1.36604E+08: fraction done = 0.000: Number of active tp =  20
 Time =  1.36969E+08: fraction done = 0.000: Number of active tp =  20
 Time =  1.37334E+08: fraction done = 0.000: Number of active tp =  20
 Time =  1.37699E+08: fraction done = 0.000: Number of active tp =  20
 Time =  1.38065E+08: fraction done = 0.000: Number of active tp =  20
 Time =  1.38430E+08: fraction done = 0.000: Number of active tp =  20
 Time =  1.38795E+08: fraction done = 0.000: Number of active tp =  20
 Time =  1.39160E+08: fraction done = 0.000: Number of active tp =  20
 Time =  1.39526E+08: fraction done = 0.000: Number of active tp =  20
 Time =  1.39891E+08: fraction done = 0.000: Number of active tp =  20
 Time =  1.40256E+08: fraction done = 0.000: Number of active tp =  20
 Time =  1.40621E+08: fraction done = 0.000: Number of active tp =  20
 Time =  1.40987E+08: fraction done = 0.000: Number of active tp =  20
 Time =  1.41352E+08: fraction done = 0.000: Number of active tp =  20
 Time =  1.41717E+08: fraction done = 0.000: Number of active tp =  20
 Time =  1.42082E+08: fraction done = 0.000: Number of active tp =  20
 Time =  1.42448E+08: fraction done = 0.000: Number of active tp =  20
 Time =  1.42813E+08: fraction done = 0.000: Number of active tp =  20
 Time =  1.43178E+08: fraction done = 0.000: Number of active tp =  20
 Time =  1.43543E+08: fraction done = 0.000: Number of active tp =  20
 Time =  1.43909E+08: fraction done = 0.000: Number of active tp =  20
 Time =  1.44274E+08: fraction done = 0.000: Number of active tp =  20
 Time =  1.44639E+08: fraction done = 0.000: Number of active tp =  20
 Time =  1.45004E+08: fraction done = 0.000: Number of active tp =  20
 Time =  1.45370E+08: fraction done = 0.000: Number of active tp =  20
 Time =  1.45735E+08: fraction done = 0.000: Number of active tp =  20
 Time =  1.46100E+08: fraction done = 0.000: Number of active tp =  20
 Time =  1.46465E+08: fraction done = 0.000: Number of active tp =  20
 Time =  1.46831E+08: fraction done = 0.000: Number of active tp =  20
 Time =  1.47196E+08: fraction done = 0.000: Number of active tp =  20
 Time =  1.47561E+08: fraction done = 0.000: Number of active tp =  20
 Time =  1.47926E+08: fraction done = 0.000: Number of active tp =  20
 Time =  1.48292E+08: fraction done = 0.000: Number of active tp =  20
 Time =  1.48657E+08: fraction done = 0.000: Number of active tp =  20
 Time =  1.49022E+08: fraction done = 0.000: Number of active tp =  20
 Time =  1.49387E+08: fraction done = 0.000: Number of active tp =  20
 Time =  1.49753E+08: fraction done = 0.000: Number of active tp =  20
 Time =  1.50118E+08: fraction done = 0.000: Number of active tp =  20
 Time =  1.50483E+08: fraction done = 0.000: Number of active tp =  20
 Time =  1.50848E+08: fraction done = 0.000: Number of active tp =  20
 Time =  1.51214E+08: fraction done = 0.000: Number of active tp =  20
 Time =  1.51579E+08: fraction done = 0.000: Number of active tp =  20
 Time =  1.51944E+08: fraction done = 0.000: Number of active tp =  20
 Time =  1.52309E+08: fraction done = 0.000: Number of active tp =  20
 Time =  1.52675E+08: fraction done = 0.000: Number of active tp =  20
 Time =  1.53040E+08: fraction done = 0.000: Number of active tp =  20
 Time =  1.53405E+08: fraction done = 0.000: Number of active tp =  20
 Time =  1.53770E+08: fraction done = 0.000: Number of active tp =  20
 Time =  1.54136E+08: fraction done = 0.000: Number of active tp =  20
 Time =  1.54501E+08: fraction done = 0.000: Number of active tp =  20
 Time =  1.54866E+08: fraction done = 0.000: Number of active tp =  20
 Time =  1.55231E+08: fraction done = 0.000: Number of active tp =  20
 Time =  1.55597E+08: fraction done = 0.000: Number of active tp =  20
 Time =  1.55962E+08: fraction done = 0.000: Number of active tp =  20
 Time =  1.56327E+08: fraction done = 0.000: Number of active tp =  20
 Time =  1.56692E+08: fraction done = 0.000: Number of active tp =  20
 Time =  1.57058E+08: fraction done = 0.000: Number of active tp =  20
 Time =  1.57423E+08: fraction done = 0.000: Number of active tp =  20
 Time =  1.57788E+08: fraction done = 0.000: Number of active tp =  20
 Time =  1.58153E+08: fraction done = 0.000: Number of active tp =  20
 Time =  1.58519E+08: fraction done = 0.000: Number of active tp =  20
 Time =  1.58884E+08: fraction done = 0.000: Number of active tp =  20
 Time =  1.59249E+08: fraction done = 0.000: Number of active tp =  20
 Time =  1.59614E+08: fraction done = 0.000: Number of active tp =  20
 Time =  1.59980E+08: fraction done = 0.000: Number of active tp =  20
 Time =  1.60345E+08: fraction done = 0.000: Number of active tp =  20
 Time =  1.60710E+08: fraction done = 0.000: Number of active tp =  20
 Time =  1.61075E+08: fraction done = 0.000: Number of active tp =  20
 Time =  1.61441E+08: fraction done = 0.000: Number of active tp =  20
 Time =  1.61806E+08: fraction done = 0.000: Number of active tp =  20
 Time =  1.62171E+08: fraction done = 0.000: Number of active tp =  20
 Time =  1.62536E+08: fraction done = 0.000: Number of active tp =  20
 Time =  1.62902E+08: fraction done = 0.000: Number of active tp =  20
 Time =  1.63267E+08: fraction done = 0.000: Number of active tp =  20
 Time =  1.63632E+08: fraction done = 0.000: Number of active tp =  20
 Time =  1.63997E+08: fraction done = 0.000: Number of active tp =  20
 Time =  1.64363E+08: fraction done = 0.000: Number of active tp =  20
 Time =  1.64728E+08: fraction done = 0.000: Number of active tp =  20
 Time =  1.65093E+08: fraction done = 0.000: Number of active tp =  20
 Time =  1.65458E+08: fraction done = 0.000: Number of active tp =  20
 Time =  1.65824E+08: fraction done = 0.000: Number of active tp =  20
 Time =  1.66189E+08: fraction done = 0.000: Number of active tp =  20
 Time =  1.66554E+08: fraction done = 0.000: Number of active tp =  20
 Time =  1.66919E+08: fraction done = 0.000: Number of active tp =  20
 Time =  1.67285E+08: fraction done = 0.000: Number of active tp =  20
 Time =  1.67650E+08: fraction done = 0.000: Number of active tp =  20
 Time =  1.68015E+08: fraction done = 0.000: Number of active tp =  20
 Time =  1.68380E+08: fraction done = 0.000: Number of active tp =  20
 Time =  1.68746E+08: fraction done = 0.000: Number of active tp =  20
 Time =  1.69111E+08: fraction done = 0.000: Number of active tp =  20
 Time =  1.69476E+08: fraction done = 0.000: Number of active tp =  20
 Time =  1.69841E+08: fraction done = 0.000: Number of active tp =  20
 Time =  1.70207E+08: fraction done = 0.000: Number of active tp =  20
 Time =  1.70572E+08: fraction done = 0.000: Number of active tp =  20
 Time =  1.70937E+08: fraction done = 0.000: Number of active tp =  20
 Time =  1.71302E+08: fraction done = 0.000: Number of active tp =  20
 Time =  1.71668E+08: fraction done = 0.000: Number of active tp =  20
 Time =  1.72033E+08: fraction done = 0.000: Number of active tp =  20
 Time =  1.72398E+08: fraction done = 0.000: Number of active tp =  20
 Time =  1.72763E+08: fraction done = 0.000: Number of active tp =  20
 Time =  1.73129E+08: fraction done = 0.000: Number of active tp =  20
 Time =  1.73494E+08: fraction done = 0.000: Number of active tp =  20
 Time =  1.73859E+08: fraction done = 0.000: Number of active tp =  20
 Time =  1.74224E+08: fraction done = 0.000: Number of active tp =  20
 Time =  1.74590E+08: fraction done = 0.000: Number of active tp =  20
 Time =  1.74955E+08: fraction done = 0.000: Number of active tp =  20
 Time =  1.75320E+08: fraction done = 0.000: Number of active tp =  20
 Time =  1.75685E+08: fraction done = 0.000: Number of active tp =  20
 Time =  1.76051E+08: fraction done = 0.000: Number of active tp =  20
 Time =  1.76416E+08: fraction done = 0.000: Number of active tp =  20
 Time =  1.76781E+08: fraction done = 0.000: Number of active tp =  20
 Time =  1.77146E+08: fraction done = 0.000: Number of active tp =  20
 Time =  1.77512E+08: fraction done = 0.000: Number of active tp =  20
 Time =  1.77877E+08: fraction done = 0.000: Number of active tp =  20
 Time =  1.78242E+08: fraction done = 0.000: Number of active tp =  20
 Time =  1.78607E+08: fraction done = 0.000: Number of active tp =  20
 Time =  1.78973E+08: fraction done = 0.000: Number of active tp =  20
 Time =  1.79338E+08: fraction done = 0.000: Number of active tp =  20
 Time =  1.79703E+08: fraction done = 0.000: Number of active tp =  20
 Time =  1.80068E+08: fraction done = 0.000: Number of active tp =  20
 Time =  1.80434E+08: fraction done = 0.000: Number of active tp =  20
 Time =  1.80799E+08: fraction done = 0.000: Number of active tp =  20
 Time =  1.81164E+08: fraction done = 0.000: Number of active tp =  20
 Time =  1.81529E+08: fraction done = 0.000: Number of active tp =  20
 Time =  1.81895E+08: fraction done = 0.000: Number of active tp =  20
 Time =  1.82260E+08: fraction done = 0.000: Number of active tp =  20
 Time =  1.82625E+08: fraction done = 0.000: Number of active tp =  20
 Time =  1.82990E+08: fraction done = 0.000: Number of active tp =  20
 Time =  1.83356E+08: fraction done = 0.000: Number of active tp =  20
 Time =  1.83721E+08: fraction done = 0.000: Number of active tp =  20
 Time =  1.84086E+08: fraction done = 0.000: Number of active tp =  20
 Time =  1.84451E+08: fraction done = 0.000: Number of active tp =  20
 Time =  1.84817E+08: fraction done = 0.000: Number of active tp =  20
 Time =  1.85182E+08: fraction done = 0.000: Number of active tp =  20
 Time =  1.85547E+08: fraction done = 0.000: Number of active tp =  20
 Time =  1.85912E+08: fraction done = 0.000: Number of active tp =  20
 Time =  1.86278E+08: fraction done = 0.000: Number of active tp =  20
 Time =  1.86643E+08: fraction done = 0.000: Number of active tp =  20
 Time =  1.87008E+08: fraction done = 0.000: Number of active tp =  20
 Time =  1.87373E+08: fraction done = 0.000: Number of active tp =  20
 Time =  1.87739E+08: fraction done = 0.000: Number of active tp =  20
 Time =  1.88104E+08: fraction done = 0.000: Number of active tp =  20
 Time =  1.88469E+08: fraction done = 0.000: Number of active tp =  20
 Time =  1.88834E+08: fraction done = 0.000: Number of active tp =  20
 Time =  1.89200E+08: fraction done = 0.000: Number of active tp =  20
 Time =  1.89565E+08: fraction done = 0.000: Number of active tp =  20
 Time =  1.89930E+08: fraction done = 0.000: Number of active tp =  20
 Time =  1.90295E+08: fraction done = 0.000: Number of active tp =  20
 Time =  1.90661E+08: fraction done = 0.000: Number of active tp =  20
 Time =  1.91026E+08: fraction done = 0.000: Number of active tp =  20
 Time =  1.91391E+08: fraction done = 0.000: Number of active tp =  20
 Time =  1.91756E+08: fraction done = 0.000: Number of active tp =  20
 Time =  1.92122E+08: fraction done = 0.000: Number of active tp =  20
 Time =  1.92487E+08: fraction done = 0.000: Number of active tp =  20
 Time =  1.92852E+08: fraction done = 0.000: Number of active tp =  20
 Time =  1.93217E+08: fraction done = 0.000: Number of active tp =  20
 Time =  1.93583E+08: fraction done = 0.000: Number of active tp =  20
 Time =  1.93948E+08: fraction done = 0.000: Number of active tp =  20
 Time =  1.94313E+08: fraction done = 0.000: Number of active tp =  20
 Time =  1.94678E+08: fraction done = 0.000: Number of active tp =  20
 Time =  1.95044E+08: fraction done = 0.000: Number of active tp =  20
 Time =  1.95409E+08: fraction done = 0.000: Number of active tp =  20
 Time =  1.95774E+08: fraction done = 0.000: Number of active tp =  20
 Time =  1.96139E+08: fraction done = 0.000: Number of active tp =  20
 Time =  1.96505E+08: fraction done = 0.000: Number of active tp =  20
 Time =  1.96870E+08: fraction done = 0.000: Number of active tp =  20
 Time =  1.97235E+08: fraction done = 0.000: Number of active tp =  20
 Time =  1.97600E+08: fraction done = 0.000: Number of active tp =  20
 Time =  1.97966E+08: fraction done = 0.000: Number of active tp =  20
 Time =  1.98331E+08: fraction done = 0.000: Number of active tp =  20
 Time =  1.98696E+08: fraction done = 0.000: Number of active tp =  20
 Time =  1.99061E+08: fraction done = 0.000: Number of active tp =  20
 Time =  1.99427E+08: fraction done = 0.000: Number of active tp =  20
 Time =  1.99792E+08: fraction done = 0.000: Number of active tp =  20
 Time =  2.00157E+08: fraction done = 0.000: Number of active tp =  20
 Time =  2.00522E+08: fraction done = 0.000: Number of active tp =  20
 Time =  2.00888E+08: fraction done = 0.000: Number of active tp =  20
 Time =  2.01253E+08: fraction done = 0.000: Number of active tp =  20
 Time =  2.01618E+08: fraction done = 0.000: Number of active tp =  20
 Time =  2.01983E+08: fraction done = 0.000: Number of active tp =  20
 Time =  2.02349E+08: fraction done = 0.000: Number of active tp =  20
 Time =  2.02714E+08: fraction done = 0.000: Number of active tp =  20
 Time =  2.03079E+08: fraction done = 0.000: Number of active tp =  20
 Time =  2.03444E+08: fraction done = 0.000: Number of active tp =  20
 Time =  2.03810E+08: fraction done = 0.000: Number of active tp =  20
 Time =  2.04175E+08: fraction done = 0.000: Number of active tp =  20
 Time =  2.04540E+08: fraction done = 0.000: Number of active tp =  20
 Time =  2.04905E+08: fraction done = 0.000: Number of active tp =  20
 Time =  2.05271E+08: fraction done = 0.000: Number of active tp =  20
 Time =  2.05636E+08: fraction done = 0.000: Number of active tp =  20
 Time =  2.06001E+08: fraction done = 0.000: Number of active tp =  20
 Time =  2.06366E+08: fraction done = 0.000: Number of active tp =  20
 Time =  2.06732E+08: fraction done = 0.000: Number of active tp =  20
 Time =  2.07097E+08: fraction done = 0.000: Number of active tp =  20
 Time =  2.07462E+08: fraction done = 0.000: Number of active tp =  20
 Time =  2.07827E+08: fraction done = 0.000: Number of active tp =  20
 Time =  2.08193E+08: fraction done = 0.000: Number of active tp =  20
 Time =  2.08558E+08: fraction done = 0.000: Number of active tp =  20
 Time =  2.08923E+08: fraction done = 0.000: Number of active tp =  20
 Time =  2.09288E+08: fraction done = 0.000: Number of active tp =  20
 Time =  2.09654E+08: fraction done = 0.000: Number of active tp =  20
 Time =  2.10019E+08: fraction done = 0.000: Number of active tp =  20
 Time =  2.10384E+08: fraction done = 0.000: Number of active tp =  20
 Time =  2.10749E+08: fraction done = 0.000: Number of active tp =  20
 Time =  2.11115E+08: fraction done = 0.000: Number of active tp =  20
 Time =  2.11480E+08: fraction done = 0.000: Number of active tp =  20
 Time =  2.11845E+08: fraction done = 0.000: Number of active tp =  20
 Time =  2.12210E+08: fraction done = 0.000: Number of active tp =  20
 Time =  2.12576E+08: fraction done = 0.000: Number of active tp =  20
 Time =  2.12941E+08: fraction done = 0.000: Number of active tp =  20
 Time =  2.13306E+08: fraction done = 0.000: Number of active tp =  20
 Time =  2.13671E+08: fraction done = 0.000: Number of active tp =  20
 Time =  2.14037E+08: fraction done = 0.000: Number of active tp =  20
 Time =  2.14402E+08: fraction done = 0.000: Number of active tp =  20
 Time =  2.14767E+08: fraction done = 0.000: Number of active tp =  20
 Time =  2.15132E+08: fraction done = 0.000: Number of active tp =  20
 Time =  2.15498E+08: fraction done = 0.000: Number of active tp =  20
 Time =  2.15863E+08: fraction done = 0.000: Number of active tp =  20
 Time =  2.16228E+08: fraction done = 0.000: Number of active tp =  20
 Time =  2.16593E+08: fraction done = 0.000: Number of active tp =  20
 Time =  2.16959E+08: fraction done = 0.000: Number of active tp =  20
 Time =  2.17324E+08: fraction done = 0.000: Number of active tp =  20
 Time =  2.17689E+08: fraction done = 0.000: Number of active tp =  20
 Time =  2.18054E+08: fraction done = 0.000: Number of active tp =  20
 Time =  2.18420E+08: fraction done = 0.000: Number of active tp =  20
 Time =  2.18785E+08: fraction done = 0.000: Number of active tp =  20
 Time =  2.19150E+08: fraction done = 0.000: Number of active tp =  20
 Time =  2.19515E+08: fraction done = 0.000: Number of active tp =  20
 Time =  2.19881E+08: fraction done = 0.000: Number of active tp =  20
 Time =  2.20246E+08: fraction done = 0.000: Number of active tp =  20
 Time =  2.20611E+08: fraction done = 0.000: Number of active tp =  20
 Time =  2.20976E+08: fraction done = 0.000: Number of active tp =  20
 Time =  2.21342E+08: fraction done = 0.000: Number of active tp =  20
 Time =  2.21707E+08: fraction done = 0.000: Number of active tp =  20
 Time =  2.22072E+08: fraction done = 0.000: Number of active tp =  20
 Time =  2.22437E+08: fraction done = 0.000: Number of active tp =  20
 Time =  2.22803E+08: fraction done = 0.000: Number of active tp =  20
 Time =  2.23168E+08: fraction done = 0.000: Number of active tp =  20
 Time =  2.23533E+08: fraction done = 0.000: Number of active tp =  20
 Time =  2.23898E+08: fraction done = 0.000: Number of active tp =  20
 Time =  2.24264E+08: fraction done = 0.000: Number of active tp =  20
 Time =  2.24629E+08: fraction done = 0.000: Number of active tp =  20
 Time =  2.24994E+08: fraction done = 0.000: Number of active tp =  20
 Time =  2.25359E+08: fraction done = 0.000: Number of active tp =  20
 Time =  2.25725E+08: fraction done = 0.000: Number of active tp =  20
 Time =  2.26090E+08: fraction done = 0.000: Number of active tp =  20
 Time =  2.26455E+08: fraction done = 0.000: Number of active tp =  20
 Time =  2.26820E+08: fraction done = 0.000: Number of active tp =  20
 Time =  2.27186E+08: fraction done = 0.000: Number of active tp =  20
 Time =  2.27551E+08: fraction done = 0.000: Number of active tp =  20
 Time =  2.27916E+08: fraction done = 0.000: Number of active tp =  20
 Time =  2.28281E+08: fraction done = 0.000: Number of active tp =  20
 Time =  2.28647E+08: fraction done = 0.000: Number of active tp =  20
 Time =  2.29012E+08: fraction done = 0.000: Number of active tp =  20
 Time =  2.29377E+08: fraction done = 0.000: Number of active tp =  20
 Time =  2.29742E+08: fraction done = 0.000: Number of active tp =  20
 Time =  2.30108E+08: fraction done = 0.000: Number of active tp =  20
 Time =  2.30473E+08: fraction done = 0.000: Number of active tp =  20
 Time =  2.30838E+08: fraction done = 0.000: Number of active tp =  20
 Time =  2.31203E+08: fraction done = 0.000: Number of active tp =  20
 Time =  2.31569E+08: fraction done = 0.000: Number of active tp =  20
 Time =  2.31934E+08: fraction done = 0.000: Number of active tp =  20
 Time =  2.32299E+08: fraction done = 0.000: Number of active tp =  20
 Time =  2.32664E+08: fraction done = 0.000: Number of active tp =  20
 Time =  2.33030E+08: fraction done = 0.000: Number of active tp =  20
 Time =  2.33395E+08: fraction done = 0.000: Number of active tp =  20
 Time =  2.33760E+08: fraction done = 0.000: Number of active tp =  20
 Time =  2.34125E+08: fraction done = 0.000: Number of active tp =  20
 Time =  2.34491E+08: fraction done = 0.000: Number of active tp =  20
 Time =  2.34856E+08: fraction done = 0.000: Number of active tp =  20
 Time =  2.35221E+08: fraction done = 0.000: Number of active tp =  20
 Time =  2.35586E+08: fraction done = 0.000: Number of active tp =  20
 Time =  2.35952E+08: fraction done = 0.000: Number of active tp =  20
 Time =  2.36317E+08: fraction done = 0.000: Number of active tp =  20
 Time =  2.36682E+08: fraction done = 0.000: Number of active tp =  20
 Time =  2.37047E+08: fraction done = 0.000: Number of active tp =  20
 Time =  2.37413E+08: fraction done = 0.000: Number of active tp =  20
 Time =  2.37778E+08: fraction done = 0.000: Number of active tp =  20
 Time =  2.38143E+08: fraction done = 0.000: Number of active tp =  20
 Time =  2.38508E+08: fraction done = 0.000: Number of active tp =  20
 Time =  2.38874E+08: fraction done = 0.000: Number of active tp =  20
 Time =  2.39239E+08: fraction done = 0.000: Number of active tp =  20
 Time =  2.39604E+08: fraction done = 0.000: Number of active tp =  20
 Time =  2.39969E+08: fraction done = 0.000: Number of active tp =  20
 Time =  2.40335E+08: fraction done = 0.000: Number of active tp =  20
 Time =  2.40700E+08: fraction done = 0.000: Number of active tp =  20
 Time =  2.41065E+08: fraction done = 0.000: Number of active tp =  20
 Time =  2.41430E+08: fraction done = 0.000: Number of active tp =  20
 Time =  2.41796E+08: fraction done = 0.000: Number of active tp =  20
 Time =  2.42161E+08: fraction done = 0.000: Number of active tp =  20
 Time =  2.42526E+08: fraction done = 0.000: Number of active tp =  20
 Time =  2.42891E+08: fraction done = 0.000: Number of active tp =  20
 Time =  2.43257E+08: fraction done = 0.000: Number of active tp =  20
 Time =  2.43622E+08: fraction done = 0.000: Number of active tp =  20
 Time =  2.43987E+08: fraction done = 0.000: Number of active tp =  20
 Time =  2.44352E+08: fraction done = 0.000: Number of active tp =  20
 Time =  2.44718E+08: fraction done = 0.000: Number of active tp =  20
 Time =  2.45083E+08: fraction done = 0.000: Number of active tp =  20
 Time =  2.45448E+08: fraction done = 0.000: Number of active tp =  20
 Time =  2.45813E+08: fraction done = 0.000: Number of active tp =  20
 Time =  2.46179E+08: fraction done = 0.000: Number of active tp =  20
 Time =  2.46544E+08: fraction done = 0.000: Number of active tp =  20
 Time =  2.46909E+08: fraction done = 0.000: Number of active tp =  20
 Time =  2.47274E+08: fraction done = 0.000: Number of active tp =  20
 Time =  2.47640E+08: fraction done = 0.000: Number of active tp =  20
 Time =  2.48005E+08: fraction done = 0.000: Number of active tp =  20
 Time =  2.48370E+08: fraction done = 0.000: Number of active tp =  20
 Time =  2.48735E+08: fraction done = 0.000: Number of active tp =  20
 Time =  2.49101E+08: fraction done = 0.000: Number of active tp =  20
 Time =  2.49466E+08: fraction done = 0.000: Number of active tp =  20
 Time =  2.49831E+08: fraction done = 0.000: Number of active tp =  20
 Time =  2.50196E+08: fraction done = 0.000: Number of active tp =  20
 Time =  2.50562E+08: fraction done = 0.000: Number of active tp =  20
 Time =  2.50927E+08: fraction done = 0.000: Number of active tp =  20
 Time =  2.51292E+08: fraction done = 0.000: Number of active tp =  20
 Time =  2.51657E+08: fraction done = 0.000: Number of active tp =  20
 Time =  2.52023E+08: fraction done = 0.000: Number of active tp =  20
 Time =  2.52388E+08: fraction done = 0.000: Number of active tp =  20
 Time =  2.52753E+08: fraction done = 0.000: Number of active tp =  20
 Time =  2.53118E+08: fraction done = 0.000: Number of active tp =  20
 Time =  2.53484E+08: fraction done = 0.000: Number of active tp =  20
 Time =  2.53849E+08: fraction done = 0.000: Number of active tp =  20
 Time =  2.54214E+08: fraction done = 0.000: Number of active tp =  20
 Time =  2.54579E+08: fraction done = 0.000: Number of active tp =  20
 Time =  2.54945E+08: fraction done = 0.000: Number of active tp =  20
 Time =  2.55310E+08: fraction done = 0.000: Number of active tp =  20
 Time =  2.55675E+08: fraction done = 0.000: Number of active tp =  20
 Time =  2.56040E+08: fraction done = 0.000: Number of active tp =  20
 Time =  2.56406E+08: fraction done = 0.000: Number of active tp =  20
 Time =  2.56771E+08: fraction done = 0.000: Number of active tp =  20
 Time =  2.57136E+08: fraction done = 0.000: Number of active tp =  20
 Time =  2.57501E+08: fraction done = 0.000: Number of active tp =  20
 Time =  2.57867E+08: fraction done = 0.000: Number of active tp =  20
 Time =  2.58232E+08: fraction done = 0.000: Number of active tp =  20
 Time =  2.58597E+08: fraction done = 0.000: Number of active tp =  20
 Time =  2.58962E+08: fraction done = 0.000: Number of active tp =  20
 Time =  2.59328E+08: fraction done = 0.000: Number of active tp =  20
 Time =  2.59693E+08: fraction done = 0.000: Number of active tp =  20
 Time =  2.60058E+08: fraction done = 0.000: Number of active tp =  20
 Time =  2.60423E+08: fraction done = 0.000: Number of active tp =  20
 Time =  2.60789E+08: fraction done = 0.000: Number of active tp =  20
 Time =  2.61154E+08: fraction done = 0.000: Number of active tp =  20
 Time =  2.61519E+08: fraction done = 0.000: Number of active tp =  20
 Time =  2.61884E+08: fraction done = 0.000: Number of active tp =  20
 Time =  2.62250E+08: fraction done = 0.000: Number of active tp =  20
 Time =  2.62615E+08: fraction done = 0.000: Number of active tp =  20
 Time =  2.62980E+08: fraction done = 0.000: Number of active tp =  20
 Time =  2.63345E+08: fraction done = 0.000: Number of active tp =  20
 Time =  2.63711E+08: fraction done = 0.000: Number of active tp =  20
 Time =  2.64076E+08: fraction done = 0.000: Number of active tp =  20
 Time =  2.64441E+08: fraction done = 0.000: Number of active tp =  20
 Time =  2.64806E+08: fraction done = 0.000: Number of active tp =  20
 Time =  2.65172E+08: fraction done = 0.000: Number of active tp =  20
 Time =  2.65537E+08: fraction done = 0.000: Number of active tp =  20
 Time =  2.65902E+08: fraction done = 0.000: Number of active tp =  20
 Time =  2.66267E+08: fraction done = 0.000: Number of active tp =  20
 Time =  2.66633E+08: fraction done = 0.000: Number of active tp =  20
 Time =  2.66998E+08: fraction done = 0.000: Number of active tp =  20
 Time =  2.67363E+08: fraction done = 0.000: Number of active tp =  20
 Time =  2.67728E+08: fraction done = 0.000: Number of active tp =  20
 Time =  2.68094E+08: fraction done = 0.000: Number of active tp =  20
 Time =  2.68459E+08: fraction done = 0.000: Number of active tp =  20
 Time =  2.68824E+08: fraction done = 0.000: Number of active tp =  20
 Time =  2.69189E+08: fraction done = 0.000: Number of active tp =  20
 Time =  2.69555E+08: fraction done = 0.000: Number of active tp =  20
 Time =  2.69920E+08: fraction done = 0.000: Number of active tp =  20
 Time =  2.70285E+08: fraction done = 0.000: Number of active tp =  20
 Time =  2.70650E+08: fraction done = 0.000: Number of active tp =  20
 Time =  2.71016E+08: fraction done = 0.000: Number of active tp =  20
 Time =  2.71381E+08: fraction done = 0.000: Number of active tp =  20
 Time =  2.71746E+08: fraction done = 0.000: Number of active tp =  20
 Time =  2.72111E+08: fraction done = 0.000: Number of active tp =  20
 Time =  2.72477E+08: fraction done = 0.000: Number of active tp =  20
 Time =  2.72842E+08: fraction done = 0.000: Number of active tp =  20
 Time =  2.73207E+08: fraction done = 0.000: Number of active tp =  20
 Time =  2.73572E+08: fraction done = 0.000: Number of active tp =  20
 Time =  2.73938E+08: fraction done = 0.000: Number of active tp =  20
 Time =  2.74303E+08: fraction done = 0.000: Number of active tp =  20
 Time =  2.74668E+08: fraction done = 0.000: Number of active tp =  20
 Time =  2.75033E+08: fraction done = 0.000: Number of active tp =  20
 Time =  2.75399E+08: fraction done = 0.000: Number of active tp =  20
 Time =  2.75764E+08: fraction done = 0.000: Number of active tp =  20
 Time =  2.76129E+08: fraction done = 0.000: Number of active tp =  20
 Time =  2.76494E+08: fraction done = 0.000: Number of active tp =  20
 Time =  2.76860E+08: fraction done = 0.000: Number of active tp =  20
 Time =  2.77225E+08: fraction done = 0.000: Number of active tp =  20
 Time =  2.77590E+08: fraction done = 0.000: Number of active tp =  20
 Time =  2.77955E+08: fraction done = 0.000: Number of active tp =  20
 Time =  2.78321E+08: fraction done = 0.000: Number of active tp =  20
 Time =  2.78686E+08: fraction done = 0.000: Number of active tp =  20
 Time =  2.79051E+08: fraction done = 0.000: Number of active tp =  20
 Time =  2.79416E+08: fraction done = 0.000: Number of active tp =  20
 Time =  2.79782E+08: fraction done = 0.000: Number of active tp =  20
 Time =  2.80147E+08: fraction done = 0.000: Number of active tp =  20
 Time =  2.80512E+08: fraction done = 0.000: Number of active tp =  20
 Time =  2.80877E+08: fraction done = 0.000: Number of active tp =  20
 Time =  2.81243E+08: fraction done = 0.000: Number of active tp =  20
 Time =  2.81608E+08: fraction done = 0.000: Number of active tp =  20
 Time =  2.81973E+08: fraction done = 0.000: Number of active tp =  20
 Time =  2.82338E+08: fraction done = 0.000: Number of active tp =  20
 Time =  2.82704E+08: fraction done = 0.000: Number of active tp =  20
 Time =  2.83069E+08: fraction done = 0.000: Number of active tp =  20
 Time =  2.83434E+08: fraction done = 0.000: Number of active tp =  20
 Time =  2.83799E+08: fraction done = 0.000: Number of active tp =  20
 Time =  2.84165E+08: fraction done = 0.000: Number of active tp =  20
 Time =  2.84530E+08: fraction done = 0.000: Number of active tp =  20
 Time =  2.84895E+08: fraction done = 0.000: Number of active tp =  20
 Time =  2.85260E+08: fraction done = 0.000: Number of active tp =  20
 Time =  2.85626E+08: fraction done = 0.000: Number of active tp =  20
 Time =  2.85991E+08: fraction done = 0.000: Number of active tp =  20
 Time =  2.86356E+08: fraction done = 0.000: Number of active tp =  20
 Time =  2.86721E+08: fraction done = 0.000: Number of active tp =  20
 Time =  2.87087E+08: fraction done = 0.000: Number of active tp =  20
 Time =  2.87452E+08: fraction done = 0.000: Number of active tp =  20
 Time =  2.87817E+08: fraction done = 0.000: Number of active tp =  20
 Time =  2.88182E+08: fraction done = 0.000: Number of active tp =  20
 Time =  2.88548E+08: fraction done = 0.000: Number of active tp =  20
 Time =  2.88913E+08: fraction done = 0.000: Number of active tp =  20
 Time =  2.89278E+08: fraction done = 0.000: Number of active tp =  20
 Time =  2.89643E+08: fraction done = 0.000: Number of active tp =  20
 Time =  2.90009E+08: fraction done = 0.000: Number of active tp =  20
 Time =  2.90374E+08: fraction done = 0.000: Number of active tp =  20
 Time =  2.90739E+08: fraction done = 0.000: Number of active tp =  20
 Time =  2.91104E+08: fraction done = 0.000: Number of active tp =  20
 Time =  2.91470E+08: fraction done = 0.000: Number of active tp =  20
 Time =  2.91835E+08: fraction done = 0.000: Number of active tp =  20
 Time =  2.92200E+08: fraction done = 0.000: Number of active tp =  20
 Time =  2.92565E+08: fraction done = 0.000: Number of active tp =  20
 Time =  2.92931E+08: fraction done = 0.000: Number of active tp =  20
 Time =  2.93296E+08: fraction done = 0.000: Number of active tp =  20
 Time =  2.93661E+08: fraction done = 0.000: Number of active tp =  20
 Time =  2.94026E+08: fraction done = 0.000: Number of active tp =  20
 Time =  2.94392E+08: fraction done = 0.000: Number of active tp =  20
 Time =  2.94757E+08: fraction done = 0.000: Number of active tp =  20
 Time =  2.95122E+08: fraction done = 0.000: Number of active tp =  20
 Time =  2.95487E+08: fraction done = 0.000: Number of active tp =  20
 Time =  2.95853E+08: fraction done = 0.000: Number of active tp =  20
 Time =  2.96218E+08: fraction done = 0.000: Number of active tp =  20
 Time =  2.96583E+08: fraction done = 0.000: Number of active tp =  20
 Time =  2.96948E+08: fraction done = 0.000: Number of active tp =  20
 Time =  2.97314E+08: fraction done = 0.000: Number of active tp =  20
 Time =  2.97679E+08: fraction done = 0.000: Number of active tp =  20
 Time =  2.98044E+08: fraction done = 0.000: Number of active tp =  20
 Time =  2.98409E+08: fraction done = 0.000: Number of active tp =  20
 Time =  2.98775E+08: fraction done = 0.000: Number of active tp =  20
 Time =  2.99140E+08: fraction done = 0.000: Number of active tp =  20
 Time =  2.99505E+08: fraction done = 0.000: Number of active tp =  20
 Time =  2.99870E+08: fraction done = 0.000: Number of active tp =  20
 Time =  3.00236E+08: fraction done = 0.000: Number of active tp =  20
 Time =  3.00601E+08: fraction done = 0.000: Number of active tp =  20
 Time =  3.00966E+08: fraction done = 0.000: Number of active tp =  20
 Time =  3.01331E+08: fraction done = 0.000: Number of active tp =  20
 Time =  3.01697E+08: fraction done = 0.000: Number of active tp =  20
 Time =  3.02062E+08: fraction done = 0.000: Number of active tp =  20
 Time =  3.02427E+08: fraction done = 0.000: Number of active tp =  20
 Time =  3.02792E+08: fraction done = 0.000: Number of active tp =  20
 Time =  3.03158E+08: fraction done = 0.000: Number of active tp =  20
 Time =  3.03523E+08: fraction done = 0.000: Number of active tp =  20
 Time =  3.03888E+08: fraction done = 0.000: Number of active tp =  20
 Time =  3.04253E+08: fraction done = 0.000: Number of active tp =  20
 Time =  3.04619E+08: fraction done = 0.000: Number of active tp =  20
 Time =  3.04984E+08: fraction done = 0.000: Number of active tp =  20
 Time =  3.05349E+08: fraction done = 0.000: Number of active tp =  20
 Time =  3.05714E+08: fraction done = 0.000: Number of active tp =  20
 Time =  3.06080E+08: fraction done = 0.000: Number of active tp =  20
 Time =  3.06445E+08: fraction done = 0.000: Number of active tp =  20
 Time =  3.06810E+08: fraction done = 0.000: Number of active tp =  20
 Time =  3.07175E+08: fraction done = 0.000: Number of active tp =  20
 Time =  3.07541E+08: fraction done = 0.000: Number of active tp =  20
 Time =  3.07906E+08: fraction done = 0.000: Number of active tp =  20
 Time =  3.08271E+08: fraction done = 0.000: Number of active tp =  20
 Time =  3.08636E+08: fraction done = 0.000: Number of active tp =  20
 Time =  3.09002E+08: fraction done = 0.000: Number of active tp =  20
 Time =  3.09367E+08: fraction done = 0.000: Number of active tp =  20
 Time =  3.09732E+08: fraction done = 0.000: Number of active tp =  20
 Time =  3.10097E+08: fraction done = 0.000: Number of active tp =  20
 Time =  3.10463E+08: fraction done = 0.000: Number of active tp =  20
 Time =  3.10828E+08: fraction done = 0.000: Number of active tp =  20
 Time =  3.11193E+08: fraction done = 0.000: Number of active tp =  20
 Time =  3.11558E+08: fraction done = 0.000: Number of active tp =  20
 Time =  3.11924E+08: fraction done = 0.000: Number of active tp =  20
 Time =  3.12289E+08: fraction done = 0.000: Number of active tp =  20
 Time =  3.12654E+08: fraction done = 0.000: Number of active tp =  20
 Time =  3.13019E+08: fraction done = 0.000: Number of active tp =  20
 Time =  3.13385E+08: fraction done = 0.000: Number of active tp =  20
 Time =  3.13750E+08: fraction done = 0.000: Number of active tp =  20
 Time =  3.14115E+08: fraction done = 0.000: Number of active tp =  20
 Time =  3.14480E+08: fraction done = 0.000: Number of active tp =  20
 Time =  3.14846E+08: fraction done = 0.000: Number of active tp =  20
 Time =  3.15211E+08: fraction done = 0.000: Number of active tp =  20
 Time =  3.15576E+08: fraction done = 0.000: Number of active tp =  20
 Time =  3.15941E+08: fraction done = 0.000: Number of active tp =  20
