         300
   2.6835715131756602E-002  -1.2075602897047857E-002   0.0000000000000000     
   2.6791699590789572E-002  -1.2095441227800839E-002   0.0000000000000000     
   2.6735853589501059E-002  -1.2109938552208495E-002   0.0000000000000000     
   2.6668201787913112E-002  -1.2119088468660496E-002   0.0000000000000000     
   2.6588774059156800E-002  -1.2122886936811300E-002   0.0000000000000000     
   2.6497605476281178E-002  -1.2121332279364313E-002   0.0000000000000000     
   2.6394736296765951E-002  -1.2114425182812498E-002   0.0000000000000000     
   2.6280211944744874E-002  -1.2102168697135240E-002   0.0000000000000000     
   2.6154082990947836E-002  -1.2084568234451596E-002   0.0000000000000000     
   2.6016405130370134E-002  -1.2061631566630393E-002   0.0000000000000000     
   2.5867239157679224E-002  -1.2033368821858468E-002   0.0000000000000000     
   2.5706650940369426E-002  -1.1999792480168267E-002   0.0000000000000000     
   2.5534711389676789E-002  -1.1960917367927077E-002   0.0000000000000000     
   2.5351496429266585E-002  -1.1916760651290083E-002   0.0000000000000000     
   2.5157086961707580E-002  -1.1867341828620275E-002   0.0000000000000000     
   2.4951568832747850E-002  -1.1812682721878562E-002   0.0000000000000000     
   2.4735032793407531E-002  -1.1752807466987756E-002   0.0000000000000000     
   2.4507574459905850E-002  -1.1687742503174853E-002   0.0000000000000000     
   2.4269294271439704E-002  -1.1617516561296237E-002   0.0000000000000000     
   2.4020297445832388E-002  -1.1542160651150870E-002   0.0000000000000000     
   2.3760693933072605E-002  -1.1461708047787346E-002   0.0000000000000000     
   2.3490598366763378E-002  -1.1376194276810445E-002   0.0000000000000000     
   2.3210130013503350E-002  -1.1285657098694148E-002   0.0000000000000000     
   2.2919412720221740E-002  -1.1190136492107551E-002   0.0000000000000000     
   2.2618574859491293E-002  -1.1089674636261537E-002   0.0000000000000000     
   2.2307749272842313E-002  -1.0984315892283500E-002   0.0000000000000000     
   2.1987073212103789E-002  -1.0874106783628825E-002   0.0000000000000000     
   2.1656688278796736E-002  -1.0759095975537376E-002   0.0000000000000000     
   2.1316740361606960E-002  -1.0639334253544314E-002   0.0000000000000000     
   2.0967379571964782E-002  -1.0514874501054641E-002   0.0000000000000000     
   2.0608760177759970E-002  -1.0385771675991364E-002   0.0000000000000000     
   2.0241040535221466E-002  -1.0252082786527637E-002   0.0000000000000000     
   1.9864383018991665E-002  -1.0113866865913554E-002   0.0000000000000000     
   1.9478953950426387E-002  -9.9711849464087059E-003   0.0000000000000000     
   1.9084923524152024E-002  -9.8241000323320924E-003   0.0000000000000000     
   1.8682465732912410E-002  -9.6726770722411516E-003   0.0000000000000000     
   1.8271758290738477E-002  -9.5169829302523250E-003   0.0000000000000000     
   1.7852982554474820E-002  -9.3570863565157463E-003   0.0000000000000000     
   1.7426323443697517E-002  -9.1930579568570963E-003   0.0000000000000000     
   1.6991969359058952E-002  -9.0249701616000773E-003   0.0000000000000000     
   1.6550112099095311E-002  -8.8528971935832000E-003   0.0000000000000000     
   1.6100946775533809E-002  -8.6769150353850927E-003   0.0000000000000000     
   1.5644671727136787E-002  -8.4971013957727045E-003   0.0000000000000000     
   1.5181488432120931E-002  -8.3135356753873211E-003   0.0000000000000000     
   1.4711601419190187E-002  -8.1262989316834809E-003   0.0000000000000000     
   1.4235218177221586E-002  -7.9354738431362710E-003   0.0000000000000000     
   1.3752549063644020E-002  -7.7411446727328314E-003   0.0000000000000000     
   1.3263807211550363E-002  -7.5433972307642301E-003   0.0000000000000000     
   1.2769208435583835E-002  -7.3423188369340156E-003   0.0000000000000000     
   1.2268971136640350E-002  -7.1379982818003014E-003   0.0000000000000000     
   1.1763316205428885E-002  -6.9305257875683819E-003   0.0000000000000000     
   1.1252466924932260E-002  -6.7199929682511105E-003   0.0000000000000000     
   1.0736648871811741E-002  -6.5064927892147517E-003   0.0000000000000000     
   1.0216089816798699E-002  -6.2901195261280849E-003   0.0000000000000000     
   9.6910196241175028E-003  -6.0709687233329408E-003   0.0000000000000000     
   9.1616701499838589E-003  -5.8491371516544623E-003   0.0000000000000000     
   8.6282751402237557E-003  -5.6247227656698916E-003   0.0000000000000000     
   8.0910701270578162E-003  -5.3978246604545563E-003   0.0000000000000000     
   7.5502923250968914E-003  -5.1685430278242675E-003   0.0000000000000000     
   7.0061805265947893E-003  -4.9369791120934415E-003   0.0000000000000000     
   6.4589749960043651E-003  -4.7032351653684794E-003   0.0000000000000000     
   5.9089173638834317E-003  -4.4674144023960837E-003   0.0000000000000000     
   5.3562505201975594E-003  -4.2296209549865463E-003   0.0000000000000000     
   4.8012185070667110E-003  -3.9899598260320817E-003   0.0000000000000000     
   4.2440664110031043E-003  -3.7485368431405064E-003   0.0000000000000000     
   3.6850402546878278E-003  -3.5054586119047056E-003   0.0000000000000000     
   3.1243868883342905E-003  -3.2608324688286629E-003   0.0000000000000000     
   2.5623538806860465E-003  -3.0147664339306587E-003   0.0000000000000000     
   1.9991894096973426E-003  -2.7673691630446351E-003   0.0000000000000000     
   1.4351421529448431E-003  -2.5187498998409034E-003   0.0000000000000000     
   8.7046117781855361E-004  -2.2690184275871730E-003   0.0000000000000000     
   3.0539583154064220E-004  -2.0182850206713547E-003   0.0000000000000000     
  -2.5980436893923754E-004  -1.7666603959074951E-003   0.0000000000000000     
  -8.2488984712359196E-004  -1.5142556636463678E-003   0.0000000000000000     
  -1.3896110771730520E-003  -1.2611822787122605E-003   0.0000000000000000     
  -1.9537186940900373E-003  -1.0075519911876241E-003   0.0000000000000000     
  -2.5169636038311887E-003  -7.5347679706745164E-004   0.0000000000000000     
  -3.0790970933003464E-003  -4.9906888880496146E-004   0.0000000000000000     
  -3.6398709401733245E-003  -2.4444060577053948E-004   0.0000000000000000     
  -4.1990375225057618E-003   1.0295615354099877E-005   0.0000000000000000     
  -4.7563499280760865E-003   2.6502729022482842E-004   0.0000000000000000     
  -5.3115620634150091E-003   5.1964193650502256E-004   0.0000000000000000     
  -5.8644287624734504E-003   7.7402712353459243E-004   0.0000000000000000     
  -6.4147058948809260E-003   1.0280705219761772E-003   0.0000000000000000     
  -6.9621504737467236E-003   1.2816599534166476E-003   0.0000000000000000     
  -7.5065207629560395E-003   1.5346834399019283E-003   0.0000000000000000     
  -8.0475763839138077E-003   1.7870292533832897E-003   0.0000000000000000     
  -8.5850784216891431E-003   2.0385859650533171E-003   0.0000000000000000     
  -9.1187895305135189E-003   2.2892424945497782E-003   0.0000000000000000     
  -9.6484740385858418E-003   2.5388881590055036E-003   0.0000000000000000     
  -1.0173898052138614E-002   2.7874127219229025E-003   0.0000000000000000     
  -1.0694829558718725E-002   3.0347064418512325E-003   0.0000000000000000     
  -1.1211038529637729E-002   3.2806601208454004E-003   0.0000000000000000     
  -1.1722297021545921E-002   3.5251651526846234E-003   0.0000000000000000     
  -1.2228379277085845E-002   3.7681135708299727E-003   0.0000000000000000     
  -1.2729061824580234E-002   4.0093980960992587E-003   0.0000000000000000     
  -1.3224123576710937E-002   4.2489121840385774E-003   0.0000000000000000     
  -1.3713345928144769E-002   4.4865500719692896E-003   0.0000000000000000     
  -1.4196512852063515E-002   4.7222068256898694E-003   0.0000000000000000     
  -1.4673410995555294E-002   4.9557783858118921E-003   0.0000000000000000     
  -1.5143829773825191E-002   5.1871616137097237E-003   0.0000000000000000     
  -1.5607561463183562E-002   5.4162543370636328E-003   0.0000000000000000     
  -1.6064401292770966E-002   5.6429553949762096E-003   0.0000000000000000     
  -1.6514147534979252E-002   5.8671646826421913E-003   0.0000000000000000     
  -1.6956601594528730E-002   6.0887831955518902E-003   0.0000000000000000     
  -1.7391568096162314E-002   6.3077130732088317E-003   0.0000000000000000     
  -1.7818854970917689E-002   6.5238576423421717E-003   0.0000000000000000     
  -1.8238273540939598E-002   6.7371214595949060E-003   0.0000000000000000     
  -1.8649638602794647E-002   6.9474103536689633E-003   0.0000000000000000     
  -1.9052768509251930E-002   7.1546314669086036E-003   0.0000000000000000     
  -1.9447485249493336E-002   7.3586932963037328E-003   0.0000000000000000     
  -1.9833614527718112E-002   7.5595057338950717E-003   0.0000000000000000     
  -2.0210985840106985E-002   7.7569801065632870E-003   0.0000000000000000     
  -2.0579432550111836E-002   7.9510292151845352E-003   0.0000000000000000     
  -2.0938791962037774E-002   8.1415673731351761E-003   0.0000000000000000     
  -2.1288905392884836E-002   8.3285104441285143E-003   0.0000000000000000     
  -2.1629618242418110E-002   8.5117758793670853E-003   0.0000000000000000     
  -2.1960780061434655E-002   8.6912827539938012E-003   0.0000000000000000     
  -2.2282244618197836E-002   8.8669518028261750E-003   0.0000000000000000     
  -2.2593869963008960E-002   9.0387054553575201E-003   0.0000000000000000     
  -2.2895518490888399E-002   9.2064678700099593E-003   0.0000000000000000     
  -2.3187057002337995E-002   9.3701649676238841E-003   0.0000000000000000     
  -2.3468356762158232E-002   9.5297244641692480E-003   0.0000000000000000     
  -2.3739293556294099E-002   9.6850759026641670E-003   0.0000000000000000     
  -2.3999747746684497E-002   9.8361506842867315E-003   0.0000000000000000     
  -2.4249604324091036E-002   9.9828820986663045E-003   0.0000000000000000     
  -2.4488752958882899E-002   1.0125205353340961E-002   0.0000000000000000     
  -2.4717088049755285E-002   1.0263057602368009E-002   0.0000000000000000     
  -2.4934508770359940E-002   1.0396377974074972E-002   0.0000000000000000     
  -2.5140919113827313E-002   1.0525107597938833E-002   0.0000000000000000     
  -2.5336227935160386E-002   1.0649189630581564E-002   0.0000000000000000     
  -2.5520348991481884E-002   1.0768569280870641E-002   0.0000000000000000     
  -2.5693200980116515E-002   1.0883193834113144E-002   0.0000000000000000     
  -2.5854707574492129E-002   1.0993012675333201E-002   0.0000000000000000     
  -2.6004797457843211E-002   1.1097977311622041E-002   0.0000000000000000     
  -2.6143404354702523E-002   1.1198041393551171E-002   0.0000000000000000     
  -2.6270467060166284E-002   1.1293160735638906E-002   0.0000000000000000     
  -2.6385929466920800E-002   1.1383293335861532E-002   0.0000000000000000     
  -2.6489740590017605E-002   1.1468399394200105E-002   0.0000000000000000     
  -2.6581854589387190E-002   1.1548441330215122E-002   0.0000000000000000     
  -2.6662230790080486E-002   1.1623383799640886E-002   0.0000000000000000     
  -2.6730833700230008E-002   1.1693193709992640E-002   0.0000000000000000     
  -2.6787633026721866E-002   1.1757840235179192E-002   0.0000000000000000     
  -2.6832603688572435E-002   1.1817294829114899E-002   0.0000000000000000     
  -2.6865725828003454E-002   1.1871531238324797E-002   0.0000000000000000     
  -2.6886984819210528E-002   1.1920525513537387E-002   0.0000000000000000     
  -2.6896371274821671E-002   1.1964256020260007E-002   0.0000000000000000     
  -2.6893881050042270E-002   1.2002703448331927E-002   0.0000000000000000     
  -2.6879515244485477E-002   1.2035850820451249E-002   0.0000000000000000     
  -2.6853280201686675E-002   1.2063683499671612E-002   0.0000000000000000     
  -2.6815187506302143E-002   1.2086189195865356E-002   0.0000000000000000     
  -2.6765253978993882E-002   1.2103357971150645E-002   0.0000000000000000     
  -2.6703501669001806E-002   1.2115182244279600E-002   0.0000000000000000     
  -2.6629957844407626E-002   1.2121656793986090E-002   0.0000000000000000     
  -2.6544654980093920E-002   1.2122778761291222E-002   0.0000000000000000     
  -2.6447630743404248E-002   1.2118547650765839E-002   0.0000000000000000     
  -2.6338927977510126E-002   1.2108965330749214E-002   0.0000000000000000     
  -2.6218594682492893E-002   1.2094036032524123E-002   0.0000000000000000     
  -2.6086683994148093E-002   1.2073766348448384E-002   0.0000000000000000     
  -2.5943254160522278E-002   1.2048165229043881E-002   0.0000000000000000     
  -2.5788368516192241E-002   1.2017243979044228E-002   0.0000000000000000     
  -2.5622095454298305E-002   1.1981016252402953E-002   0.0000000000000000     
  -2.5444508396343841E-002   1.1939498046264299E-002   0.0000000000000000     
  -2.5255685759774309E-002   1.1892707693899296E-002   0.0000000000000000     
  -2.5055710923350485E-002   1.1840665856610356E-002   0.0000000000000000     
  -2.4844672190330593E-002   1.1783395514607789E-002   0.0000000000000000     
  -2.4622662749478171E-002   1.1720921956862395E-002   0.0000000000000000     
  -2.4389780633912429E-002   1.1653272769938560E-002   0.0000000000000000     
  -2.4146128677819709E-002   1.1580477825812835E-002   0.0000000000000000     
  -2.3891814471044753E-002   1.1502569268683279E-002   0.0000000000000000     
  -2.3626950311582001E-002   1.1419581500775502E-002   0.0000000000000000     
  -2.3351653155988052E-002   1.1331551167151611E-002   0.0000000000000000     
  -2.3066044567736890E-002   1.1238517139528784E-002   0.0000000000000000     
  -2.2770250663540832E-002   1.1140520499114586E-002   0.0000000000000000     
  -2.2464402057661058E-002   1.1037604518466715E-002   0.0000000000000000     
  -2.2148633804231953E-002   1.0929814642385032E-002   0.0000000000000000     
  -2.1823085337624903E-002   1.0817198467844371E-002   0.0000000000000000     
  -2.1487900410878259E-002   1.0699805722977157E-002   0.0000000000000000     
  -2.1143227032219790E-002   1.0577688245114771E-002   0.0000000000000000     
  -2.0789217399710555E-002   1.0450899957897679E-002   0.0000000000000000     
  -2.0426027834038494E-002   1.0319496847464292E-002   0.0000000000000000     
  -2.0053818709491609E-002   1.0183536937729023E-002   0.0000000000000000     
  -1.9672754383141151E-002   1.0043080264760574E-002   0.0000000000000000     
  -1.9283003122266204E-002   9.8981888502717007E-003   0.0000000000000000     
  -1.8884737030051679E-002   9.7489266742321959E-003   0.0000000000000000     
  -1.8478131969592193E-002   9.5953596466170771E-003   0.0000000000000000     
  -1.8063367486236045E-002   9.4375555783026543E-003   0.0000000000000000     
  -1.7640626728302980E-002   9.2755841511231243E-003   0.0000000000000000     
  -1.7210096366211063E-002   9.1095168871010504E-003   0.0000000000000000     
  -1.6771966510048260E-002   8.9394271168652308E-003   0.0000000000000000     
  -1.6326430625625148E-002   8.7653899472699658E-003   0.0000000000000000     
  -1.5873685449045955E-002   8.5874822282300083E-003   0.0000000000000000     
  -1.5413930899835351E-002   8.4057825187857736E-003   0.0000000000000000     
  -1.4947369992659647E-002   8.2203710524138933E-003   0.0000000000000000     
  -1.4474208747681166E-002   8.0313297015983543E-003   0.0000000000000000     
  -1.3994656099585723E-002   7.8387419416779663E-003   0.0000000000000000     
  -1.3508923805322686E-002   7.6426928139859173E-003   0.0000000000000000     
  -1.3017226350599301E-002   7.4432688882979936E-003   0.0000000000000000     
  -1.2519780855169683E-002   7.2405582246057500E-003   0.0000000000000000     
  -1.2016806976960951E-002   7.0346503342317368E-003   0.0000000000000000     
  -1.1508526815078446E-002   6.8256361403038037E-003   0.0000000000000000     
  -1.0995164811732919E-002   6.6136079376059760E-003   0.0000000000000000     
  -1.0476947653133336E-002   6.3986593518237317E-003   0.0000000000000000     
  -9.9541041693885068E-003   6.1808852982014927E-003   0.0000000000000000     
  -9.4268652334622213E-003   5.9603819396307611E-003   0.0000000000000000     
  -8.8954636592261382E-003   5.7372466441872258E-003   0.0000000000000000     
  -8.3601340986558872E-003   5.5115779421358495E-003   0.0000000000000000     
  -7.8211129382152900E-003   5.2834754824226254E-003   0.0000000000000000     
  -7.2786381944746625E-003   5.0530399886723944E-003   0.0000000000000000     
  -6.7329494090095678E-003   4.8203732147121736E-003   0.0000000000000000     
  -6.1842875426258862E-003   4.5855778996395013E-003   0.0000000000000000     
  -5.6328948689583639E-003   4.3487577224557636E-003   0.0000000000000000     
  -5.0790148674892859E-003   4.1100172562844135E-003   0.0000000000000000     
  -4.5228921160349626E-003   3.8694619221945007E-003   0.0000000000000000     
  -3.9647721827469427E-003   3.6271979426496536E-003   0.0000000000000000     
  -3.4049015176759894E-003   3.3833322946032044E-003   0.0000000000000000     
  -2.8435273439468326E-003   3.1379726622602451E-003   0.0000000000000000     
  -2.2808975485911756E-003   2.8912273895272253E-003   0.0000000000000000     
  -1.7172605730880492E-003   2.6432054321704583E-003   0.0000000000000000     
  -1.1528653036587536E-003   2.3940163097041813E-003   0.0000000000000000     
  -5.8796096136584696E-004   2.1437700570298987E-003   0.0000000000000000     
  -2.2796992064192477E-005   1.8925771758480760E-003   0.0000000000000000     
   5.4237704374739191E-004   1.6405485858636683E-003   0.0000000000000000     
   1.1073115811249873E-003   1.3877955758071234E-003   0.0000000000000000     
   1.6717571608805262E-003   1.1344297542923557E-003   0.0000000000000000     
   2.2354645397356997E-003   8.8056300053364334E-004   0.0000000000000000     
   2.7981848003810783E-003   6.2630741494277826E-004   0.0000000000000000     
   3.3596694613908201E-003   3.7177526962875294E-004   0.0000000000000000     
   3.9196705869450517E-003   1.1707895882156961E-004   0.0000000000000000     
   4.4779408963114171E-003  -1.3766905075791896E-004   0.0000000000000000     
   5.0342338730372449E-003  -3.9235626956012765E-004   0.0000000000000000     
   5.5883038738043563E-003  -6.4687023487899962E-004   0.0000000000000000     
   6.1399062368981110E-003  -9.0109856051230521E-004   0.0000000000000000     
   6.6887973902431987E-003  -1.1549289863882594E-003   0.0000000000000000     
   7.2347349589582787E-003  -1.4082494281364435E-003   0.0000000000000000     
   7.7774778723817481E-003  -1.6609480265810275E-003   0.0000000000000000     
   8.3167864705219526E-003  -1.9129131971347317E-003   0.0000000000000000     
   8.8524226098840308E-003  -2.1640336790713110E-003   0.0000000000000000     
   9.3841497686276976E-003  -2.4141985846553131E-003   0.0000000000000000     
   9.9117331510083558E-003  -2.6632974481068466E-003   0.0000000000000000     
   1.0434939791056476E-002  -2.9112202743802576E-003   0.0000000000000000     
   1.0953538655448675E-002  -3.1578575877347697E-003   0.0000000000000000     
   1.1467300745525580E-002  -3.4031004800759278E-003   0.0000000000000000     
   1.1975999198411287E-002  -3.6468406590463797E-003   0.0000000000000000     
   1.2479409387189371E-002  -3.8889704958446230E-003   0.0000000000000000     
   1.2977309020092124E-002  -4.1293830727509983E-003   0.0000000000000000     
   1.3469478238658069E-002  -4.3679722303394172E-003   0.0000000000000000     
   1.3955699714815473E-002  -4.6046326143544770E-003   0.0000000000000000     
   1.4435758746848149E-002  -4.8392597222328528E-003   0.0000000000000000     
   1.4909443354201758E-002  -5.0717499492487260E-003   0.0000000000000000     
   1.5376544371088504E-002  -5.3020006342627355E-003   0.0000000000000000     
   1.5836855538848765E-002  -5.5299101050541970E-003   0.0000000000000000     
   1.6290173597029143E-002  -5.7553777232167320E-003   0.0000000000000000     
   1.6736298373136570E-002  -5.9783039285973240E-003   0.0000000000000000     
   1.7175032871028877E-002  -6.1985902832593243E-003   0.0000000000000000     
   1.7606183357902715E-002  -6.4161395149498505E-003   0.0000000000000000     
   1.8029559449840405E-002  -6.6308555600524191E-003   0.0000000000000000     
   1.8444974195878330E-002  -6.8426436060060481E-003   0.0000000000000000     
   1.8852244160559039E-002  -7.0514101331717169E-003   0.0000000000000000     
   1.9251189504931234E-002  -7.2570629561280412E-003   0.0000000000000000     
   1.9641634065961665E-002  -7.4595112643777951E-003   0.0000000000000000     
   2.0023405434323606E-002  -7.6586656624471911E-003   0.0000000000000000     
   2.0396335030528165E-002  -7.8544382093604977E-003   0.0000000000000000     
   2.0760258179363989E-002  -8.0467424574721946E-003   0.0000000000000000     
   2.1115014182613464E-002  -8.2354934906399280E-003   0.0000000000000000     
   2.1460446390012329E-002  -8.4206079617209998E-003   0.0000000000000000     
   2.1796402268422149E-002  -8.6020041293761850E-003   0.0000000000000000     
   2.2122733469184544E-002  -8.7796018941643551E-003   0.0000000000000000     
   2.2439295893627864E-002  -8.9533228339121577E-003   0.0000000000000000     
   2.2745949756697102E-002  -9.1230902383430644E-003   0.0000000000000000     
   2.3042559648678965E-002  -9.2888291429504190E-003   0.0000000000000000     
   2.3328994594995097E-002  -9.4504663620996951E-003   0.0000000000000000     
   2.3605128114036655E-002  -9.6079305213451881E-003   0.0000000000000000     
   2.3870838273015137E-002  -9.7611520889469873E-003   0.0000000000000000     
   2.4126007741804387E-002  -9.9100634065741981E-003   0.0000000000000000     
   2.4370523844750285E-002  -1.0054598719180982E-002   0.0000000000000000     
   2.4604278610425221E-002  -1.0194694204042143E-002   0.0000000000000000     
   2.4827168819305134E-002  -1.0330287998935414E-002   0.0000000000000000     
   2.5039096049348401E-002  -1.0461320229458098E-002   0.0000000000000000     
   2.5239966719456212E-002  -1.0587733035465889E-002   0.0000000000000000     
   2.5429692130795406E-002  -1.0709470596622335E-002   0.0000000000000000     
   2.5608188505965364E-002  -1.0826479157047498E-002   0.0000000000000000     
   2.5775377025991645E-002  -1.0938707049055000E-002   0.0000000000000000     
   2.5931183865130384E-002  -1.1046104715967090E-002   0.0000000000000000     
   2.6075540223467555E-002  -1.1148624733997428E-002   0.0000000000000000     
   2.6208382357299127E-002  -1.1246221833192115E-002   0.0000000000000000     
   2.6329651607278431E-002  -1.1338852917419602E-002   0.0000000000000000     
   2.6439294424318586E-002  -1.1426477083400789E-002   0.0000000000000000     
   2.6537262393238153E-002  -1.1509055638770695E-002   0.0000000000000000     
   2.6623512254139947E-002  -1.1586552119163944E-002   0.0000000000000000     
   2.6698005921513460E-002  -1.1658932304316427E-002   0.0000000000000000     
   2.6760710501052259E-002  -1.1726164233175958E-002   0.0000000000000000     
   2.6811598304179191E-002  -1.1788218218015406E-002   0.0000000000000000     
   2.6850646860273001E-002  -1.1845066857541969E-002   0.0000000000000000     
   2.6877838926590538E-002  -1.1896685048996778E-002   0.0000000000000000     
   2.6893162495880807E-002  -1.1943049999239598E-002   0.0000000000000000     
   2.6896610801687020E-002  -1.1984141234813646E-002   0.0000000000000000     
   2.6888182321334372E-002  -1.2019940610986041E-002   0.0000000000000000     
   2.6867880776602550E-002  -1.2050432319760079E-002   0.0000000000000000     
   2.6835715132082143E-002  -1.2075602896855520E-002   0.0000000000000000     
