# chi2 & n_fit & D_PB [km] & Durda's filename (Material_velocity_angle_logtargettoprojectile)
    346.76   50   166.365  Basalt_5_15_1.8.sfd
    439.11   50   150.605  Basalt_6_30_1.8.sfd
    478.17   50   182.116  Basalt_4_15_1.4.sfd
    489.78   50   182.116  Basalt_3_15_1.4.sfd
    576.31   50   193.437  Basalt_6_15_1.8.sfd
    589.00   50   218.786  Basalt_7_45_1.4.sfd
    612.96   50   152.567  Basalt_6_45_1.4.sfd
    721.73   50   107.557  Basalt_4_15_1.8.sfd
    730.51   50   233.825  Basalt_7_30_1.8.sfd
    801.72   50   246.843  Basalt_4_30_1.4.sfd
    821.42   50   217.531  Basalt_4_45_1.0.sfd
    898.70   50   233.825  Basalt_7_15_1.8.sfd
   1322.35   50   349.349  Basalt_5_30_1.4.sfd
   1337.78   50   338.330  Basalt_5_45_1.0.sfd
   1528.88   50   281.165  Basalt_3_15_1.0.sfd
   1652.23   50   400.128  Basalt_6_45_1.0.sfd
   1691.58   50   384.222  Basalt_7_30_1.4.sfd
   1833.57   50    82.890  Basalt_5_30_1.8.sfd
   1884.24   50   333.894  Basalt_3_30_1.0.sfd
   1896.63   50   420.526  Basalt_7_45_1.0.sfd
   2071.04   50   454.158  Basalt_6_30_1.4.sfd
   2161.67   50    82.033  Basalt_5_45_1.4.sfd
   2197.97   50    75.038  Basalt_3_30_1.4.sfd
   2310.20   50    62.004  Basalt_3_45_1.0.sfd
   2313.00   50   503.762  Basalt_4_30_1.0.sfd
   2985.57   50   524.900  Basalt_6_15_1.4.sfd
   2999.77   50   485.890  Basalt_4_15_1.0.sfd
   3039.98   50    71.565  Basalt_7_45_1.8.sfd
   3071.88   50   531.807  Basalt_5_15_1.4.sfd
   3073.79   50   590.413  Basalt_6_30_1.0.sfd
   3096.75   50   603.470  Basalt_7_30_1.0.sfd
   3195.90   50   623.350  Basalt_5_30_1.0.sfd
   3229.30   50   549.189  Basalt_5_15_1.0.sfd
   3299.07   50    70.997  Basalt_7_15_2.2.sfd
   3357.01   50   614.468  Basalt_7_15_1.4.sfd
   3603.37   50   634.731  Basalt_6_15_1.0.sfd
   3604.92   50   637.066  Basalt_7_15_1.0.sfd
   3675.99   50    62.104  Basalt_6_45_1.8.sfd
   3704.70   50    58.285  Basalt_7_60_1.0.sfd
   3761.21   50    59.848  Basalt_4_45_1.4.sfd
   3780.47   50    64.285  Basalt_7_30_2.2.sfd
   3869.71   50    61.447  Basalt_4_30_1.8.sfd
   4074.74   50    63.134  Basalt_6_15_2.2.sfd
   4242.31   50    58.245  Basalt_3_15_1.8.sfd
   4309.46   50    53.718  Basalt_6_60_1.0.sfd
   4579.37   50    49.923  Basalt_5_60_1.0.sfd
   4752.11   50    58.245  Basalt_5_15_2.2.sfd
   4757.44   50    50.376  Basalt_3_45_1.4.sfd
   5057.63   50    55.105  Basalt_5_45_1.8.sfd
   5403.60   50    56.650  Basalt_6_30_2.2.sfd
   5603.03   50    50.853  Basalt_3_30_1.8.sfd
   5740.58   50    47.303  Basalt_4_60_1.0.sfd
   5935.15   50    52.702  Basalt_4_15_2.2.sfd
   6018.57   50    45.622  Basalt_3_60_1.0.sfd
   6123.44   50    49.961  Basalt_7_60_1.4.sfd
   6252.51   50    52.728  Basalt_5_30_2.2.sfd
   6287.10   50    52.753  Basalt_7_45_2.2.sfd
   6439.27   50    47.733  Basalt_4_45_1.8.sfd
   6586.69   50    48.589  Basalt_4_30_2.2.sfd
   6683.25   50    43.604  Basalt_3_60_1.4.sfd
   7082.37   50    47.720  Basalt_6_60_1.4.sfd
   7176.03   50    46.444  Basalt_5_60_1.4.sfd
   7296.16   50    49.941  Basalt_6_45_2.2.sfd
   7594.05   50    46.046  Basalt_7_45_2.6.sfd
   7741.07   50    48.167  Basalt_5_15_2.6.sfd
   7785.26   50    48.605  Basalt_6_30_2.6.sfd
   7982.23   50    44.796  Basalt_3_45_1.8.sfd
   8024.85   50    46.853  Basalt_5_45_2.2.sfd
   8221.99   50    50.376  Basalt_7_30_2.6.sfd
   8226.73   50    45.631  Basalt_3_15_2.2.sfd
   8522.96   50    43.995  Basalt_4_60_1.4.sfd
   8522.96   50    46.036  Basalt_7_60_1.8.sfd
   8569.54   50    52.229  Basalt_7_15_2.6.sfd
   8607.08   50    42.816  Basalt_3_60_1.8.sfd
   8760.59   50    50.834  Basalt_6_15_2.6.sfd
   9021.26   50    46.027  Basalt_7_15_3.0.sfd
   9214.86   50    45.203  Basalt_4_45_2.2.sfd
   9260.93   50    45.613  Basalt_5_30_2.6.sfd
   9408.22   50    44.394  Basalt_6_60_1.8.sfd
   9422.43   50    42.434  Basalt_7_75_1.0.sfd
   9593.35   50    42.822  Basalt_3_45_2.2.sfd
   9621.84   50    44.394  Basalt_3_30_2.2.sfd
  10337.69   50    44.394  Basalt_4_15_2.6.sfd
  10369.28   50    43.200  Basalt_5_60_1.8.sfd
  10493.88   50    42.434  Basalt_6_45_2.6.sfd
  10515.92   50    43.204  Basalt_3_75_1.4.sfd
  10645.20   50    43.200  Basalt_4_60_1.8.sfd
  10788.81   50    43.599  Basalt_4_30_2.6.sfd
  10811.41   50    42.822  Basalt_3_30_2.6.sfd
  11070.85   50    42.049  Basalt_5_75_1.0.sfd
  11232.09   50    42.812  Basalt_7_75_1.4.sfd
  11403.00   50    42.434  Basalt_3_75_1.8.sfd
  11422.80   50    42.054  Basalt_6_75_1.4.sfd
  11427.54   50    42.437  Basalt_3_15_2.6.sfd
  11496.86   50    43.204  Basalt_7_60_2.2.sfd
  11513.73   50    42.434  Basalt_4_60_2.2.sfd
  11639.46   50    42.434  Basalt_3_60_2.2.sfd
  11725.90   50    42.434  Basalt_4_75_1.8.sfd
  11760.45   50    41.300  Basalt_5_45_2.6.sfd
  11805.72   50    41.676  Basalt_6_60_2.2.sfd
  11851.94   50    40.928  Basalt_4_75_1.4.sfd
  11939.50   50    42.432  Basalt_4_75_1.0.sfd
  11981.78   50    41.674  Basalt_5_75_1.8.sfd
  12194.11   50    42.432  Basalt_3_75_2.2.sfd
  12246.10   50    41.675  Basalt_5_60_2.2.sfd
  12274.25   50    41.300  Basalt_3_75_1.0.sfd
  12287.69   50    43.995  Basalt_7_30_3.0.sfd
  12328.39   50    42.432  Basalt_4_45_2.6.sfd
  12366.20   50    43.204  Basalt_5_75_1.4.sfd
  12397.57   50    41.675  Basalt_3_45_2.6.sfd
  12652.82   50    41.674  Basalt_5_75_2.2.sfd
  12721.70   50    42.051  Basalt_6_75_1.0.sfd
  12764.76   50    42.822  Basalt_6_30_3.0.sfd
  12799.97   50    41.300  Basalt_4_75_2.2.sfd
  12813.96   50    43.208  Basalt_6_15_3.0.sfd
  13077.10   50    40.559  Basalt_6_75_1.8.sfd
  13175.77   50    42.051  Basalt_7_75_2.2.sfd
  13237.67   50    42.432  Basalt_6_75_2.2.sfd
  13283.62   50    41.675  Basalt_3_15_3.0.sfd
  13294.94   50    42.432  Basalt_4_60_2.6.sfd
  13312.07   50    42.430  Basalt_7_45_3.0.sfd
  13472.04   50    41.674  Basalt_5_60_2.6.sfd
  13550.15   50    42.052  Basalt_3_60_2.6.sfd
  13599.02   50    42.434  Basalt_4_30_3.0.sfd
  13681.11   50    41.674  Basalt_4_15_3.0.sfd
  13859.96   50    41.675  Basalt_7_60_2.6.sfd
  13870.35   50    42.054  Basalt_3_30_3.0.sfd
  14115.01   50    42.437  Basalt_5_30_3.0.sfd
  14155.89   50    42.052  Basalt_6_60_2.6.sfd
  14168.36   50    41.674  Basalt_7_75_1.8.sfd
  14264.14   50    41.674  Basalt_5_15_3.0.sfd
  14327.61   50    42.052  Basalt_4_45_3.0.sfd
  14343.63   50    42.052  Basalt_6_45_3.0.sfd
  14373.49   50    41.674  Basalt_6_60_3.0.sfd
  14446.14   50    41.674  Basalt_3_45_3.0.sfd
  14517.33   50    41.674  Basalt_5_45_3.0.sfd
  14542.53   50    42.434  Basalt_3_60_3.0.sfd
  14635.36   50    42.051  Basalt_4_60_3.0.sfd
  14905.70   50    42.430  Basalt_5_60_3.0.sfd
  15123.39   50    43.572  Basalt_7_75_3.0.sfd
  15172.09   50    41.300  Basalt_7_60_3.0.sfd
  15316.30   50    42.432  Basalt_7_75_2.6.sfd
  15757.71   50    42.054  Basalt_6_75_3.0.sfd
  15783.24   50    41.674  Basalt_6_75_2.6.sfd
  16177.11   50    41.675  Basalt_3_75_3.0.sfd
  16202.34   50    41.300  Basalt_3_75_2.6.sfd
  16269.27   50    41.676  Basalt_5_75_3.0.sfd
  16349.97   50    42.051  Basalt_4_75_3.0.sfd
  16363.92   50    42.434  Basalt_4_75_2.6.sfd
  16472.36   50    42.054  Basalt_5_75_2.6.sfd
