# n =  1380
# alpha =  1.25000    
# vmin =  1.00000     m/s
# vmax =  600.000     m/s
# R =  256500.     m
# rho =  2860.00     kg/m^3
# idum =    -1
# vesc =  324.259     m/s
 0.1003297503328436E+02 -.2489567977526909E+03 0.1482631346089596E+02
 -.1582999854727866E+03 -.2295616820641389E+03 -.4836309480343964E+03
 -.3110021924581103E+03 0.2797365031919593E+03 0.1141526374586568E+03
 -.2621576852484902E+03 -.3681657141920986E+03 -.2783913933707718E+03
 0.1907814788009007E+01 -.9046725763933772E+02 0.1288774693763056E+03
 0.3116446173791783E+02 -.2335112053365094E+02 -.1963331407192381E+02
 0.5761010696492174E+01 0.3096089410843105E+03 -.8353160296058888E+01
 0.9344838109084886E+02 0.2062455612529452E+02 0.4985994924681913E+03
 0.3681226064076088E+03 0.1472620735981007E+03 -.9444218702602893E+02
 0.1543912521057538E+03 -.6716505728394806E+02 0.2319787628701342E+03
 0.1841312002517834E+03 0.8913218173846367E+01 -.5155367996817121E+02
 0.7340231166854362E+02 0.1268428590583230E+03 0.7849679216505896E+02
 -.1914360611909432E+02 -.2206228714653460E+03 -.1397241577571222E+03
 -.2886017194881380E+03 0.6556606984627781E+02 0.1596262578630706E+02
 0.1758744912092008E+03 -.1111166613516195E+03 0.1336153171597072E+03
 -.2499523053676803E+03 -.1563792301890827E+03 0.1187308288449038E+03
 0.3166139924504154E+03 -.2667460173912504E+03 0.3594781995170428E+03
 0.2608118795173594E+03 0.5495860077701450E+02 -.1386053741301611E+03
 0.2922043972181561E+03 -.2394605508457681E+03 0.2161373613114712E+03
 0.6935732489915900E+02 -.1062549851829180E+03 0.1393535560810610E+02
 0.4458576114154490E+03 0.8404095190244245E+01 0.1814611351595308E+03
 -.3074256202256356E+03 0.1753883863489409E+03 -.2275737523579497E+02
 -.7873293192559055E+02 -.1731335642106091E+02 -.2358396494562227E+03
 -.6499154969018760E+02 0.1213901752230223E+03 0.1316807214843032E+03
 -.2682807081461506E+03 -.1705130381343590E+03 0.1014802210011682E+03
 0.1039525135016896E+03 -.1131704708978318E+03 0.5796517038660625E+03
 -.2452001236336023E+03 0.1464844727854566E+03 -.6581736767833124E+02
 0.2240348024020231E+03 0.3240206754296330E+03 -.4044484977991818E+03
 0.8372002705603238E+02 0.1805452005477052E+03 0.4388255150159459E+03
 0.1689003252727586E+03 0.2652870033984510E+03 -.2319111957636839E+03
 -.6749013300296662E+02 -.7121154540623392E+02 0.1323537383138508E+03
 0.3433278044045126E+02 -.2951350822553412E+02 -.6383001209651211E+02
 0.3814044664610194E+02 0.4731454462828525E+02 -.6487094050078515E+02
 0.1822226441092272E+03 0.1861860682749568E+03 -.8221530364634592E+02
 0.2690587335814597E+02 0.1212585662145414E+03 0.2491770321990715E+03
 0.6055336610104634E+02 0.1854012240135850E+03 0.2771993197730085E+03
 0.8845255296513879E+02 0.1222850444955615E+03 0.2582173273671870E+03
 0.3746170422899291E+03 -.1181717815537454E+03 -.2266391442726514E+03
 -.1052821234526811E+03 -.1160527288789047E+03 0.1898838642870135E+03
 -.4850475261058807E+02 0.1923404792868366E+03 -.9328755066681843E+02
 -.7165902618856951E+02 -.2314127459595289E+03 -.5499250377197889E+02
 -.4402907381699181E+03 0.1064509022031831E+03 0.1743363279630744E+03
 -.5704563373740805E+02 -.2601346410345081E+03 0.1377772113228927E+03
 0.3611976103382433E+02 -.2923652417307650E+01 -.4083309941492202E+02
 -.2355080011959299E+03 -.3728169857016891E+02 0.1133768233782014E+03
 -.2695677406849566E+02 -.5174282347493477E+03 -.3810985076082198E+02
 0.9128335740987173E+02 0.4148874995804389E+03 0.3493051424271896E+03
 0.9200587100941868E+02 -.7609568938288331E+02 0.8962181151515743E+01
 0.4638296176865089E+02 0.1880838737384000E+03 0.1504179270417818E+03
 0.4080829340907441E+03 0.3101585373049023E+03 0.1410262778140741E+03
 0.2022501007399716E+02 -.1863600841947674E+02 -.4631954778065913E+03
 -.2541448592277152E+03 -.4467304870555560E+03 -.5129267756335238E+02
 0.1398184096403620E+03 0.9444215770018346E+02 0.8613242969415722E+02
 0.4760695964942377E+03 0.5738537351871059E+02 -.3499234115404868E+03
 -.2114024867085931E+02 -.5990612612722162E+01 0.3691568781331736E+03
 -.1758588461037717E+03 0.9998075779211970E+02 -.1943410976260116E+03
 0.2143434525790638E+03 -.2303790868015139E+03 0.2861939836379200E+03
 0.7859274470592236E+01 0.2102778827892548E+03 -.3512959712468044E+03
 -.4521887793169439E+03 0.2395678253397400E+03 -.2477005379652032E+03
 -.2289959097988385E+03 0.2592254419367766E+03 0.9989654418312403E+01
 0.4244055192459413E+02 0.1108886023817367E+03 -.5686201432644802E+02
 -.2569318305574868E+03 -.1823085603324813E+03 0.2743375334539016E+03
 0.3302373760665104E+00 -.1787263829844137E+02 0.7989769570627431E+02
 0.2760452569733106E+03 0.1557056628946293E+03 -.2683840625085655E+03
 0.3167925182507325E+03 -.1302942210122670E+03 -.3216586933526315E+03
 0.1347534609087047E+03 0.2173992570212900E+03 0.1391892851968499E+03
 -.1397488803066748E+02 0.1151904996692385E+03 0.5476899348014111E+02
 -.3344497155930585E+03 0.1552094606241465E+03 -.2048494365579230E+03
 -.1470091644155249E+03 -.1634695837244002E+03 -.8527966924723117E+02
 -.2758245699795663E+02 -.7816187583263991E+02 -.2227621938683633E+02
 0.2187157230315795E+03 0.2491306896262640E+03 -.1874277833627470E+03
 -.1950505511444831E+03 0.2083836338312791E+03 0.7958720168711715E+01
 0.3130678299227521E+02 -.3955432121020629E+03 0.7093146874477219E+02
 -.2004291158914691E+03 -.3619923100195916E+03 0.1410779569574957E+03
 0.2862742884044833E+03 0.2697118312202555E+02 0.1253699838372384E+03
 -.3225409167856882E+03 0.2287112315066123E+03 -.9102320568631696E+02
 -.2331528109585421E+03 0.4831251176682554E+03 0.2258637267575959E+03
 -.4949945215172247E+02 0.3228959896087680E+03 -.2575754666489002E+02
 0.3394457637912543E+03 -.3588752382617480E+02 0.3235563860710209E+03
 0.2385762584720441E+03 0.2169149463212104E+03 -.3153629302508550E+03
 0.5379606153167259E+03 0.7512802479348829E+02 0.1620956469834971E+03
 -.3448526957305612E+03 0.1216554005107360E+03 0.1671168858031503E+03
 -.1291029308758073E+03 -.4655926789348138E+03 0.8313568101066579E+02
 0.2164403580417981E+03 0.3561103705251287E+03 0.2383252156967747E+02
 -.7046828675926226E+02 0.2444076466789346E+02 -.4638366133180619E+03
 -.1074207530109181E+02 -.5147491134607038E+03 -.1692957409160489E+03
 -.2596421505476995E+03 -.3439289687105806E+02 0.8788030602330475E+02
 0.3022319417228585E+02 0.4780579964629100E+02 0.2607219793792243E+02
 -.8591039449308211E+02 0.7131580544293753E+02 -.6559385380600121E+02
 -.4862282824648941E+02 0.1597562520814303E+03 0.1397923215113473E+02
 -.1050766977424363E+03 -.1225487156944744E+02 -.2058718184632429E+03
 0.3203563502270324E+03 0.1209956978061901E+03 0.3476150929517882E+03
 -.4747137826560051E+03 -.2524029774232488E+03 -.2546942341914173E+03
 0.2771453215906708E+02 -.1689297700376196E+03 0.1008875802754731E+03
 -.5356765454081430E+02 0.1450632730793961E+01 0.9944647451352775E+02
 -.2875419819678573E+03 0.1872244833485814E+02 -.3248835114339394E+03
 -.2942582426386622E+02 -.3715183347967563E+01 -.3633584022352140E+03
 -.1400784854413622E+02 -.2015927532066640E+03 0.1854806235337979E+03
 0.2656452294685342E+02 -.3976156046308826E+03 -.1241138910830296E+03
 -.1148904748298758E+03 0.1612726710756161E+02 -.6381838634294218E+02
 0.3843417031561938E+03 0.1468815545014556E+02 0.1349181910344345E+03
 -.3307972337163607E+03 -.2383095988313873E+03 -.6241513923835120E+02
 0.1781089470194729E+03 0.1016012496511922E+03 0.4445477437948824E+03
 0.3044535967378888E+03 -.2514900217819899E+02 0.1292744851388903E+03
 0.9532569306865115E+02 0.5268147290840340E+02 -.6282964476747210E+02
 -.5548342491365906E+03 0.2007271083755598E+02 -.7631968692211848E+02
 0.4026388055842590E+02 -.3336474786629015E+03 0.3171376697346232E+02
 0.4384229778603324E+02 -.1048223450014700E+03 0.7268381376496488E+02
 -.5168831417838659E+01 -.1394675145056633E+03 -.1350234993412062E+02
 0.2576644140115267E+02 -.4282436458484712E+02 -.4641272562800665E+02
 0.3884812376235939E+03 -.6340154424808676E+02 0.2263514267379172E+03
 -.4034770233061030E+03 0.4019079913443292E+03 -.5087750880190759E-01
 -.2106200177209593E+03 -.3017390790984605E+03 -.1338740808822901E+03
 -.4321511746842758E+03 0.1659934215750604E+03 -.1465415886394742E+02
 0.3233015799516588E+02 0.2635315307242136E+03 0.9092527836004001E+02
 0.4328966923102923E+03 -.3232695868150521E+03 -.2217256117207850E+03
 -.1477646940638635E+02 0.2802379129875106E+02 -.2310935072959162E+02
 0.5909005668103998E+02 -.9110423501717268E+02 -.3943208698494302E+03
 0.2884289851740157E+03 0.4550167116357132E+03 0.1026036820191356E+03
 0.1196357365640448E+03 0.1179173970733305E+03 -.1464855837634300E+03
 -.2371637787990637E+03 -.1241934862433755E+03 -.5368461077085981E+02
 -.5023172510849527E+03 0.2696979128467311E+03 0.1367392823885515E+03
 0.2216339978042871E+03 0.1718481363856972E+03 0.1005997771856441E+03
 0.3231088957319073E+03 0.1802982374462972E+03 -.1984638967003922E+03
 0.9107659284141758E+02 -.2686616714994103E+03 -.1387707044228789E+03
 -.2589768432843159E+03 0.6690557929103616E+02 -.1239561526830220E+03
 -.1859241598044545E+03 -.9646561516314362E+02 -.1442654519171472E+03
 -.2093570033231120E+03 -.5305977564544218E+02 -.2349349188532986E+02
 -.3239906209015496E+02 0.1645917484951707E+02 0.7174491816178561E+02
 0.3967154712623785E+02 0.9463789476462991E+02 0.3964615648806749E+01
 0.2870162496572608E+02 0.9778845385051780E+02 -.1818895279953118E+03
 0.4669737572041359E+02 0.4321122239667869E+03 0.1970514156889860E+03
 -.2310890994475194E+03 0.4239117533963494E+03 0.2912161279367793E+03
 -.1632084316148540E+03 0.1683761864462553E+03 -.1270728273450839E+03
 -.2424320031894891E+03 0.4703857235713978E+02 0.4130571983869770E+03
 -.1270577443683645E+03 -.2968458366699146E+02 0.1173399591180829E+03
 -.2533480704382083E+02 0.2492911630686854E+03 -.1590269487318223E+03
 -.8334426762352210E+01 -.1970957860533156E+03 0.1668513863874795E+03
 0.9796833631319862E+02 -.1166404726962141E+03 -.2773920035222654E+03
 0.1042550523115992E+03 0.5563082072225469E+03 -.3621284932485889E+02
 -.4379753314603278E+02 -.1339097260142493E+03 -.3257937031524448E+03
 0.5056876429390617E+02 -.7630646682706281E+00 0.4242353940332612E+02
 -.6311268071078948E+02 0.9463055467506605E+02 -.3043605855420477E+03
 -.2089368212721402E+03 -.3857245552294842E+03 -.5652989761357613E+02
 0.6492503995207797E+02 0.9364906144031007E+01 -.9468807878722872E+02
 -.9352933164691532E+01 -.5919846588043751E+01 0.1128000644337620E+02
 -.2208988681743010E+03 -.3324151576066944E+02 -.2055737840289076E+03
 -.2497790527111806E+03 -.1854316268639406E+03 0.1052576756551847E+02
 -.1063129676006871E+03 0.1946005164897203E+03 -.2291235064619304E+03
 -.2634582046905776E+03 -.5132709419712054E+03 0.1007536168842459E+03
 0.2437499077153577E+03 0.3409447862933692E+03 -.4086280772269411E+01
 0.7830733354550138E+02 -.4233656149764966E+02 -.1635201923473974E+01
 -.3694757705996547E+03 -.1502850609089970E+03 0.3906498434926787E+02
 -.1709749943914645E+03 -.5773415963728822E+02 0.3191841502267150E+03
 -.6693553579878796E+01 -.1994211736138273E+02 0.9570102796461807E-01
 -.5936260889426097E+02 -.7132103915785174E+02 0.3830244266579402E+02
 0.2166406490281877E+03 0.3070066233415220E+02 0.1935261744700381E+03
 -.5430300227796941E+02 -.1800078749196504E+03 0.1290879818903660E+03
 0.4351827149712138E+02 0.2417754139655916E+03 0.4472981414639121E+03
 -.1014772994207297E+03 0.5300854194535626E+03 0.1165461055184043E+03
 -.4524048407462337E+03 -.9873543540416057E+02 -.1233906483104726E+02
 -.2088504010362209E+03 -.8954935850460537E+01 -.2400254702583676E+03
 -.3700903807532978E+03 -.3090657971119776E+03 -.2424896071333961E+03
 0.4762671769086026E+03 0.1441498766486220E+02 -.2971753263284021E+03
 -.1004961105613102E+03 0.9090508609824403E+02 0.2693499249539100E+02
 -.1370639456679435E+03 -.9590428487943986E+02 -.4924972459069306E+01
 0.3860073699074852E+02 0.1254230981877500E+03 0.2126538742035429E+03
 0.1000511611614820E+03 -.1228685361537589E+03 0.1328041888334180E+03
 -.1034907757218395E+03 -.2253863029526995E+03 0.6524189818804006E+01
 0.4117345126102042E+03 -.6694286505192193E+02 0.6034167966558006E+02
 -.1555674122896019E+03 0.4053114352750006E+03 0.6389766669804656E+02
 -.8575972255770279E+02 -.2479177297247778E+03 -.4853345548752871E+03
 -.2885081569955800E+03 0.1489862418808189E+03 0.3561632354021391E+03
 -.2048441932155198E+03 -.1002594622226849E+03 0.1172437159972619E+02
 0.2971139644727250E+03 -.3386812107351554E+03 -.1024113554882104E+03
 0.1229900868280237E+03 -.2870967165525371E+03 0.3738336437719902E+03
 -.9413289178008835E+01 0.5569663700125964E+02 0.3143292878671050E+02
 0.1643353039882543E+03 -.6521849976560171E+02 -.1795994664307039E+03
 0.2770585112659247E+03 0.1365271012698042E+03 -.5212509650831989E+02
 -.8879312770385826E+02 0.2914640991248800E+03 -.2665337030905500E+03
 0.5103677110656731E+02 -.4174901275503575E+03 0.6805374081914182E+02
 0.1789525207429484E+03 -.1719150732895625E+03 -.2288507210317344E+03
 0.1489622320392224E+03 0.5427149123321526E+02 0.1660362941089459E+03
 -.2481344109883636E+03 0.4463042254426639E+03 0.1360987455932170E+03
 -.1190132305158136E+03 0.1395237560863562E+03 -.1805120558212482E+03
 0.1352913058892879E+03 -.6073522020594972E+02 -.3984499763839142E+03
 -.2748733148104801E+03 0.3024831324629927E+03 -.2801112174296781E+00
 -.1686536900985504E+03 0.2054934880012161E+03 -.4966514143887134E+02
 0.1059736656957176E+03 -.1293975072764276E+03 0.2373051169069529E+03
 0.1883435888656707E+02 0.5369437963605957E+02 -.5289375942530082E+02
 0.3958987912325389E+03 -.1144419291933740E+02 0.1708725827350339E+03
 0.3800164268569837E+02 -.1359455012714386E+03 -.1118078638353991E+03
 -.2801087394990190E+03 0.3961262152014876E+02 -.8400338502771936E+02
 0.6766239268722080E+02 -.2369020772755244E+03 0.7549884059873249E+02
 -.7711331735126852E+02 0.2888162280335962E+03 -.1209960526162563E+02
 0.5397588810271868E+02 -.1696139919862150E+03 0.6301140145205095E+02
 -.1591509684506127E+03 -.1900783529549937E+03 0.2490511816478927E+03
 -.4316392214470762E+01 0.4847847349599704E+02 0.5658183165004714E+02
 -.5392962693662391E+02 0.5235084259683249E+02 -.1575947423123767E+03
 -.4410962549592418E+02 0.4041367846674288E+02 -.2790229358862050E+02
 0.3211692226288685E+03 0.3082727117223413E+03 -.1711111245081304E+03
 0.3387666349134789E+03 0.4361547559687872E+03 0.1612221357487326E+02
 -.1705415002807355E+03 -.2195697851340515E+03 -.2341076319235993E+02
 0.1007266592047182E+03 -.1597193567527152E+03 0.1691806220090340E+03
 -.6891611135886127E+02 0.2485769137180948E+03 0.2419287060926047E+03
 0.1894247879842052E+03 0.1144913405853283E+02 0.1140871497311910E+03
 -.3348930779186833E+03 0.2251824689879779E+03 0.1967955464634730E+03
 0.5876127219602841E+02 0.1928948586231641E+02 -.1059678987452582E+02
 0.1075293216535704E+03 -.4724761547001638E+02 -.1913835093883912E+03
 0.2447910163903467E+03 -.4237168219640225E+03 0.1714254741420328E+03
 0.9597651622662831E+02 -.1706886479567588E+03 0.6608899096145869E+02
 -.3285711759206704E+03 0.7766404719601438E+02 -.2794439625970768E+03
 -.6326036428293254E+02 0.3740049060832981E+03 0.1334816204474443E+03
 0.2890300654746408E+03 -.4908924103194215E+03 0.3983223471416171E+02
 0.1946631389931758E+03 0.2324582513410121E+02 0.3832425377154483E+02
 -.1887794097497645E+03 0.2614560147724230E+03 0.9627087717406802E+02
 0.3223831888090985E+03 0.2339726726022964E+02 -.1934507231250827E+03
 -.8868732453854462E+02 -.8675007316769002E+02 0.2332165042225396E+03
 -.1498329097181675E+03 -.2793594222513277E+03 -.5401963914466959E+02
 -.1256891941998022E+03 0.2528180330649689E+03 0.4753584799047699E+03
 -.7788534073885040E+02 -.1203633065955089E+03 -.3794597090277601E+03
 0.1596449034446049E+03 -.2620597905777062E+03 0.2530453592158151E+03
 -.6960396565861996E+02 -.1217581624106192E+03 0.4784138625400053E+02
 0.4631991921348597E+03 -.2624046186244919E+03 0.8004780796995423E+02
 -.7750156957246864E+02 0.6240718398883146E+01 -.5156841548726098E+03
 -.2749724460170557E+03 -.2882569087789588E+03 -.3047931955746619E+03
 -.9884623834741852E+02 0.1335765467118952E+03 -.1919552293762986E+02
 0.4643631813246326E+03 -.1602270533294331E+03 -.1091402211354461E+03
 0.3566356135570106E+03 -.4471323594690138E+03 0.8009053369787117E+02
 0.4430497461557065E+03 0.2882513103248434E+03 0.9723109555995049E+02
 0.1050429796342106E+02 0.2931844335916573E+03 -.2490429326796827E+03
 0.2740240083866954E+03 0.2776065664702896E+03 0.5209005250581436E+02
 -.4202656261164063E+03 -.1336330525652554E+02 -.2088400302668140E+03
 -.7019137435479691E+02 0.5696642392187384E+02 -.5342395595687370E+03
 0.2807907397310818E+03 0.2882552476998333E+03 -.9361514547165736E+02
 -.1435921079840274E+03 0.1656517400530667E+02 -.1909908792836977E+02
 -.7841990485738576E+01 -.4373575535383399E+01 -.2887194502363849E+02
 -.4307430709979490E+03 0.6281858652132333E+02 -.3842524555878082E+03
 -.1412600928108547E+03 -.2528133236845955E+03 0.1261210461730516E+03
 0.1703069336605016E+03 -.4366486511806653E+02 0.1264753873700078E+03
 0.2564505570906591E+02 -.1360214494877619E+03 -.1513607792868686E+03
 0.3007381984645857E+03 -.1094434554093277E+03 -.2894657034952687E+03
 -.1237303009230489E+03 0.8435428796046067E+02 0.5283624696072856E+02
 0.2891019079915959E+02 0.2273007756521764E+02 0.2399276492848059E+02
 0.4146425759043528E+03 -.3294035759533783E+01 0.3727874853012781E+03
 -.2550649572965312E+03 -.2293611240132407E+03 -.3619325769340046E+03
 0.9366562150614232E+02 0.4020083639351164E+03 -.1994531553271761E+03
 -.1419151935529784E+03 0.2063289529797016E+03 0.1447134699798343E+03
 -.2639453026761796E+03 0.4710194798599205E+03 -.7197964780235010E+02
 -.5202251727924621E+01 0.1099540758778002E+03 -.7679533459424231E+02
 0.1776419185386590E+03 -.1861374864578963E+03 -.2967661817132652E+03
 -.4013691647549533E+03 0.3739432518044482E+03 -.7356467656172749E+01
 0.5799071749305151E+02 -.2193221404635714E+03 -.3436807095386433E+02
 0.2174326102596439E+03 -.1211074810521145E+03 0.2362149410306409E+03
 -.4166038588064000E+02 -.3295000580479943E+03 -.1756081261250182E+03
 -.2512364318918494E+01 0.2044920232686643E+03 0.4543696653010033E+02
 -.7440899682905612E+02 0.8746450905387981E+02 -.1238930963432174E+03
 0.2102073675075465E+03 -.3736926864283436E+03 -.1325570406209296E+03
 0.1715835918030202E+02 0.5013390129928283E+02 0.1304545107520366E+03
 0.1321521885835240E+03 0.5257492789376124E+02 0.1733089650637795E+03
 0.4248008066244802E+02 0.2381681278755436E+02 0.8101234347790448E+02
 0.1199682535519537E+01 -.3637977711989531E+03 0.2909751388930159E+03
 0.3082510250916883E+02 -.9255356585065516E+02 -.1231649011198459E+03
 0.4270769462198526E+02 0.2999245396577755E+03 -.3538708100263081E+03
 0.2668764956774757E+02 0.3598226433515098E+03 -.2342132796633672E+03
 -.2645102269671287E+02 -.2173372377461422E+02 -.2530218227797719E+02
 -.1250314013057127E+03 -.1812047552693216E+03 0.5062788337065913E+02
 -.1150689872922500E+03 -.2611503195196816E+03 -.2051776772990574E+03
 -.1427153305954344E+03 -.1825380398080232E+03 -.2435962810429524E+03
 0.2253267025283856E+03 0.2227954224411581E+01 0.1926898380099188E+02
 0.1539343795961696E+03 0.3246097580479462E+02 -.8648885796843182E+02
 0.1920067145949343E+03 0.2356296582360271E+03 0.2640781905597244E+03
 -.1905446968691100E+03 0.1213171052823557E+03 -.2311231259937485E+02
 -.2287552546349866E+03 0.4051593932397149E+03 0.1519332811630550E+03
 0.2587752514001995E+03 0.4704369187098807E+03 0.1086773150273727E+03
 -.1004304378275706E+02 -.1585430880216345E+03 -.2428095866604038E+03
 -.4764444509149246E+03 0.1620739566400526E+03 -.4193431550665653E+02
 -.2131501253227064E+03 -.1121023358352325E+03 0.2936326542029152E+03
 -.2105391610221413E+03 0.3762277692363823E+02 -.1078508464899109E+03
 0.5564904010010308E+02 -.8793799068771773E+02 0.5165207929078423E+02
 -.1924959930115755E+03 0.4023144051620107E+02 0.1464169962205649E+03
 -.1812370090877360E+03 0.5142011557253388E+03 0.2294178314041453E+03
 -.3027462010275437E+03 0.1010665605211808E+03 0.2000393439634863E+03
 0.1116301432772138E+03 -.5197170837701139E+02 -.3317071694492429E+03
 0.1810946736085987E+03 0.2133938229144705E+03 -.2422757778249861E+02
 -.1695026993658953E+03 0.2339717958831959E+03 -.1653062901568564E+03
 -.2559426427222983E+03 0.4367407108578057E+03 -.9339887707346212E+02
 -.1678844356268916E+03 -.2716241746535946E+03 -.6412619589433282E+02
 -.7679623198795493E+02 0.1354820769772649E+03 0.2509252222149623E+03
 0.7762757606425889E+02 -.1851370916298333E+03 -.4661301408916935E+02
 -.2202253465707490E+03 -.1838780501112730E+03 -.7472636006863350E+02
 -.3304487346451994E+03 0.2313644851312708E+03 0.5573907507394078E+02
 -.2790481389612817E+03 0.2050466538285699E+03 -.5745037381233656E+02
 -.1891647611315542E+03 -.8042852135605794E+02 -.7667007551044939E+02
 0.8697858653003387E+02 0.2213626082063246E+02 0.5019936387755772E+02
 0.1100580024000016E+03 0.5125537834570456E+02 0.8425633565181502E+02
 0.1928652710255528E+03 -.1257796297844524E+02 0.5662286613247355E+03
 -.5188212738268424E+02 -.2985944986057362E+02 -.7454895115620630E+02
 0.2109510718938234E+03 0.2523539160114329E+03 0.2100106453662757E+02
 -.4367563225669859E+02 -.3523621854839608E+03 -.2682006364021967E+03
 -.2495729468525320E+03 0.6366083596556279E+02 -.2191185255941093E+02
 0.2201489234670595E+03 -.2943332775250892E+03 0.1817083033872125E+03
 0.2827289831656233E+03 0.1106006444825765E+03 -.3396002541359490E+03
 0.1420691516396839E+03 0.4196986458794670E+03 0.3579875699428131E+03
 0.1123228753981520E+03 0.1997790285509462E+03 -.1102000992604078E+03
 -.1629691289601982E+03 -.2439754492615844E+03 -.1126193617392572E+03
 -.2814362892336163E+02 0.6618951980368702E+02 0.1359801720594057E+03
 0.2852615033191204E+03 -.2807738130833570E+03 0.2375288816636300E+02
 0.1999834544373060E+03 0.1334316383906409E+03 -.1163201306802259E+03
 -.1024962201911155E+03 -.2498507350125663E+03 0.2903895021368222E+03
 -.4477589493593707E+03 0.9517138032408688E+02 -.2706978020243491E+03
 -.2306420808466838E+03 -.3863598486730237E+03 0.4285091684564692E+02
 0.4769535559425016E+02 0.9553773443897568E+02 -.3331432229333173E+03
 0.1431488337686357E+03 0.2434939906021364E+03 -.1222559201618885E+03
 -.1904006144349355E+03 0.5587999176192176E+02 0.1950268133016468E+02
 -.1281246744916551E+03 -.4799238759968807E+03 -.1287174784413240E+02
 -.1726126717415054E+02 0.1852264584025533E+03 -.1367088649055244E+03
 0.9552827451716796E+02 -.1514601238750488E+03 -.2536489679253500E+03
 0.8080640989411607E+02 0.1381463879521857E+03 -.9222614684083587E+02
 -.3810231943779985E+03 0.2449814115728344E+03 -.2999202111134268E+02
 -.9664998618496499E+02 0.1150635252386332E+03 -.2777340572581163E+03
 0.7600689919789335E+02 -.1597059456720086E+02 0.7344113343035042E+02
 -.2124700662727649E+03 -.3441910631525028E+02 -.7597730949861422E+02
 0.9074436482730769E+02 0.2073880219241180E+03 -.8615493587178140E+02
 -.8856723946534974E+02 -.1369095655321090E+03 -.5696289091665920E+02
 0.1801041216935295E+03 -.5169306595036871E+02 0.5523472578310794E+02
 -.1237419867789231E+03 0.3578247100998384E+02 -.1334430978547879E+03
 -.1078010503531861E+03 0.1401976001321084E+03 -.8539203413835233E+02
 0.3991162583510130E+02 0.2956103311949200E+02 0.4913613285138555E+02
 0.1956912086373699E+03 0.5876443095272417E+01 -.4477169706631032E+03
 0.4939305653961684E+02 0.1140776200516148E+03 0.4508344328336834E+02
 -.3252876933286903E+01 0.1134316705046874E+03 -.3060570111435092E+03
 -.2802057081179694E+03 0.2800644319258316E+03 -.2254309583112636E+03
 0.2045538772797040E+03 -.1525088498130246E+03 -.3214019658399478E+02
 0.1089391830434212E+03 0.2387904084250173E+03 -.5133696720067431E+03
 -.3035799470923153E+03 0.1596127539739623E+03 -.1576631790120310E+03
 0.3636458676692843E+03 0.2729191932830230E+03 0.2562891191484626E+03
 -.4873067974160439E+03 0.2721116008487459E+02 -.2651968708673453E+03
 0.1897863868584344E+03 -.1443609214048429E+03 -.1853478934691381E+03
 -.3054233946851056E+03 -.2130750061960852E+03 -.1689603202565824E+00
 0.2091033868305477E+03 0.2795035773447862E+03 0.2425112575534053E+03
 0.4889362051006536E+03 0.2362466764845724E+03 -.6639119338476341E+02
 -.1483205280292103E+03 0.1696243090475459E+02 0.2902919730535315E+03
 0.4262306684092097E+02 -.4446677065120887E+03 -.3957526910971021E+03
 0.3345751947819044E+02 0.1132270027000070E+02 0.1081513679525654E+03
 0.1136228290257238E+03 -.1020077790691770E+03 -.4017488243777758E+02
 0.1996843421200614E+03 -.2312561222093332E+03 0.1234562424835983E+03
 0.1787697304219667E+03 0.1053800043355409E+03 0.2992011819774954E+03
 0.1191331374032470E+02 0.1334906152617439E+03 0.1040924190562170E+03
 -.4376060750561570E+03 -.1176381773117543E+03 0.1843311317807874E+03
 -.3343478098054314E+03 0.2209835612282631E+03 -.1030944227076550E+03
 -.1001692115438596E+03 -.3306485307301069E+03 0.4681368636777699E+03
 -.2108114009372470E+03 -.3376812225267049E+03 0.2883136576789601E+03
 -.3203293574095139E+02 0.1913882706751015E+03 0.6880995786595277E+02
 -.1526524705368597E+03 0.2558941830622595E+03 -.4889350106117884E+03
 -.3978184945141637E+03 -.1156185722879170E+03 -.7696491200270137E+02
 -.1327092567664001E+02 -.5020967227599166E+03 -.2990226373034828E+03
 0.3136450866133473E+03 0.1101487544919271E+03 -.3146561022577715E+02
 0.2873378019625467E+03 0.2094097438264942E+02 -.2091276591820524E+02
 -.9420072845771755E+02 0.1225436977110720E+03 -.3912173089996728E+02
 0.1344859814442962E+02 0.3503764538482584E+02 0.7029796772381036E+02
 0.3323056204325728E+03 -.1293987954818741E+02 0.4407352478801749E+02
 -.2136549199317332E+03 0.4083227727434766E+02 0.6748412666208652E+02
 0.2804612814707397E+03 0.1381726018372412E+03 0.5697237667184859E+02
 0.7361947754863391E+02 0.1239228486413761E+03 0.1090275004461173E+03
 -.3134093815413183E+03 0.2982070880228421E+03 0.6710175321406416E+02
 -.2171919250221534E+01 0.4635092462644770E+03 -.2219222906096364E+03
 0.2344541361949133E+02 0.1088844071930492E+03 -.9632707586604388E+02
 0.1247529447069786E+03 0.1572182408984281E+03 -.6167635161777314E+02
 -.2217572439026989E+03 0.8917208716499547E+02 0.2495485668487579E+02
 -.6352416729514834E+02 -.3209147651167398E+03 -.8845928322628712E+01
 -.3010794849555160E+03 0.1794671332420523E+03 0.3829817395112619E+02
 0.2808799715258922E+03 -.5057636933878498E+03 0.1205620072542531E+03
 0.1536840430499501E+03 -.1894356470635888E+03 0.7463262079305697E+01
 -.8517481726479278E+02 -.1860054339122514E+03 -.9311336445880333E+02
 -.3238874892429757E+03 -.1490230850721159E+03 0.1539723261449675E+02
 -.9969297789353777E+02 0.6134172709505425E+02 -.5709940030319943E+02
 0.1878768445159412E+02 -.4884932173900761E+01 0.2102268975809062E+03
 0.1757200341678803E+03 0.1232307825217165E+02 -.9412299918684394E+02
 0.1070754704835465E+03 0.6098091466989784E+02 0.1570445859762547E+03
 -.2292382063606534E+03 0.2374179050823851E+00 0.2952107809272484E+02
 0.7155953105134324E+02 0.2415050809871568E+03 0.8604219100768196E+01
 -.6776645107345601E+02 0.9532229605174940E+01 -.9671663756917673E+02
 -.2218333534411437E+02 0.3554693746434700E+03 0.3338603064280200E+03
 -.2626631491842230E+03 0.6039037472721373E+02 -.2963454052068624E+03
 0.3594987767522709E+03 0.1402420860307931E+03 0.2918352216593879E+03
 -.1341102457680008E+02 -.4505514853815417E+03 -.3256195700116509E+03
 -.2270856103898134E+03 -.3229598474361134E+03 0.5168346207750368E+01
 -.1632057052033973E+03 -.4181287850495725E+03 0.2987492139556109E+03
 0.2735938478090738E+02 -.1370668524806096E+03 -.1001626978908851E+03
 -.4815353701316998E+02 -.1987716008901153E+02 0.1696982166795679E+03
 0.4551484261356404E+03 -.2889526639875725E+03 -.1140830938896120E+03
 -.2245843310112182E+02 0.2766859260992505E+03 0.1794567502159587E+03
 0.5741644179979115E+02 -.2749093633535109E+03 0.3589478935464844E+01
 -.1868154466079635E+03 -.2154798604588227E+03 0.4527363069022380E+03
 0.9659835050763611E+02 -.4000678963481557E+03 -.2107158279126946E+03
 0.9172212202910528E+01 -.1681107218819592E+02 0.6940453551836227E+02
 0.5786259667549576E+02 -.9774740173189737E+02 0.2240551277413390E+03
 -.3841861165880857E+02 -.8038486532654814E+02 -.4784035181412819E+01
 0.7675650162894225E+02 0.3399701792497124E+03 0.4576144252601655E+03
 -.6471996968674040E+02 0.6297165832716689E+02 0.5968964458353966E+02
 0.1814098388223192E+02 -.6555563956793907E+01 0.4214890722505610E+02
 0.1482194818819497E+03 -.1542513182704138E+03 0.3779271437821946E+02
 0.2340345420680977E+03 -.2523373295673418E+03 0.2921556241307000E+03
 -.6849154663866361E+02 -.4317945103355941E+03 0.2368396126217231E+03
 -.4051181712018249E+03 0.1080307177592038E+03 0.2319034888042386E+03
 -.2936916746458056E+03 -.2213797677308966E+02 0.1993065300869038E+03
 0.4469243255533584E+03 0.3645767364764267E+03 -.5625857066545419E+02
 -.2870935588076952E+03 0.1638564134071418E+03 0.1475935126886121E+03
 -.1858337439277378E+03 0.1070226309146033E+03 -.3498508294336905E+03
 0.1075327328983677E+03 -.1014315569930800E+03 0.1918880044126315E+03
 -.3503439680022465E+03 0.1786962732212239E+03 0.2066807177924815E+03
 -.2025649248948828E+03 0.3778028464099492E+03 0.1135238505335418E+03
 0.1126281248140062E+03 -.3026856839458387E+02 -.7219224333129094E+02
 -.8035841384325121E+02 -.8948301135841767E+02 -.2469051619686436E+03
 0.2606026667021230E+03 -.4154753553986353E+03 -.6352607703722832E+02
 0.2587421810670878E+03 0.2127426760989554E+03 0.1298707740107876E+03
 0.1115486630227378E+03 0.3490440115554920E+02 0.3418426726276511E+02
 0.3034355106251836E+01 -.1332978935985650E+02 0.5981201992652242E+02
 -.1592922070358573E+03 -.3218277718845878E+03 -.1773756846326976E+03
 -.2592341438743027E+03 0.1581065909977653E+03 -.1098521230239394E+03
 0.4808310265169732E+03 0.5313706577234540E+02 0.1322398392475660E+03
 -.2013382230692008E+03 -.4131640394179739E+03 0.2045876704190586E+03
 0.2146951702706233E+03 -.2811414154298363E+03 -.2431943726118273E+03
 -.2336377343539926E+03 0.3174943092286788E+03 -.2896658699037919E+03
 0.1679735957890095E+03 -.1780285436428400E+03 0.2659261690021169E+03
 0.1511663692026531E+03 -.2044780020361816E+02 0.1067698301192437E+03
 0.3548515556819426E+01 -.1100295529408875E+03 0.2139480012479836E+03
 0.2763681137164112E+03 -.2064406603184534E+03 -.2652364751400374E+03
 -.9096247428770847E+02 -.1123004025446559E+03 0.4133976638525477E+03
 -.2122703696561494E+03 -.2368205608839461E+03 -.1326474953218691E+03
 0.4782912329785394E+03 0.1340524813016965E+03 -.2952737683777207E+02
 -.5234911572683474E+02 -.1539245465515829E+03 0.1370809032937504E+03
 0.1592837064850994E+03 0.3077842068547006E+02 0.8188109016661073E+02
 0.4555755858028613E+02 0.7361169883343807E+02 -.2071642737596500E+03
 0.5623922306882953E+03 0.1256018240385123E+03 -.6890151054633050E+02
 0.2286119066281928E+03 0.1793652179838046E+02 0.9362009868722119E+02
 -.4225240058388923E+02 -.1893720664994731E+02 0.8026016802870406E+02
 -.1359566774855323E+03 -.4841103008144505E+02 0.1675895747169673E+03
 -.1864653363918611E+03 -.1802034510622016E+03 -.2339809771288945E+03
 0.5199678906843731E+03 0.2377846469408402E+03 -.1560508465028048E+03
 -.3396567763285777E+03 0.7994458113249287E+02 -.3898299067537461E+02
 0.3412971631637347E+02 -.9003588756982953E+02 -.3124937370856679E+03
 -.3472827484315471E+03 -.1514774380234156E+03 -.2179015526111949E+03
 -.1567818419461245E+03 0.2524415802278027E+03 -.2937545654549272E+03
 -.2475943712790100E+03 -.2813941638052374E+02 -.1784504864622289E+03
 0.2142524026131156E+03 0.8334617019621014E+02 -.2001011326285005E+03
 0.1800073129558775E+03 0.7820154077465563E+02 -.3626712111203551E+02
 -.1215634069610809E+03 -.3232878175088784E+03 0.1587469400784727E+01
 -.1819359112864491E+02 -.6540423256271505E+02 0.2094864191786982E+03
 0.2313472797459773E+03 -.3909936017700567E+03 0.1455367752066261E+02
 -.2603870461939572E+03 -.1602249752133779E+03 0.3053027026434814E+02
 -.4093916698176702E+03 0.2400712074268882E+03 0.1299333762811752E+03
 -.5345181437097602E+02 -.3473482956014566E+02 0.2786014194429363E+02
 -.1583384452161641E+03 -.3236400206938399E+03 -.2219604934306094E+03
 0.5937029861174465E+02 0.1246157387754044E+03 0.1038025738690750E+03
 -.8834955649766330E+02 0.2496226266530936E+03 0.5221778806614901E+02
 0.1548574873402646E+01 0.1536269838141752E+02 -.1235351454568023E+02
 -.1227307754285213E+02 -.2971188812273769E+03 0.8017958056370804E+02
 0.2871018804640846E+03 0.3412775908920374E+03 0.2411622137262082E+03
 -.2625271557034428E+03 0.3291176286169193E+03 0.2073841025660759E+03
 0.9315611403592668E+02 -.3036069963577883E+03 0.8327615515978469E+02
 0.8794752036597097E+02 0.6320342904519983E+02 0.3288492803013596E+03
 -.1147726666854345E+03 -.2238995994455995E+03 -.1523941308143520E+03
 0.1092791684961865E+03 0.2017375008074117E+02 -.1224409517798529E+03
 -.3709294840814623E+02 -.4190654533766598E+03 0.2484180799865778E+03
 -.1210610528688383E+03 -.1620271975868111E+03 0.1080693543938185E+03
 -.3207905411398148E+03 -.8355951333001859E+02 -.1274090921274775E+03
 -.2219208995045147E+01 0.5063806496540755E+03 -.1285629920842755E+03
 -.5045680374348084E+02 -.1198216653428626E+03 0.1503535045018241E+03
 0.1068196093398464E+03 -.1230796941695008E+03 -.2698861652596339E+03
 -.2517846383649275E+03 -.2251657467198926E+03 0.2815480365816435E+03
 -.4316061103117141E+01 0.2912255277321711E+02 -.2377323572153343E+02
 0.2148744076732454E+03 0.1338690546722725E+03 0.4225201744052094E+03
 0.9974952380670437E+02 -.3869035450706712E+03 0.2962939609479143E+03
 -.4722515142224302E+01 -.1048444208365388E+02 -.8956426428595606E+01
 0.2889934563018435E+03 0.4482185101646428E+03 -.2489733495909013E+03
 0.3809025885857594E+02 0.4983185215781258E+03 -.1185345794289691E+03
 -.4691766433535286E+03 -.1003300403461423E+03 0.2282044252175783E+03
 0.2030800033268168E+03 0.8370512312131410E+01 -.6620130984688632E+01
 -.4783771103312186E+02 -.1283715217599963E+03 -.1389350468629853E+01
 -.6032809104274330E+02 0.8795753995291662E+02 -.4328270509273296E+02
 -.7913972257301972E+02 -.5016117980696216E+01 -.2596774551778471E+02
 -.1250191705650107E+03 -.3522805713466722E+02 0.1658486006649633E+03
 0.7353062051316819E+02 0.4184884335093935E+02 -.7003940371486358E+02
 0.2916655162057006E+03 -.3238731662665292E+03 -.1938419758107239E+03
 0.2014700830493441E+02 0.5596495589208182E+02 0.8493258025003595E+01
 0.3348243377706176E+02 0.1780526093490630E+03 0.1424811610389801E+03
 0.7271614634297056E+01 -.3138337561874804E+02 -.1910472524469127E+03
 0.1324881553921398E+03 -.2729162631506171E+02 0.1620154417422439E+03
 0.2421909689846028E+03 -.2860475692604215E+02 -.1908089002431481E+03
 0.3013906224821784E+03 -.3056954290840252E+02 -.6352306350220234E+02
 0.4802184297185628E+01 -.1251973267080247E+03 0.3008923788594741E+03
 -.3196134768324998E+02 0.6491622565552738E+02 -.7331531132815300E+02
 0.1290606283005020E+03 0.3588136695474651E+02 0.1103703117454643E+03
 0.3431671372329311E+02 0.9706713543727942E+02 0.1149456266986683E+03
 0.4458209439015311E+02 -.1577651157864892E+03 0.4901431080826687E+02
 -.1947185207028075E+03 0.2338173984237053E+03 -.2388050176060418E+03
 -.3714360349886658E+02 0.9825042683125179E+02 -.9570701705530805E+01
 -.2999126780451713E+03 0.1932394232923611E+03 0.6804274967837571E+02
 -.2174929349181465E+03 -.2165084854065175E+02 0.2884284005626479E+03
 0.5050557586450804E+02 -.1511469571916927E+03 -.2131489059177198E+03
 0.1722853394228172E+03 0.1899340826960953E+03 -.4303212814574272E+02
 -.2704801730610566E+02 -.2306133656048945E+02 -.4598322477752748E+02
 0.1678098114251666E+03 0.1373143993273769E+03 0.3689728752286460E+03
 0.9384080235692180E+02 -.1730962204395196E+03 0.1499745104335780E+01
 0.4706701284781698E+02 0.4476060018807163E+02 0.4720963621718709E+03
 0.8680759248008394E+01 0.1195197576248544E+03 -.1732204022926701E+03
 -.2231593445218781E+03 0.6782256499084598E+02 -.5761114237179537E+02
 -.3189796236475539E+03 -.2215593590189889E+03 0.6260882215860492E+02
 -.6931616577024828E+01 0.1632798051277553E+03 -.5419945090634326E+01
 0.3554705931703687E+03 -.1965584957860476E+03 0.6282966810390232E+02
 0.2227420653576556E+03 -.4422310204377340E+03 -.1269003475463760E+03
 -.2169251981234247E+03 -.1332084122802877E+03 -.5379076039026504E+02
 0.3587027832654584E+03 -.3873307886822577E+02 -.1821515161380565E+03
 -.2361564326426061E+02 -.2916483272509668E+02 0.4370344139440843E+02
 -.3480780686225025E+03 -.1636009011014866E+03 0.2667668781630447E+03
 -.2312750640667252E+03 -.1693937082057304E+03 -.2497155312478984E+03
 -.4016391802009799E+03 0.2653461069974626E+03 -.2664825252563965E+03
 -.1404994068773728E+03 0.7542157356246354E+02 0.5246292527445084E+01
 -.3440741684115221E+03 -.3544728504839546E+03 -.2921855030056060E+03
 0.8871788885498258E+02 -.2728574762045233E+03 -.5060272892347191E+02
 -.6258846976088848E+02 0.9425048279252377E+02 -.2003336010691798E+03
 0.1703134538867004E+03 0.5210492468283007E+02 0.3036770594873572E+03
 -.2058522518558861E+03 -.3193168087689430E+03 -.3048522741542894E+03
 -.1508892843071832E+03 -.5043607172463109E+02 0.5417752311206867E+02
 0.4595254092602673E+02 0.7747915008835470E+02 -.9908618661487837E+02
 -.1458739388435357E+03 0.1314079211903142E+03 -.2332509258108835E+03
 -.1558090011428777E+03 -.3767520362970866E+03 -.2171371760503438E+02
 0.2405686332713013E+03 0.1369153336427502E+03 -.3172899372816070E+03
 0.1580137522297208E+03 -.3231119599288950E+03 -.1717675730308146E+03
 0.1628838200411837E+03 -.1085412116498042E+03 0.6853756987253016E+02
 0.1094017514505606E+03 0.3069812834714377E+02 0.8259048259977241E+02
 -.1941335557841019E+02 0.7407458098715098E+02 -.1376499934931522E+03
 0.3241726096027638E+03 -.3173337797687997E+03 0.6430508332288234E+02
 0.5354744135246671E+03 -.2385639841460429E+03 0.4714612757136689E+02
 0.2585941359860156E+02 -.3694300877193297E+02 -.4842388999804007E+02
 -.6108591940317493E+02 -.7392873796240100E+02 0.1151782710315157E+02
 -.2332240023404861E+03 0.2830374653017493E+03 0.1503470459600344E+03
 -.5581922600731041E+02 0.7572349598592443E+02 -.2610308863764434E+02
 0.1961650764334639E+03 0.3884863022934179E+03 0.2839114125112104E+03
 -.1687277818029896E+03 0.1540282982474147E+03 0.5844953792216091E+02
 -.2267340154321312E+03 0.3055344178407044E+02 -.2838040668270729E+03
 -.5470677818844345E+03 -.1330410300432352E+03 -.2489591494496434E+01
 -.5999307116586485E+02 -.8855835090406539E+02 -.1166213389102611E+03
 -.2099232197546785E+02 -.1087134807434979E+03 -.3015156184025505E+02
 0.2829159444387400E+03 0.1702265695511117E+02 -.1080283497736749E+03
 -.2438077212401268E+03 0.3797706770540388E+03 -.5881225125180674E+01
 0.3426736018583206E+03 0.4229991378162077E+03 -.2872346600811596E+02
 0.1154044369207202E+02 -.9087998227939291E+02 0.1519727015835666E+02
 0.1241354934479154E+03 -.2751130583019379E+03 0.3090221177836823E+03
 0.2983557228574933E+02 0.1044107223819019E+02 0.2502778296929439E+03
 0.1321189042645998E+03 0.5612843389095857E+03 0.1317022807388206E+03
 0.4160508477920029E+03 -.1583891487948378E+03 -.1230408230776044E+03
 -.1183551836910470E+03 0.3440319652067043E+03 0.8630572860822939E+02
 0.2940948111992502E+03 -.2304890415150418E+00 0.6339916935696466E+01
 0.9555799301832286E+02 -.6616574511620765E+02 0.2061600893553489E+03
 -.9777741965136558E+02 -.2520821722413176E+03 0.7202872910788071E+02
 0.3070642414499773E+03 0.1179359768574069E+03 0.4741752605816244E+03
 0.1009670214673702E+03 0.1482601933588896E+01 -.1428112255603956E+03
 -.5352273775612973E+03 -.5724368576575708E+02 -.5758586715985813E+02
 -.2116360831061103E+03 -.5220528602173958E+02 0.2908451089754978E+02
 -.2538697185636291E+02 0.4918563775166841E+02 -.1692441706740447E+03
 0.9672032452319115E+01 -.5521768193134483E+02 0.2159896722851898E+03
 0.9589156053851040E+02 0.1691725193909855E+03 -.3620800584078023E+03
 0.1336318260082988E+03 -.3803120626143531E+03 0.1915474627049264E+03
 -.9760717984939021E+02 -.1776136768919257E+03 0.5394627009706711E+03
 -.1681663690668024E+03 0.6015015929583200E+02 -.1245319036807879E+03
 -.2946293832924162E+01 -.4558420985340013E+02 0.7805119999448181E+02
 0.6699807062518563E+02 -.2691175795987025E+02 0.5807511733620321E+02
 0.2740667704791862E+03 0.8579083407987706E+02 0.5821124814390437E+02
 0.1429821496679251E+02 -.2497543750492979E+01 -.3766491505447042E+01
 0.8471403574511733E+02 0.2425112652626855E+02 0.1320942892869570E+03
 0.2521160999212361E+03 0.2051067088033094E+03 -.1714559736120771E+03
 0.6565350303125226E+02 0.4635557325681434E+03 -.1153318170264302E+03
 -.1083113916791973E+03 -.1551081140210103E+03 0.2593367819220723E+03
 -.2166720541006625E+03 -.5251604547776222E+03 0.9105013722277678E+02
 -.1590907618343771E+03 0.9113219198727217E+02 -.4542304502395564E+02
 0.4069849617117414E+03 0.5203510007396284E+01 0.7977987069426695E+02
 -.3113760367774350E+02 -.4056252328590257E+02 0.1100955986185732E+03
 0.1187555526618256E+02 0.2097016515790623E+03 -.3006655225163741E+02
 0.3660630584993231E+03 -.1894334383158708E+02 -.1825581891259930E+03
 0.6601989791919563E+02 -.1133467125361522E+03 0.1786717796908085E+02
 -.2990201632766921E+03 0.2199615778853811E+03 0.1796768462548419E+03
 -.1383638278886367E+03 0.3903450178219043E+03 0.1223886651671215E+03
 0.4480719592549733E+02 -.2030340414137368E+03 0.3664856340653566E+02
 0.4067956871544621E+01 0.6799259471336467E+02 -.2007786231119275E+02
 -.2802860677260752E+01 0.5402013078836909E+00 -.5701567322712991E+03
 -.2006521896554513E+02 0.1019469912322171E+03 0.1159590189015879E+03
 0.2212379381820443E+03 -.1280518869708634E+03 -.5003470783389544E+02
 0.1687956246363122E+03 -.3249019610302740E+03 -.3661400492150516E+03
 0.1029328629220847E+03 0.1307404269356694E+03 0.1833816252091638E+03
 -.1186865851483946E+03 -.9936928221863189E+02 0.2441669820437200E+02
 0.4383537400334556E+02 -.1867177996973861E+02 -.5052638332932580E+02
 0.4797301978476879E+03 -.2140160076432365E+03 -.2345989416774616E+03
 0.4955535922491365E+03 -.1196463985475152E+03 0.8007346664521043E+02
 -.9510272702289929E+02 0.1622350847567150E+03 -.1987360572850259E+03
 0.2143376584996644E+03 -.1412638522768950E+03 -.2059211811251544E+03
 0.1070922411806728E+03 -.5032407302663778E+02 -.3306531674072365E+03
 0.7941292958269327E+02 -.5631063404229456E+02 -.3197458093629604E+03
 -.1544540361977548E+03 0.2917159637568128E+03 0.2047363598067773E+03
 0.4679346313153359E+02 0.1290885069083166E+03 -.1446817220511176E+03
 -.5237129683600983E+03 -.9266730100829967E+02 0.2393841117663048E+03
 0.8483478948321728E+02 0.6981610099085016E+02 0.3370863472413741E+01
 -.5613901426407818E+03 0.7246143039978068E+02 -.1617392320007622E+03
 -.7493351207736947E+02 0.1082744922741784E+03 0.1453253479069872E+03
 -.1742965481636505E+03 0.4146853948148582E+01 0.4019040622698992E+03
 0.1803399923995802E+03 -.4392483731032914E+03 -.1536531361615230E+03
 -.2566931923887491E+03 -.4466772522316272E+02 0.6040682871882338E+02
 -.1500604644426300E+03 -.1264895874298378E+03 -.1000687265134910E+03
 -.1790642589954800E+03 0.2040643943389642E+03 -.1296875314841879E+03
 -.2179103257496814E+02 0.2868877054973668E+02 -.9636333993502770E+02
 0.2094988208616022E+03 0.5212286239166109E+02 -.2020219524894001E+03
 -.3239764382867202E+02 -.4642686535635733E+01 -.3674342983090106E+03
 0.4533439488370965E+02 -.1022130566355562E+03 0.2001524210300427E+03
 -.3810736416104796E+02 -.3009233179624732E+03 -.2969325182468812E+03
 0.7915995395530459E+02 0.8224074314046474E+02 0.3042991359466916E+02
 0.1488460049650072E+03 -.2985350383630619E+03 -.4232260531605676E+03
 -.6619178131583463E+02 -.1520615748326997E+03 0.6934595601094698E+01
 0.3416806547040507E+03 0.7639306439660329E+02 -.8483317069915562E+02
 0.3622667959777531E+03 -.1185495848286212E+02 -.3512254508019407E+02
 0.1921891645710174E+02 -.5141199941661210E+02 0.8402329926997280E+02
 -.8113461898461701E+02 0.2214538388660631E+03 -.2958334964101427E+03
 -.4900830061041324E+02 -.4092358182131680E+02 -.3547656333082373E+03
 -.1328261320606169E+03 0.6080103495998888E+01 0.2658046832972520E+03
 -.1557943984316245E+03 -.2882678663538109E+02 -.6951698810829797E+02
 0.1164115298416150E+02 0.1077252918800672E+03 -.5028987920002493E+02
 -.6566139389150264E+02 -.1658236282784240E+03 0.4778995637226660E+03
 0.2691878837458527E+03 0.3336380787357974E+02 -.2051906961896017E+03
 0.2495727394355170E+03 0.6053247401833800E+01 0.2680694224717716E+03
 -.9972535265191762E+02 -.1172629805016231E+02 0.1356507178333269E+03
 0.3251744558143052E+02 0.4539958589345166E+02 -.3245607960877728E+02
 0.1000713453416178E+03 -.1190112525828401E+03 -.1584612966209721E+02
 -.6039376794902267E+02 -.1514109389604455E+03 0.2036139280287444E+03
 0.1005173916769037E+03 0.5120934889726369E+03 0.6781386025328562E+01
 0.5718184985308972E+02 -.8888464494831505E+01 0.8132311073589118E+02
 0.2753911113370547E+02 0.3065547798344200E+03 -.4892813423331832E+02
 -.1394774415011502E+03 0.7565932444900342E+02 -.3590713174153495E+02
 0.4024190626492602E+03 0.2705431444310273E+03 0.5225221970415568E+02
 -.2880843828457423E+03 -.3168294644414925E+03 -.2809808815497603E+03
 0.2766577352096436E+03 0.2399092443488322E+03 -.4964897449086626E+02
 0.2488959699515691E+03 -.3332295768127046E+02 -.3511612303805860E+02
 0.2408953894339675E+03 -.5378353259369353E+03 0.7871504567024168E+02
 0.8794691342337096E+01 -.3420801996577630E+03 -.1769402583632711E+03
 -.2502722256070312E+02 0.6236111136348019E+02 -.4497280374138314E+03
 0.3441899697735269E+03 -.6067770541841386E+02 0.1261991072105552E+03
 0.3240843329091798E+02 -.1575438200834604E+03 -.4590874558286760E+03
 -.9477345208222273E+02 0.1544323390972710E+02 0.1750400874432482E+03
 -.1160648512573574E+03 0.4188823303735954E+02 -.3651486145895195E+03
 -.9962303389157739E+02 -.9297898232073560E+01 -.7740704282476962E+01
 0.5001823938655019E+02 0.4123647353966322E+02 -.6596329755965665E+02
 0.4494362686044433E+02 -.2508194450704709E+03 -.2561943468323773E+03
 0.2080063461200276E+02 -.3099213987574149E+02 0.7862259675364958E+01
 -.1807544772616645E+03 -.2278913332703824E+03 -.3277620293191728E+02
 -.4003326716531807E+03 -.7071183333926581E+02 0.3667933002837901E+03
 -.9573522680375525E+01 -.7941423088626806E+02 -.8699003860588921E+02
 -.4640805173344606E+02 -.6540765911676066E+02 0.1282004835403043E+03
 0.5224969099742673E+02 -.1226425284783303E+03 -.3077084431790337E+03
 -.2056004822331663E+03 -.1378215755610784E+03 -.1538558908280198E+03
 -.2647820207366185E+03 0.2374165506879206E+03 0.2236339852814026E+03
 0.1025266126384872E+02 0.4706003370347085E+01 -.2086357153496863E+01
 0.3969438308322068E+02 -.3016784247496246E+02 0.3174460594614950E+03
 -.1417856778434283E+03 -.2746807277269810E+02 -.3962136157999896E+01
 -.1895883973117104E+03 0.2245370107966926E+03 0.2524141373559079E+03
 0.2613966028518236E+03 0.2162801695560465E+03 -.2550329951608874E+03
 0.1015507967190854E+03 0.1458609960994127E+03 0.2655490956592049E+03
 -.7139172636346682E+02 -.5745779778570614E+02 0.2923980439351858E+03
 0.7291422632178688E+02 0.2810188151699804E+02 0.1107230223874759E+03
 -.7299963234067090E+02 -.5639406157440274E+03 0.1082434413236280E+03
 -.1000665432780618E+03 -.1510493010126522E+03 0.1778641345180758E+02
 0.4759121622907391E+03 0.1180234936295940E+03 0.9178123849281467E+02
 -.1570739683734288E+03 0.5967531709582143E+02 0.4168383013844186E+03
 0.3045994169753417E+02 -.1583140393973571E+03 0.3000858168877793E+03
 0.5237401080699431E+02 -.1168213186219577E+02 -.1749496799709650E+02
 -.1072470732696126E+03 -.1308845980228421E+03 0.1840921060491181E+03
 -.2080255503416404E+03 0.4978851253083519E+03 -.2861792625146805E+02
 0.9546438109870755E+02 0.3387142396524808E+01 -.9249388009096903E+02
 -.2706669886172268E+03 0.2739841138153635E+03 0.4290243481288514E+02
 -.5584386569311051E+03 0.1708146087669779E+03 -.8421167968119504E+02
 -.1424160494469879E+03 0.1220234312868467E+03 0.1568104699834079E+03
 0.1056520756367324E+03 -.1466566278423090E+03 0.1430052867644815E+02
 -.1214847230527389E+03 0.2057308173815012E+03 0.2530130066630434E+03
 -.2973946761739247E+03 0.4676329347988261E+01 -.1506686487438044E+03
 -.1396215059192060E+03 0.2402601341020624E+03 -.1772929785695652E+03
 -.1081948615413419E+03 0.4352831812743437E+02 -.1629533593472132E+03
 0.2339653447137393E+03 0.2136414588376699E+02 0.2528741618017197E+03
 -.1701837820834777E+03 -.6215637763873119E+02 -.5174867352559570E+02
 0.3309828934903616E+03 -.2502853749205227E+02 -.4441001422053607E+03
 -.6323576692057649E+02 -.3423471048859715E+03 0.2045764186947504E+03
 -.6577234836791500E+02 -.4855399985285446E+01 -.4155341537487992E+00
 0.2578434982498520E+02 -.1164225991353078E+03 -.1254451582128479E+01
 0.1423361288411196E+01 -.2882951113076511E+02 -.1658088348571355E+03
 0.2819910534500366E+03 -.1375861052357981E+03 0.3228809691955275E+03
 -.3709657397271704E+03 0.1386209326766658E+03 -.5553314108579011E+02
 0.1615712622583415E+03 -.7635282822442610E+02 -.2788455518064590E+03
 -.2531593478462804E+02 0.4598626678569146E+03 0.3095710982167025E+03
 0.8575556769231385E+01 0.4211354693034485E+01 0.2097834249503710E+02
 -.1049030183452889E+03 -.8493311766304839E+02 0.8773167498735772E+02
 0.2144317045764477E+03 0.2295629186233909E+02 -.1665192736151903E+03
 -.2189655669684306E+03 0.9921513760036864E+02 0.9999526711895849E+02
 0.3180071386456214E+03 0.2635802025268690E+03 0.6258529052418925E+02
 -.3189968493227220E+03 0.3561374177033809E+02 0.8357413664043175E+02
 0.2198544424942788E+03 0.4132834935427915E+03 -.2742707339501992E+03
 0.1433451197239203E+03 0.1008072790452450E+03 0.1393527006169900E+03
 -.4517366817819711E+03 0.1579227264625240E+03 0.2949129799534768E+03
 -.2953989961586021E+02 0.2472790751552385E+02 0.9441362448919060E+02
 0.2980624164745743E+03 0.1029222838594853E+03 0.2629567476539455E+02
 -.4764109737106707E+02 0.1071569506858435E+02 0.1511529902356667E+03
 -.4015524751346003E+03 -.4110561499432297E+03 -.4832635838817572E+02
 -.6266687701287762E+02 0.8246227036838285E+02 -.3695008377695253E+03
 0.8888369322326238E+02 0.9745203620858415E+02 0.1796471217448664E+03
 -.2471794977512733E+03 -.1122166346359605E+03 0.2636429498019331E+03
 0.1048580510443975E+03 -.1148250828781298E+03 -.1550382100923910E+02
 0.3982828669916631E+01 -.1768198278404726E+03 -.3126270835691508E+03
 0.1299052556048298E+03 0.1533438724657213E+03 -.9006335810554830E+02
 -.3550675116890081E+02 -.3054601684513918E+03 0.2909616816773935E+01
 0.5417190518097981E+02 -.3400141061502286E+03 0.2767983937794917E+03
 0.5354182730483543E+02 -.1106445034347913E+03 -.2158813091875651E+02
 0.8591872103374401E+02 0.1997784369748272E+02 0.9853883040104844E+02
 0.2165712062441036E+01 0.4123771594537659E+03 0.1637857059099703E+03
 -.2567260887722365E+03 0.3376816582536561E+03 0.2071556616580929E+02
 -.4664442029311284E+02 -.1501694297949105E+03 -.5537501127548654E+03
 0.1173631021880097E+03 -.1206698066330329E+03 0.1810710506410677E+03
 -.1187408916117527E+03 0.8091767699372805E+02 0.1391928957226347E+03
 0.2867809463639005E+03 -.4103021282406524E+03 0.1121616535096687E+03
 -.1965649154215818E+03 0.1403809758042363E+03 -.4916007926532253E+02
 -.8536444041507652E+02 0.1677153543329470E+03 -.3881179321587842E+03
 -.4170413411510999E+01 -.1479706005377069E+02 -.1719158574757178E+03
 0.2032687122655997E+03 0.7996959442430258E+02 -.1320235721939298E+03
 -.2921540610699710E+03 -.2450807644336249E+03 -.1102547991711275E+03
 -.1287054905893249E+03 0.3636808082703099E+02 0.2565503955639036E+03
 0.1776514152009206E+03 0.1066419387509869E+03 0.1951770248485595E+03
 0.2102570746430795E+03 0.1113020564556039E+03 -.9735411464051329E+02
 0.3769802808010932E+03 0.3137039429926643E+02 -.5065977131341059E+02
 -.4094927679460575E+03 -.1703035668452715E+03 -.2930772172043603E+03
 0.1900636525196404E+03 -.3910454983327267E+03 0.2855488983174835E+03
 0.1548558969659695E+02 0.1326861106509261E+03 0.2175622224556204E+03
 0.1216802207024590E+03 -.2285202512772428E+03 -.4150243653177529E+03
 0.3322853656887700E+03 0.3078402274682480E+03 0.5619591258563791E+02
 0.2695581501340794E+03 -.2355771921414699E+03 -.4651903534839795E+03
 0.1371139205236450E+03 -.3112577547328960E+03 -.1784535240410107E+03
 -.3711473087000399E+03 -.1717800588634504E+03 -.4974006625801260E+02
 0.2694980813278056E+03 0.3527319011938908E+03 0.4850225308376826E+02
 -.1225009795852682E+03 0.8149717172262798E+02 -.3146929739602152E+03
 0.2295712562409555E+03 -.1442019867996023E+03 -.2294506995332257E+03
 0.2071478019119890E+03 -.2225126128327587E+03 0.2071909103952265E+03
 -.1089399717023564E+03 0.6736469604415308E+02 0.9196419533907111E+02
 -.1758215114994130E+03 0.3341541788558916E+03 -.9297707619046612E+02
 -.2030702169458386E+03 -.1780883001819609E+03 0.1071474870388820E+03
 -.1937653988872239E+03 -.3268708102507114E+03 -.2727854822494867E+03
 -.2267185510862972E+03 0.6602955874697574E+02 -.2305765435661329E+03
 -.1013445691876765E+03 -.1709215839136085E+03 -.9900916043711103E+02
 0.4907420645940118E+02 -.2709289192098187E+03 0.2294887879727910E+03
 0.1964624724054028E+03 -.4563401737743190E+03 0.2128574818621894E+03
 -.1421164445623938E+03 0.4827717398034310E+03 0.1413733862232533E+03
 -.1128726583324694E+03 0.6310204926786582E+02 0.1301715301989552E+03
 0.2978767892983111E+03 -.4056992367475927E+02 -.1577107088206031E+03
 -.3210063713579734E+02 -.3406610456429527E+02 -.5877139893960801E+03
 -.7812300261381422E+02 0.9658897132152535E+02 0.1736370346544119E+02
 -.2985627163555199E+03 0.4168474992188289E+02 -.2097783874297608E+02
 -.1392253549704928E+03 -.1397977201215624E+01 -.1913183947049057E+02
 0.3936165200943120E+02 -.1586566785572601E+03 -.1394176915451528E+01
 0.6507405728208043E+02 0.7319276076382789E+02 0.1426782886124044E+03
 0.3545145729375174E+03 -.1975409301820867E+03 0.5977325989342474E+02
 0.1107298351435220E+03 -.1995647172813931E+03 0.3286675670828250E+03
 -.1176730273367687E+03 0.1846475398169310E+03 -.8090749748149751E+02
 -.1555666564705259E+03 -.1887587269878812E+03 -.9237274039873516E+02
 0.1139424750170460E+03 0.6969382634416930E+02 0.2749832658801248E+03
 -.1907084588091536E+03 -.4283138999509067E+02 0.1881535281170415E+03
 -.2838273142708013E+03 0.2503612569791888E+03 0.3043420166326696E+03
 -.8935071065369615E+02 0.3653584277349538E+02 -.7952353130736512E+02
 -.3610646910825772E+02 -.1550560273194960E+03 -.4212648992001864E+03
 -.1014003782905963E+03 0.2893040406656448E+03 -.2687642262806901E+02
 0.3079664060334309E+02 -.5488064166027650E+02 0.7748299870071067E+02
 0.1490037587400978E+02 -.1540249401342079E+03 0.2076862715408249E+03
 0.1321085227468584E+03 0.1101586367602662E+03 -.1064669846766380E+03
 -.2353959318675757E+03 -.1403259589249124E+03 -.1604891729932983E+03
 -.3776468975175998E+03 0.4359373020087883E+03 0.1509302122103855E+03
 -.2377554005035169E+03 0.8141565730543257E+02 -.8764688228876442E+02
 -.1430132505913384E+03 -.2398695802475609E+03 -.2992461824777887E+03
 0.5012874758911791E+03 -.2943751866079770E+03 -.1082725712025994E+03
 -.1882939352384520E+03 -.5185855049475292E+02 -.2939407072578214E+03
 -.5884404457335967E+02 0.4063166032671826E+03 0.2895521643745003E+03
 -.3966620431277179E+03 -.1507082278961641E+03 0.2198328063126722E+03
 0.1756543617681988E+03 -.1561283988263461E+02 0.3767616654922857E+03
 -.1343101218129394E+02 0.6833168669286911E+02 0.7490235103028922E+02
 -.5045304376329964E+02 0.4462639406306442E+03 0.3303913370540117E+03
 0.5450609323772328E+02 0.2844860952816411E+03 -.4310494611445589E+03
 0.9744851106939717E+02 0.2917885399926901E+02 0.5753811346291152E+02
 -.1404373429891620E+03 -.3124925318670359E+03 -.3434079611920684E+03
 0.6659190721829442E+02 -.7284789996010301E+02 0.1696114549589621E+03
 0.1366450959764208E+03 -.7183252575919856E+02 -.8310126578595710E+02
 -.1458488264293294E+03 -.1043480142819430E+03 0.1403374503142231E+03
 0.2404256815830546E+03 0.5373992812712221E+02 0.2269182759470241E+03
 -.1753104845992198E+03 0.2798813320474737E+03 -.3507802074257191E+02
 -.7196198073985245E+02 -.5309707578741014E+02 -.4675798766396812E+02
 -.3654002796420436E+03 -.1704136584288402E+03 0.2531504985433047E+03
 0.2882917079345973E+02 -.2377759894344507E+03 0.2137338463781784E+03
 -.2272549775054516E+03 -.1019240978170511E+03 0.1076587790831067E+03
 -.3359760745315470E+03 -.2517327311601861E+03 -.3566242603317431E+03
 0.3067791235532385E+03 -.2783747492295091E+03 -.2053786508802064E+03
 -.5153187721210044E+03 -.2271058038877030E+03 -.1309341973817468E+03
 -.2093647643024108E+03 0.7860098933113782E+02 -.2401585757142156E+03
 0.1961834160751733E+03 -.7143562164731365E+02 0.2176534989624578E+03
 -.1462433261279531E+03 -.3329561824908945E+03 0.2375031482031013E+03
 0.7804090603574591E+02 0.8825217386886334E+02 -.1757714237677202E+03
 -.3325463876331138E+02 0.1171223287255644E+03 0.6273020553539580E+02
 -.8447565812784797E+01 0.5928930742349124E+02 -.1718634771698309E+03
 -.2879177048643976E+03 0.1026622467790645E+03 -.2608167003055933E+03
 -.1851607596152171E+03 -.5489307838477350E+03 -.1194689776610502E+03
 -.5214162772919406E+02 0.1644666981124892E+03 0.3331407983939866E+03
 0.5523888764852735E+02 0.3778827913015401E+02 -.6351174926150004E+02
 0.9192927870578049E+02 0.3269555457714246E+01 0.2527187661227503E+03
 0.1469752336805310E+02 -.8069016242731752E+02 -.1167557249378325E+03
 0.4222827693107980E+02 0.8659498752467910E+02 0.1722998470211301E+03
 0.2380308422027511E+03 0.5748513327755938E+02 0.2133245116722473E+03
 0.1585072413899339E+03 0.5828482272178386E+02 0.2530221374331234E+03
 -.2307322924032185E+03 0.3456777568566640E+03 0.1877758625495836E+03
 0.9371693775014775E+01 0.3867147340833880E+02 -.2658484340411556E+01
 -.3635328504046537E+03 -.4306166847479728E+02 0.3442539767637054E+02
 -.2599212571793423E+03 -.3123843167350323E+02 -.2495335553366188E+03
 0.1741854343473450E+03 -.6110105464986583E+01 -.4388416503327337E+02
 -.3139211565576309E+03 0.1158020913580068E+03 -.4886055330763284E+03
 -.2935923839843897E+02 0.2593811550222632E+03 -.4256194451389753E+03
 0.3924874973469254E+03 -.5447524128401955E+02 0.6951037566442645E+02
 0.4376705973719446E+03 -.1754649531059035E+03 -.2731306280329445E+03
 0.2784589018154354E+03 -.1093630531431331E+00 0.2883372794538170E+03
 -.7989161059625721E+02 -.8650836732276599E+02 0.2252066484745366E+00
 -.7790283246133583E+02 0.1755868473493636E+03 0.1903312352319775E+03
 -.2010731918175727E+03 0.3888530060676580E+03 0.6581027194929672E+02
 -.2358924099903020E+03 0.2550781722256256E+03 0.1530296364134965E+03
 -.6070778734439429E+02 0.8315224440293488E+02 0.1003996497535028E+03
 -.4291771657394352E+03 -.2064426356286477E+02 -.1916464287575529E+03
 -.3506560940971510E+03 0.5442861084427602E+02 0.1595258083657086E+03
 -.7447129684442208E+02 0.1881589752596666E+03 -.2526947108819564E+03
 -.6171032905962561E+02 0.1777156577434850E+03 -.1582798843781904E+03
 -.1904104985361462E+03 -.4388905325248727E+03 -.3092626700086344E+03
 -.1612314847615300E+03 -.1268740658473694E+03 0.6496330615253169E+02
 -.1627009523447796E+01 -.3256307563004503E+02 -.1818258674737420E+02
 0.9308714178351744E+02 -.4262645378830699E+01 -.2987785204063524E+03
 -.9013903281862081E+02 -.1740202553838321E+03 0.2450906894342106E+03
 -.2254612268982051E+03 0.1093088601362274E+03 -.2466865058950444E+02
 0.2659941555859103E+03 0.1578776175323267E+03 0.3680980853224993E+03
 0.5682010827180696E+02 0.5895130112195710E+02 -.1384011151926591E+03
 -.4044208267096333E+03 -.1857433256772308E+02 -.2407985562397405E+03
 0.1634387982162706E+03 0.2061137907157612E+03 0.7766968233745689E+02
 -.7096159704208074E+02 0.4791723744748285E+02 0.1876991821951934E+03
 -.2615847954898064E+03 -.2589572622448276E+03 -.3154790967654610E+03
 -.4250603332053550E+02 -.4231401913943063E+01 -.3394681708371114E+03
 -.5060508499530071E+02 0.4054365598586389E+01 0.8936386879094792E+01
 -.9702327932657492E+02 0.1786465594048329E+03 0.6854739830727307E+02
 -.7776480579374012E+01 0.1754211126109852E+00 0.2693285371419371E+02
 0.1522776941726601E+03 -.1877290938564452E+03 0.6585654100729418E+02
 -.1952155983119549E+03 0.3003340344388263E+03 -.2367783324618972E+03
 0.4367834864088094E+01 0.4454194244867710E+03 -.6373369739394576E+02
 -.3891562897589797E+03 0.3987640944582984E+02 0.2403279008564031E+03
 -.1269896600551021E+02 0.2720414139252112E+02 0.1494609261451184E+03
 -.1398549168188190E+03 -.1543654821398229E+03 0.2620385930039353E+02
 -.1559437073160523E+03 0.3276970038408508E+03 -.3129146103518515E+03
 0.6615729544206522E+02 -.4458650130295496E+02 0.1458447041571226E+03
 -.1695806861735527E+03 0.2745692661048593E+02 -.1086044652205451E+03
 -.6369119160925442E+02 0.1916138785339767E+03 -.2746879230561004E+03
 0.4411029784368236E+02 0.3478394137280733E+03 0.2179562340712355E+03
 -.7091900967959413E+02 -.5428214303169160E+02 -.7240062599643790E+02
 -.2973806629879630E+03 -.3978728769082034E+03 0.2234187271647471E+03
 0.3141388736801642E+03 -.8633073452835490E+02 0.3391992494421339E+03
 0.6248989106375422E+01 0.3040356460028755E+03 0.1136267720280000E+03
 0.5385298123493148E+02 -.1323979476590455E+03 0.2874453590985555E+03
 0.1400431906585812E+03 -.3386193635561453E+03 -.1079788165021017E+02
 0.6731107303259613E+02 -.8132725351422543E+02 0.1810526271536399E+03
 0.3400064988956630E+02 0.6157963547685240E+02 0.4727486747481075E+02
 -.6125345789812612E+02 -.5020689052530769E+03 0.2054521298886992E+02
 0.1684777148818461E+03 -.2117302223633183E+03 -.2351739072819663E+03
 -.3642053179323258E+03 0.2672339459190211E+03 -.3520645886754106E+03
 0.1427598682080547E+03 0.3165217931071629E+03 -.2864217638120272E+03
 0.4533810039972026E+03 -.3469165299099003E+03 0.8885910513841009E+02
 0.4163032883128037E+02 -.5541211872144897E+02 0.8933740810113956E+02
 -.2162146297621377E+03 0.1593183556441814E+03 0.2457976593167496E+03
 0.1960466788603307E+02 -.3768677935686874E+03 0.1964355791308277E+03
 0.4294937301822729E+03 -.1961481035016775E+01 -.4117332757059200E+03
 -.1933330958237342E+03 0.2208562542133493E+02 -.3729079527653046E+02
 0.3315790455868637E+02 0.1760262182766904E+03 0.2659740771385816E+01
 0.1377901357294157E+03 0.1399849402834282E+03 0.1502560350744059E+03
 -.7925075213812546E+02 0.7130817282242556E+02 0.1202898027590662E+03
 -.1118873522207998E+01 -.5979841685471333E+02 -.1615504684952711E+02
 0.3505805904411858E+03 -.2792655770207222E+03 -.1036831569175768E+03
 -.2699047087199777E+03 -.3773366920448477E+03 0.1403065405753533E+02
 -.1798549769883003E+03 -.2852222196083130E+02 -.4657536050755619E+02
 -.2058207244566906E+03 0.1552936029386331E+03 -.3736573925247382E+02
 0.1099953860255578E+02 0.1848162388928679E+03 -.2459821466403434E+03
 0.1786959631565233E+01 0.3426100156094010E+01 -.1236157226135237E+03
 -.5797662752578811E+02 0.1547146966559542E+02 0.1388917287135523E+02
 0.2368495653051692E+03 -.1027297915518757E+03 0.2273079695485381E+03
 0.9705562337043887E+01 0.2222289264921947E+02 0.2472620782521156E+02
 -.1939506983154049E+03 0.1061129535136595E+03 0.1064014674299510E+03
 0.1312911557196395E+03 -.2351861891504840E+03 -.1004638295104872E+03
 0.3435464944513843E+02 0.1191085739343925E+03 0.2634549053619066E+02
 -.1277963817488396E+03 -.4239738804102886E+03 0.1967104225983107E+03
 0.2412989846047487E+03 0.1176204280061270E+03 0.4929735830801083E+03
 -.2959142262567105E+03 0.3063975953579881E+03 0.2304029881774339E+02
 -.8678633895601462E+02 0.3142835752414211E+03 -.3996803334970362E+02
 -.2041865009771591E+03 0.2432120702543058E+01 -.3014638469596475E+03
 -.1389480493636154E+03 0.2334547066075149E+03 0.5201066571648675E+02
 0.2931502690001129E+02 0.8507364248253565E+02 -.3173124451886016E+03
 0.1948835449213796E+03 -.1255727378655273E+03 0.1657802614286223E+03
 0.4979763894176152E+03 -.2005960603616898E+03 -.1498469322316888E+03
 -.2880823357138647E+03 0.4182977582151980E+03 0.1724547436864217E+03
 -.2447406349199251E+03 -.2952682898468487E+03 -.9418001280297261E+02
 -.1712707972722171E+03 -.4164933344612453E+02 -.8677958301931099E+02
 -.1878082959298103E+03 0.4200182483972593E+02 -.1778807809047103E+03
 -.2056750823377602E+02 -.5621643425975989E+02 -.1859313451835295E+03
 -.7688810329465973E+02 0.2189585430339898E+03 0.1285226767959916E+03
 -.1350921426926295E+01 -.1576951223477870E+03 -.1594335131066217E+03
 -.1133484047260408E+02 -.2665584366529354E+03 -.4445715412931049E+02
 0.7614166857625655E+02 0.1124178174878327E+03 -.7539780457187159E+02
 -.1072807449977681E+03 -.5754251095395529E+02 0.1008413222019305E+03
 0.1104335879683267E+03 -.3936725046853763E+03 -.1395650720947347E+01
 0.2447825514109937E+03 -.7381385134653664E+02 -.1521047421113032E+03
 -.2351736999365970E+03 0.1813190788132733E+03 0.5811929662609585E+02
 0.3812860347451076E+03 -.1962170877892685E+02 0.2055073530724401E+03
 0.2973243662516936E+03 0.1458843044177924E+03 -.1139550548380535E+02
 0.2770253122167298E+03 -.1273082212161109E+03 0.2477027578556009E+03
 0.2233514064753317E+02 0.4723249299898195E+02 0.4154086898197548E+02
 0.1006640729116759E+03 -.1491171478138043E+03 0.2494078394620445E+03
 0.1600904233648769E+03 -.5481693034617241E+02 -.1265356505755068E+03
 -.2441467946916293E+03 0.1842339657664546E+02 0.2259016422082045E+03
 -.3336980212046943E+03 -.2567286543420347E+03 0.1830691990522928E+02
 0.9119725761942261E+02 -.1591211544332057E+02 -.2632737000387300E+02
 0.1607791932128634E+03 -.3568624861366786E+03 -.4056065141958329E+03
 0.1549042940631209E+02 -.3323132532246076E+02 0.5175760807169622E+02
 0.1848261361359606E+03 -.5543531439523437E+03 -.7611762576014341E+02
 0.1384313602923707E+03 0.1439896132377560E+03 0.1440486142242448E+03
 0.8689092509502206E+02 -.4209864496134894E+03 -.4151297405561917E+03
 -.1022946310955943E+03 0.5034148066389436E+03 -.1076357754287633E+03
 0.3090788814335198E+03 -.2892286398955951E+03 0.3984009534715072E+02
 -.1145929121421765E+03 0.8614031308125908E+01 0.5852434350725485E+02
 0.5071077496046365E+02 -.1747700381107606E+02 -.1328397436728467E+02
 -.3395268806326451E+03 0.2157168244355319E+03 -.2641105516403329E+03
 0.2958381867026562E+02 0.1639296817541955E+03 -.1665881978927880E+03
 0.1089897853677958E+03 0.1060213208459450E+03 0.2487745944492024E+03
 0.4146582749180790E+03 -.1578826653967786E+03 0.2881184400484766E+03
 -.1609158891198090E+03 0.1607160521825525E+03 0.2960250898037760E+02
 -.3951529677523078E+02 -.2667125844334731E+03 -.1796847280721734E+03
 0.2986828274900442E+03 -.1645110593511869E+02 0.2265641627524514E+03
 -.1659312887385351E+02 0.1821406897375528E+02 0.8101295703054316E+02
 0.2523644916374138E+02 0.2882489262400114E+03 -.2769546190172022E+03
 -.3545514117123795E+03 -.1283950108284014E+03 -.2545902620921108E+03
 -.1824838276658275E+02 0.1361383056633465E+03 0.4028744438269907E+02
 -.4645935563246001E+03 -.1744750238291478E+02 0.1183637159729401E+03
 0.5134479763837805E+02 -.5700543756736020E+03 -.5750954807181966E+01
 -.2648932732533623E+02 -.3875649209443021E+02 -.2285503645890925E+02
 0.6293129983803492E+02 -.3087770967397057E+03 0.4433956510287485E+03
 -.2236742102598467E+03 -.1583389717315592E+03 -.3555733182736034E+03
 -.5516277876146120E+02 0.2483825490367582E+02 0.4322906421282926E+02
 0.2225270918412357E+03 0.3861503285146680E+03 0.4279709180340878E+02
 -.2237782377268751E+03 0.2264234243822574E+01 0.1913717626000036E+03
 0.1149228005546902E+02 -.3883269438314449E+02 0.4626442016365901E+01
 -.1168306352576788E+03 0.7981115185621736E+02 -.1761824695405324E+03
 -.4866259362679167E+02 -.2806811177020168E+03 -.1151118313375772E+03
 -.1102477338054456E+03 -.9450775923074728E+02 -.1405595759247467E+03
 -.9246111849786652E+02 -.1415761899313979E+03 -.3282016911065112E+03
 0.4264424406045900E+03 0.2634633314857410E+03 0.1853450629720372E+03
 0.4859649898359272E+02 0.1715452615131834E+03 0.1601914292887105E+02
 -.2454102450426761E+03 0.2768566120382151E+03 -.2655189059631197E+03
 0.1865662250416740E+03 -.2569252876636018E+02 0.3708851483528535E+03
 -.1003362587735350E+03 -.2579568480012809E+03 0.4413681069728630E+02
 0.3355966832043816E+03 0.1129190292895674E+03 -.1397572247306711E+02
 0.4826811382936581E+03 0.1970935819720840E+03 0.2573489519993703E+03
 -.1147866868353786E+03 0.4918877203843998E+02 -.1799298963862997E+03
 0.4306113192370369E+03 0.2492647809202070E+03 -.2552094213074427E+02
 -.2653579877866346E+03 -.5945739484598441E+01 0.1179855759443562E+03
 0.1948634501582330E+03 -.1114010106380515E+03 -.7306717881661194E+02
 0.1425508975804632E+03 0.1967464175713359E+03 -.1202819416902997E+03
 -.1844043869084150E+02 -.2321633479792998E+03 -.1782204769194269E+03
 0.3794809197248917E+03 -.1813927938507610E+03 0.2099875514086493E+03
 -.1147242098504848E+03 0.4124221318182223E+03 0.7382090104028722E+01
 0.3144156241807512E+03 0.1142418828748289E+03 -.7456744217238769E+02
 -.1836659948988550E+03 -.1521948924553052E+03 -.2148234148591787E+03
 0.3587687814130717E+02 0.1291776925669321E+02 0.1504403640247751E+03
 -.1185156906557404E+02 -.2843271665911666E+02 0.5316538958472620E+02
 0.2109702415468741E+01 0.3988757765670282E+03 -.1550596456209433E+03
 0.4932078324557374E+02 -.2614001478963022E+03 -.1707815179285573E+03
 -.2485605633205163E+03 0.4178014603885402E+03 0.1626360709083678E+03
 0.5132856110731145E+03 -.1427423053421196E+03 -.5219432874882935E+02
 -.2212376263153929E+03 0.2293129197259898E+03 -.1009239923678701E+03
 -.1012162822024897E+03 0.2147641813994244E+03 -.4662602594970030E+03
 -.1223528313042132E+03 0.8922227801575194E+02 -.1812657023074807E+03
 0.1224617159477963E+03 -.1358719033281106E+03 -.2078946022987179E+03
 -.8991111626226778E+02 -.1150523068789960E+03 0.1280021732386255E+03
 -.1398008951043844E+03 0.3820438728220372E+02 -.6875847149202524E+02
 0.2749246035190966E+03 -.2685684487480568E+03 -.1032196008124036E+03
 0.2722212529275815E+03 -.2718787693383577E+03 0.3023656716698807E+03
 0.3351811604431510E+03 0.2302354853428700E+03 0.5804611806635104E+02
 0.2171855164199241E+03 -.3433047162606981E+03 0.3187004155414491E+03
 0.8798152128758495E+02 0.4059081177911998E+03 -.3457917525264340E+03
 -.2109052971163725E+03 0.1120843118212981E+03 -.1507154322323064E+03
 -.2233682250177927E+03 -.1501870205460692E+02 0.3268919287406326E+02
 -.6474438152841527E+02 0.2523530255353543E+03 -.1247273599737347E+03
 -.1505172076875607E+03 -.2767654762852407E+03 0.1536795349113655E+03
 0.9312508858308301E+02 0.2213620961028360E+03 -.8278768417915552E+02
 0.5133990821589806E+03 0.3018461800483426E+03 0.6806519347164422E+02
 0.2103591142517077E+03 -.1295997573694505E+03 -.9327980219893280E+02
 0.2387215988036897E+03 0.2757509627128354E+03 -.1361135385406456E+02
 -.2042618728875650E+03 0.7019118201453620E+02 0.8299163510279075E+02
 -.3628835237995351E+02 -.4092581808675845E+03 0.1928489833876584E+03
 0.1099681915162428E+03 -.1760546336592095E+03 0.9491851201081695E+02
 0.3052546967368527E+03 0.5256428354784973E+01 0.1803177844207837E+03
 -.1746479276511065E+02 -.6924885439267294E+01 -.6182554919031691E+01
 0.1731524690612094E+03 0.8385232713689309E+02 -.4303715490525673E+03
 0.3159990987934337E+03 0.1847898495150422E+03 0.1194347185894816E+03
 0.2641027144146482E+03 -.3756593747293109E+03 0.1758652767253249E+03
 0.2061055452139078E+02 -.1675930568733053E+03 -.9490471637603727E+02
 -.4987192769059444E+03 -.3207196617597579E+03 0.2447640140741923E+02
 -.1925157941525975E+02 0.4022224496815838E+01 -.6216928343199949E+01
 -.2080472596149811E+02 0.4493367211158129E+02 -.6191920655854034E+02
 0.2670177904153567E+02 -.1325550504532020E+03 -.9821112081845143E+02
 -.4107031013919580E+02 -.1909295608488048E+02 0.1190730184231654E+03
 -.1677626315526136E+03 -.6154654951847168E+02 0.1998575895607804E+03
 -.1642987993057128E+03 0.2057195088275003E+03 0.2856769117646970E+03
 -.2637779598626950E+02 -.4087142423988042E+01 0.2498965345154625E+03
 -.3538078751830432E+02 -.4057520920746089E+03 0.2784162688479519E+03
 0.5798128665851792E+01 0.3989803656816624E+02 -.5491570790625453E+02
 -.5766936899583320E+02 -.1724676630326210E+03 0.4908889986692289E+02
 -.6811413105305603E+02 0.1932708866952471E+03 0.4590958559389409E+03
 -.7412378450928212E+02 0.1945460687064367E+03 -.1523814415322684E+03
 0.1749208154392707E+03 0.1745408806114818E+03 0.8099975941010413E+02
 0.3967122969891626E+03 0.2183945648508817E+03 -.1153703757258402E+02
 0.4958197836960543E+03 -.1891362836083033E+02 -.8093202368064708E+02
 -.3143229092170009E+02 -.1878419080576455E+03 0.2079005098059645E+03
 -.7645487732824741E+02 0.3856149315012288E+02 0.1526317174090937E+02
 -.1586791790628924E+02 -.1145392219577948E+03 0.4443024422723518E+03
 -.6542537663782993E+02 0.2142723597809686E+02 0.1210819665464421E+03
 -.6238510094409693E+02 -.1104572112445083E+03 -.4404486432680687E+02
 0.3220484087697159E+03 0.1727990762044876E+03 0.2099818876004660E+03
 0.9537556401119997E+02 0.1137115895601598E+02 0.4197379490121062E+02
 -.4656366047988017E+02 -.1736657277345874E+03 -.2343379555948465E+03
 -.2619031743344513E+03 0.4160927789549218E+03 -.2007758262233429E+03
 -.6742685910783521E+02 0.8758164187201503E+02 -.5041442070466106E+03
 0.1819174925188395E+03 -.2423104486362398E+03 0.5252853860744814E+02
 0.8413974819633394E+02 0.1594414219269237E+03 -.5330585340222628E+03
 0.1607240331280462E+03 -.2937344942407744E+02 0.2589826897849816E+03
 -.4326685323729342E+03 -.3268760461036991E+01 -.3574289071074498E+03
 0.2012663474750444E+03 -.8098770347820472E+02 -.1034504141312361E+02
 0.2380680218511977E+03 -.2686558055306450E+03 0.1490975620854354E+03
 -.1946116218301047E+03 -.1023408779556048E+03 -.2390104170669775E+01
 0.2829796776706381E+03 -.6348528925359191E+02 0.9640193803062638E+02
 0.1928459322048484E+03 0.7231380264342629E+02 -.1359882829915789E+03
 0.8587516331294931E+02 -.1713663354155387E+03 0.2502110709750673E+03
 -.1243434312991644E+03 -.5020021993807418E+02 0.7046942905463071E+01
 0.1116078892267569E+02 0.8135332054555992E+02 0.9103722764627693E+02
 0.2130702831039454E+02 -.2670463009761112E+03 0.1845804615979423E+03
 0.3226698649257456E+03 0.2545512264770055E+03 0.1473045760627771E+03
 -.2288103395149048E+03 0.1310843837636020E+03 0.3824868124464666E+02
 0.6124771798040174E+02 -.1369749821192639E+03 -.3212007925169763E+02
 -.3238122242496709E+02 -.2112791057291248E+03 0.2091386127578930E+02
 0.1788208235723910E+03 -.5593300786324509E+02 0.4001113422869806E+03
 0.8189649886887757E+01 0.1577616819283294E+03 0.7897096304334935E+01
 0.1838890908624127E+03 0.1286275112267088E+03 0.2401838586129373E+03
 -.1326627616747071E+03 -.1617105469123140E+03 0.6756847049910611E+02
 0.2652253833208516E+03 -.4911575291409054E+03 -.1821406921655955E+03
 -.3272529626777894E+02 -.4381440467838378E+03 0.2910617542883123E+03
 -.1553633226093159E+03 -.8634487288591680E+02 0.1479495484586510E+03
 0.7467126675013451E+02 -.1382961230815182E+03 0.2586637162891635E+03
 -.9106483187674473E+02 0.2360329691129261E+03 0.2722659513572128E+03
 -.8350346138360209E+02 -.7626841115376992E+02 -.1608734801731678E+03
 0.1488354299702475E+03 -.1233580256782482E+03 -.4201718598987799E+03
 -.3364192493560301E+03 0.1217282044799300E+03 0.4260761451603268E+02
 -.3969144316184643E+02 -.5165927736826229E+01 -.2712118716733817E+02
 0.2760898121269753E+03 0.2003111398248421E+03 0.1287617051256921E+03
 -.1550952699482924E+02 0.1698899928347257E+02 -.4365683881047778E+00
 0.1340195059905129E+03 0.6876452454514231E+02 0.2421171167744613E+03
 -.1602266252395733E+03 0.5322370509341823E+03 -.1070761709991342E+03
 0.4128122448252080E+03 -.2080248165107418E+03 -.3161565003871278E+03
 0.4871892057294239E+02 0.3351315493977234E+03 -.6677945425482234E+02
 0.1782157091448173E+03 0.2214674912038332E+03 0.2165548570098679E+03
 -.2415070973385826E+03 -.2365770247681058E+03 -.2032169844101639E+03
 0.1090055956027611E+03 0.4356620427811349E+02 -.7343207890632971E+02
 0.4201340229450077E+03 0.1882241844534455E+03 0.1308202034853724E+03
 -.4819990022858647E+03 -.1771805724456935E+03 -.2333627223027182E+03
 0.3811015909852756E+02 0.2117587916969188E+03 -.1275343079490308E+03
 0.1472473970793558E+03 -.5470023573161765E+03 0.1031738371102061E+03
 0.3048559563317465E+03 -.3507325446323051E+03 -.1040612338146872E+02
 -.1350169266156136E+03 0.1108146800106139E+03 0.4709697162578296E+02
 0.2973998703886186E+02 0.4590994803599555E+02 -.5221670149482283E+02
 -.2554374721385882E+03 0.1343949806389074E+02 0.1312341852403650E+02
 0.2654131395637576E+03 -.2130185101524268E+02 -.1424704816529109E+03
 -.1359942539071530E+03 -.1102243770788330E+03 0.6283455300376922E+02
 -.1265866411967960E+03 -.1719310182149654E+03 -.2280663656867987E+03
 0.2641538960550685E+03 0.1058502068510820E+03 0.3194464367723397E+03
 -.8125627910145776E+02 0.6973871558926268E+02 -.7435028978975886E+02
 0.1322530065055358E+03 -.5879004953955217E+02 -.6925556380752244E+02
 -.7509428892608558E+02 -.2618305845368076E+03 0.3119283555456213E+03
 0.3575522983598860E+03 0.6086317485147896E+02 -.3878245777951528E+01
 -.3846778022406309E+02 0.9001597012848684E+02 -.8180124744804876E+02
 -.1138911471737327E+03 0.2288840632444843E+03 0.5380939685126817E+03
 0.2517926279608445E+03 0.1302954869474708E+03 0.7665845225065225E+02
 -.2220517648435498E+03 0.9556333064322307E+02 0.2996550375468839E+03
 -.4864277622664234E+03 0.1005126008164676E+03 0.1526385520501834E+03
 0.1499141611480390E+02 -.1736327243242800E+03 0.2775097003959311E+03
 -.1493875202634320E+03 0.8915734083676927E+02 -.6280674732064239E+00
 -.2210244015409533E+03 0.1458383740444176E+03 0.1299427415345256E+02
 0.5046030085322096E+02 -.3998645462969826E+03 0.1689222819118129E+03
 0.9066284931400523E+02 -.1082092021353583E+03 -.8874794220358412E+02
 -.8950231116585921E+02 0.6742991256986762E+02 0.1646748597952790E+03
 0.2849494440379358E+03 -.2385319431978293E+03 -.3411028459916636E+03
 0.2621960712639458E+03 0.4219525526104385E+03 0.1532012461850815E+03
 0.1724789129493974E+03 0.2048323386336409E+02 -.2732924448368655E+03
 -.1294576795681406E+03 0.1078198623343539E+03 0.1694537024993574E+03
 -.3601725575759564E+03 0.9190854147318038E+02 -.4364525126157600E+03
 0.5383881134690826E+03 0.1357860148583590E+03 0.1505128105584066E+03
 0.1359222280099811E+02 -.2636755275447999E+03 0.1355525686198602E+03
 0.3189082288708070E+03 0.1453886109632097E+02 0.3810398622363159E+03
 -.3981540017711973E+02 0.7262630392383814E+02 -.6660695332038065E+02
 0.1606529344872415E+03 -.2934492621058224E+03 0.3153641983723563E+03
 0.1142026337673006E+03 0.1144662574100836E+03 -.6536693022773157E+02
 -.3567731024210919E+02 0.2120419987292891E+02 0.1623997473657177E+03
 -.1039327482516155E+02 -.5321485150232537E+02 0.1794550984617712E+03
 -.2071588667104358E+03 -.1965766404286027E+03 0.1740962447905008E+01
 -.3245753098299120E+03 0.1705536207164520E+02 0.7828865072355075E+02
 0.2101141761889785E+03 -.1169704316235568E+03 0.1455364917476919E+03
 0.1871391606275314E+03 0.2065780085181314E+02 -.1260042214702088E+03
 -.4685322612318798E+03 -.1250684534645167E+03 0.1015848132897231E+03
 0.1252733648839859E+03 0.3402985811153993E+02 -.7476424427839763E+02
 -.1917773918175330E+03 -.1040999027229797E+03 0.2850344802366270E+03
 -.1101121848723208E+03 -.1115913317287805E+03 -.1634441070378820E+03
 -.2412680579721766E+03 0.3781638155772858E+03 -.1335508797639352E+03
 -.2274926773834738E+03 0.4579673641504962E+02 -.2843474942211469E+03
 -.3175682349077616E+03 0.2592523250371981E+02 0.2002562740589676E+03
 0.2926021638350343E+03 -.4980099016683430E+02 -.1995018921033904E+03
 0.1887949899965631E+03 0.2692377656931032E+03 0.1361690479048115E+03
 -.3031087712523343E+03 -.9659573737003292E+02 0.3029671196309455E+03
 -.9696616440543066E+02 0.7864538357414985E+02 -.2769783999533799E+03
 0.1502624504342681E+03 -.1585304028391428E+01 -.6441642248713478E+02
 -.2309669303477140E+03 -.5589674395287845E+02 0.4038727464936265E+03
 -.9228558097419381E+02 0.1870867163861466E+02 0.1477911092452158E+03
 -.4217456105548607E+03 -.1769658003145353E+03 -.3099339323007579E+03
 0.3218951655432942E+03 -.4318988142395654E+03 0.2098289980233501E+03
 0.3925691539061633E+03 -.1628196355626618E+03 -.1549066427043056E+03
 -.1624493221766774E+03 0.1013534997048688E+03 0.2386801015676457E+02
 0.1309171439545282E+03 0.9563537075987358E+02 -.4162059388890578E+03
 -.2073718703590612E+03 0.2537646915801249E+03 0.1130630392034887E+01
 -.1258543326969592E+03 0.2969575715651419E+03 -.5425235133695943E+02
 -.4438430260909777E+03 0.2511748982142720E+03 0.1483297271334373E+03
 0.1566072242077242E+03 0.2890876809409122E+02 0.3109986115521198E+03
 -.2275794108134089E+03 -.1254288709919397E+03 -.3752040555453850E+03
 0.1046373305775312E+02 0.1277744640260455E+03 -.1422015765546523E+02
 0.1936729898947197E+03 0.4314988745859613E+03 0.3544532023795030E+03
 0.1668611651194420E+03 0.1849584824428982E+02 0.3017812802407897E+03
 -.4028560385147630E+02 -.6271313716052902E+02 -.3298362786692287E+02
 -.9923677767571661E+02 -.2999962153396005E+03 -.1223414491964264E+02
 -.3050608558894526E+02 0.2007382412595585E+03 -.3326433007451440E+03
 0.1232174781727728E+03 0.2209686783593396E+03 0.2477869673102509E+03
 -.4433026510246204E+02 0.2722357159376480E+03 -.2981347670795851E+03
 -.4224127083762020E+03 0.3976064048686999E+03 0.1364594890764367E+03
 0.7102023378981525E+02 -.7764885665302694E+02 0.2209819599347523E+03
 0.1227494764483444E+02 -.1926708759534051E+03 -.3640139630243415E+03
 0.1505708784081849E+03 0.1505731807109615E+03 -.1251149838912788E+03
 -.9815200938455297E+02 -.1846307873861890E+03 0.3636826338604887E+03
 -.1388110858883445E+03 0.5761266540235722E+02 0.2259588821287035E+03
 0.1194177368585007E+03 -.5076463376130277E+02 0.3702835295520227E+03
 -.4062957202704561E+03 0.2355080506269937E+03 0.1984075564632579E+03
 0.1148433267657485E+03 0.7738855709661070E+02 0.4227574657480208E+02
 0.1808501281383377E+03 -.1225313944359001E+03 0.3522082588118155E+03
 -.1914710672264277E+03 -.4744379816358195E+02 0.8683311401487263E+01
 0.2322854347156648E+02 0.1219351375940343E+02 0.2978918144614720E+02
 -.1872555971725539E+03 -.1608825869402533E+03 0.4582258167622132E+02
 -.4937838382282859E+02 -.8445297576230150E+01 -.3293625723156095E+02
 0.5449891128787306E+02 0.7775347138833263E+01 -.8847447675879249E+02
 -.4138604412889374E+03 -.2216333647834783E+03 -.1431943487629800E+03
 0.6598378686561956E+02 -.1187194164378661E+03 -.1526535934611830E+03
 -.2627924378924819E+03 -.4453293264736910E+02 -.3032973536116211E+03
 0.1038170811972042E+03 0.2532602087023710E+03 0.1780387522113412E+03
 -.2371434586189229E+02 0.2387573184360305E+03 0.1381295378785896E+03
 -.1008505785994201E+03 0.6854138650163320E+02 -.5302359099499049E+02
 -.1194441636254571E+03 0.6453760465299882E+02 0.1220788168394591E+03
 0.1339870609524929E+03 -.8847150536978165E+02 0.1828494293410685E+03
 0.1260168281582166E+03 0.2216545782846513E+03 0.1555807000391108E+03
 0.3237695356538781E+03 0.1870280056412437E+03 -.9925159631861378E+02
 -.2279575671930600E+03 0.1172721112376170E+03 0.5346652116181018E+02
 -.1383375903445275E+03 -.8439114189405103E+01 -.2649453193961430E+03
 -.9278666907046211E+02 -.1466705241860977E+03 0.1132523337827722E+03
 -.1285752147925999E+03 0.2614614268470587E+03 -.1618216737993252E+03
 0.4665162708325406E+03 -.2900698315563143E+03 0.1952515209756467E+03
 0.6710366783169637E+02 -.1563727972385225E+03 -.2309063788117263E+03
 0.1336161926906018E+02 -.1968669211686857E+03 -.1848611604480745E+03
 0.3755720425742516E+03 0.2528396260534671E+03 0.3391584982025051E+03
 -.6171797456291630E+02 0.1055042896667214E+03 0.2654368169304295E+02
 -.3634235995350457E+02 -.1527122023178232E+03 -.2438745610138032E+03
 -.4627122136365964E+03 -.6490263249965045E+02 -.2807080506863934E+03
 -.4166286293044186E+03 -.1880331701605468E+03 0.9338545366730175E+02
 0.5984315563903512E+02 0.3125897086809417E+03 -.2000005712579591E+03
 -.3652523503780376E+03 -.3374636809338137E+03 -.3260300248794782E+03
 0.5077102488302178E+02 0.1497580908177213E+03 -.2745721762490178E+00
 0.1023978753665659E+03 -.7648498338376677E+02 0.1263900092456895E+03
 -.3900399525307853E+02 -.1591110054770762E+03 -.2766450986090168E+03
 -.3551106777728812E+03 -.1403397546547467E+03 0.4285762563156399E+03
 0.9354596153077131E+02 -.5097135520893395E+03 0.3366628648759895E+02
 0.2087346669573953E+02 0.7973508510233137E+02 -.2787350706381679E+03
 -.3573312059112462E+02 0.1320226019121029E+03 -.4234514431379266E+02
 -.9487526252038990E+02 0.1954691373974539E+03 0.4103528634649093E+02
 0.5912456344043453E+02 -.4691284228249401E+02 -.3735971862432900E+01
 -.2060909117116232E+03 -.1593683828735709E+03 -.4730292635949722E+03
 0.4071263642552208E+01 0.1246839978410330E+03 0.3719858290081419E+03
 -.7904166382268481E+02 -.1475832309519703E+02 0.3824746654651195E+03
 0.2569090999041057E+03 0.1748105611478388E+03 0.1010368016997136E+03
 0.6721767860919211E+02 -.2880629698071539E+02 -.1784064636173544E+03
 0.9708326273586734E+02 0.1854972402922839E+03 -.4723243612077555E+02
 -.3618905759478165E+01 -.1949903924748288E+01 0.8567482245964063E+01
 0.3865788410407922E+03 0.2529916710039627E+03 0.9032178792971246E+02
 0.1572201232405571E+02 0.4775879304383836E+01 0.1098154498505224E+03
 0.6717130434204585E+01 -.6942949591167186E+02 0.8951908520164281E+02
 -.3837428186228554E+02 -.6017490834029153E+02 -.2414938148870612E+03
 0.1910990680154103E+03 0.1961230656819237E+03 -.8002868976329255E+02
 -.6613132313324186E+02 0.1484331596632719E+03 -.2381050984499665E+03
 0.9956818164612271E+02 -.1018827850790383E+03 -.2677238895510883E+03
 0.6513905780244720E+02 -.2253260358845159E+02 -.1154247469877412E+03
 0.2698862242756355E+03 -.4179168154925401E+02 0.1117024050027072E+03
 0.3337857049664130E+02 0.3689460087893744E+03 0.2074000419749702E+03
 -.1055062263953148E+03 -.4580045290349988E+02 0.3319457574131183E+03
 0.4343689358635882E+02 -.3713143296036157E+03 0.2157834281597457E+03
 0.2012172987622922E+03 -.2346347790793672E+02 -.5469034618343427E+01
 -.3508971554715444E+03 0.2946068618166696E+03 0.2245969511900090E+02
 -.3436866026324279E+03 0.2481366178649160E+02 -.3850920824064174E+03
 -.9035169252923419E+02 -.3471934712859431E+03 0.1836892731659462E+03
 0.4350184683920217E+02 0.1551941617387453E+03 -.3428762961314524E+03
 -.4838382533413205E+03 -.7424043838317631E+02 -.2838107959089132E+03
 -.1631094463169547E+03 -.2837910835660815E+02 0.6892676710275165E+02
 -.3071299753741413E+03 0.9178680764715578E+02 0.4700099664584926E+02
 0.4823265201181138E+03 0.2072316114743510E+03 -.5121206118536094E+02
 -.2153342383027577E+03 -.2267981520666242E+03 0.1493891064746730E+03
 0.1404697119198327E+03 0.3881045024932455E+03 0.1203796596763721E+03
 0.3068762083381833E+03 -.3722245757164292E+03 0.1269770307962927E+03
 0.1520627870197720E+03 0.2399100293857599E+02 -.8981594804896508E+02
 -.7860617703383981E+02 -.1996759803708759E+03 -.1957340787534007E+02
 0.8457012487504591E+02 -.1866603889147455E+03 -.3952319183802978E+01
 0.4858566794169819E+02 0.8169714706237738E+02 -.2334802170728884E+03
 -.2365210192143068E+03 0.6716922540050105E+02 0.2931838346043869E+02
 0.1035579470682434E+03 0.9669865243807276E+02 -.1351277418359581E+03
 -.1616361055911830E+03 -.6059450667039900E+02 0.1536783231367261E+03
 -.6418529886487217E+02 0.1714938323915022E+03 -.2362730473055875E+03
 0.3118074534032339E+02 0.3098503331490480E+02 0.2289802416589828E+03
 0.1590615641954835E+03 -.3952458835005239E+03 0.1536858195849300E+03
 -.3268339797352216E+03 -.4601679516566422E+03 0.1300338755302978E+03
 -.8300434952795619E+02 0.1070325436674942E+03 0.5272770158527791E+02
 -.2068398488904912E+03 0.1028657593050951E+03 0.3475933839130635E+03
 -.2538169194129147E+03 -.3548680028047478E+03 -.3506113381371214E+03
 -.1500473470165295E+03 -.3002572144339928E+03 0.2753569501524490E+03
 0.1365623949400574E+03 0.5600180465870610E+02 -.6904694558296431E+02
 -.6807138463388330E+02 0.1083412825073754E+03 0.2314596768094397E+03
 -.2602899971762591E+02 -.2063998734766030E+03 0.4800971307821636E+03
 -.1005097840444099E+03 0.1633961297124409E+02 0.4918610851770373E+01
 0.9304246725856549E+02 -.2147565066599932E+03 0.2006041504059762E+03
 0.1229002693019590E+03 -.3112937717463051E+03 -.1173648095975640E+03
 0.2258739091834753E+03 -.1099921551515458E+03 0.2753069080907416E+03
 -.1086349647945291E+03 -.1618148164935048E+03 -.1301804087739853E+03
 -.7639824375212422E+02 -.1520188347627349E+03 0.1833621231197593E+03
 -.4209484975992883E+03 0.9871743709622187E+02 0.2251143939056880E+03
 -.2647611452797635E+03 -.3551968316439461E+03 -.4002838994829180E+03
 -.6002453560307612E+02 -.1481928127263720E+03 -.6471514372163061E+02
 0.2592567899662196E+03 -.2279666373336180E+03 0.1412559444677437E+03
 0.1093626942118086E+03 -.3714710245314565E+02 0.9349135939963655E+02
 0.5331070196561657E+02 0.3352519606282322E+03 -.7937817673374320E+02
 0.4762692162130076E+03 -.2427257659542439E+03 0.2062064983493731E+03
 -.2161459000120427E+02 -.2826901308109690E+02 0.4277275369368108E+02
 0.7499999894854858E+02 0.5281422245468534E+02 0.4951418141632460E+02
 0.4211131448074902E+03 -.3376930142615365E+02 -.2777850741516159E+03
 -.8927846465178089E+02 0.1016349526421020E+03 0.3307356467899476E+02
 0.3904080731453343E+03 -.3307846116092936E+03 -.2352143085802915E+03
 0.6579606282961605E+02 -.1704740361224682E+03 0.1724119511514247E+03
 0.5430503298509619E+02 -.4845707342171568E+03 0.1893443175932144E+03
 -.1468887092233211E+03 -.3780950364428764E+02 0.3908120503278234E+02
 0.1622423066711233E+03 -.3654487197945097E+03 0.9874755517359392E+02
 -.1270552145582389E+03 0.7385481334164334E+02 -.8636211689750026E+02
 -.5209481994935799E+02 0.1424874336323060E+02 0.2335220297416185E+03
 -.1076587256794204E+02 0.1902389195372865E+03 0.2418509077277101E+03
 0.3041396680757564E+02 -.2897623468770748E+03 0.3404367463086867E+01
 -.4805329394754470E+02 -.4509334414294227E+02 0.3201023326366674E+03
 0.9507999228962294E+01 -.7738598969166961E+01 0.2325714116276747E+02
 -.2047959578221607E+03 0.1129638791272470E+03 -.1805840114611561E+02
 -.1884653549247586E+03 0.1352489802212029E+03 -.6590540070507350E+02
 0.2436898637687545E+03 -.2903468533419389E+03 0.1040284868388859E+03
 0.2168237226531549E+02 -.1846878079022727E+02 0.8643962149140989E+00
 -.1400612365599057E+02 0.1335974229326294E+03 0.3108984753540546E+01
 0.2437425676480394E+02 0.1995536766751835E+02 0.8301812890768440E+02
 -.1215523885826088E+03 -.5851875098218839E+02 -.1906669079133374E+03
 0.5588361663946352E+02 0.1114371197500977E+03 0.2651864828831553E+03
 0.1691310304384507E+03 -.1823231882820694E+03 0.1244161848565929E+02
 0.8771668070406568E+02 -.8191654954373458E+02 -.8999306835203468E+02
 -.3036816656379059E+01 0.3441089831938765E+03 -.1035238864780227E+03
 0.2407077810910038E+03 -.2015679362225429E+03 -.1750142156288973E+03
 0.2078577791536204E+03 0.4875024974746358E+02 0.3092721354658116E+02
 -.9797505680996916E+02 -.2353101315792763E+03 -.1629546428499369E+03
 -.1433228068512196E+03 -.2767710336224806E+03 -.7001023757749921E+02
 -.9645696386160722E+01 -.2534755991785132E+02 -.1936267460423083E+01
 0.1120171474153210E+03 0.2147499533255947E+03 0.5555658295795364E+02
 0.2521445750553430E+03 -.2131523209619666E+03 -.1222515033355849E+02
 0.3787548585249936E+01 -.2034963897262309E+03 0.5603895747671086E+02
 0.5122032265389051E+02 0.1183485761236808E+03 -.1923996820816293E+03
 0.2766445084655910E+02 -.1562356971335889E+03 0.3283725359169562E+03
 -.3862183182409049E+03 -.1298274274636714E+03 0.2515844309728758E+03
 -.1047696530718647E+03 -.2648266418300717E+03 -.2916132627823835E+02
 -.1043790365662838E+03 0.2838444209392233E+03 -.6464546336073062E+02
 0.2182799161396287E+03 0.1815973552537268E+03 -.2322315610012042E+02
 -.1313404215613161E+03 0.1812915685038012E+03 0.1864050978709145E+02
 -.5586402128151592E+02 0.1829521045088936E+03 -.5144700292793905E+02
 0.7653339736126142E+02 -.1415311075045717E+03 -.1875421967012754E+03
 -.3292220027071660E+03 -.2993457855416098E+03 0.2493261585605357E+03
 0.3062543920229533E+03 -.1054977198921744E+02 -.2454483226948924E+03
 0.2007161846888936E+02 -.2001857330606375E+02 -.2310494129327800E+02
 0.3058013048706617E+02 -.2315677388257734E+03 0.1655770524785316E+03
 -.1373281193805223E+03 0.3109536777778343E+03 0.1518312778088356E+03
 0.1656795481831305E+03 -.2356775767854153E+03 0.1002379730078490E+03
 -.7462429193845963E+02 0.1440083135490624E+03 0.4309630066169853E+02
 -.1392659448278939E+03 -.2406475777543644E+03 0.7134250707138142E+02
 -.8265581562599290E+02 0.4261431306442656E+01 0.1293357656929099E+03
 0.5727120276183713E+02 -.1177181270411328E+03 -.4514452584191013E+02
 0.1041710351622167E+02 0.2156059934472651E+03 -.4314690515155284E+03
 -.1233564072268643E+03 -.5069934266752970E+03 -.1056778094642792E+02
 0.1781440877516711E+03 0.8527684879196276E+02 0.2415852728285950E+03
 -.3508983478459269E+03 0.5691929328491118E+01 -.2447107286784873E+03
 0.3641826442498487E+03 0.4861960300918373E+00 0.2201764527411888E+03
 -.2747199292651217E+03 -.1513606071181339E+03 0.5264279711624361E+02
 -.1405758084672804E+02 -.7860067357218510E+00 -.1800962548991184E+02
 0.8234463426141895E+02 -.2492690762608473E+03 0.5952447615313726E+02
 0.2165313116064312E+03 -.3593220938404933E+03 -.1348971148462535E+03
 -.2024400897853005E+03 -.1452475674447645E+02 -.2831375409119920E+02
 -.9530359541241322E+02 -.6269253478714402E+02 0.6287245206523113E+02
 -.2475024506625498E+03 0.1288438391210480E+03 0.1721527667710544E+03
 0.1646812654162390E+02 -.2262386792820746E+02 0.6236367068902183E+02
 0.2043522834215463E+03 -.2506742085873628E+03 -.8216978699360590E+01
 0.2433607995748002E+03 -.9824744178306143E+02 -.4766992397790031E+03
 -.3137648190178698E+03 -.1503084776402032E+03 -.4461057618223292E+03
 0.1065596786251621E+03 0.3430383833668553E+03 0.9705898802734779E+02
 -.3479633235987788E+02 0.1142679368041502E+03 0.1237538025759167E+03
 -.2748921294318920E+03 -.5548571423038253E+01 -.9466547548895565E+02
 -.1088875656293662E+03 0.1864702740420677E+03 -.2227599977621399E+03
 -.8294915566406267E+02 -.5767379562144422E+02 0.2293747084323797E+03
 -.1048458208567995E+03 0.3417352546076956E+03 -.4298271508547459E+03
 -.1462898361405182E+03 -.2609957688760959E+03 -.1820871044194979E+03
 0.3443435502870060E+03 -.7462052143381138E+02 0.8699774884242336E+02
 -.3370126797814710E+03 -.2558212500375105E+03 0.3303188771995482E+03
 -.3032487476491231E+03 -.2609309404400498E+03 0.2086137853585995E+03
 0.2964005988592419E+03 0.2112222614214703E+03 -.1127902871282095E+03
 0.1490471608780654E+03 -.3007024788620811E+02 -.1329569274759174E+03
 -.8522692520397682E+02 0.1638055101809193E+03 -.2023788018092082E+03
 -.1110062106540404E+03 -.2159113777062532E+03 -.3309731691640487E+03
 0.4730305355245138E+03 0.2017242831863429E+03 0.2124582255895228E+03
 0.1817272592943214E+03 -.3701951297500295E+02 0.1291602787246633E+03
 -.4245644697944027E+01 -.2779439722052280E+02 -.4545621239009259E+01
 -.4543255290816720E+03 0.1110882198861595E+02 0.2580375922410076E+03
 -.9630834833744500E+02 -.5437440043604563E+02 0.2852361543884662E+03
 0.3690400662700164E+02 -.4682993074895735E+02 -.6003795892364995E+02
 -.1941942392024003E+01 0.5010245514092700E+02 -.2645887946326232E+03
 0.1190805577769110E+03 -.4382406644944799E+03 -.3881635003547687E+03
 0.2561547533427078E+03 0.1068085893565874E+03 0.1379247224045374E+03
 0.7286961798933457E+02 -.1440524584822377E+03 0.1202063914510561E+03
 0.1276727875974865E+03 -.7635627436602736E+02 -.1976172763941262E+03
 -.2116890469768111E+03 -.1930419283394393E+03 -.9178158298485277E+01
 0.2765513131943002E+03 -.3675727434076695E+03 -.3038032432412401E+03
 0.3485745288019886E+03 0.2228661710375226E+02 0.2585459141003493E+03
 0.3038213492956502E+03 -.3767742861671641E+02 0.1260618716520554E+03
 0.2033849715043344E+03 -.6054458133025368E+02 -.1239734759959667E+03
 0.2156575238083321E+03 0.2791279832888938E+03 -.1867435845049973E+03
 0.2220053594322175E+02 -.3855337886692117E+03 -.2558312780347689E+03
 0.4900245628204889E+03 0.1849959038704112E+03 -.7118262921009996E+02
 0.8364409084048827E+02 -.3272732672138844E+03 0.1873630188988171E+03
 -.1195766357041853E+03 0.4442360477373194E+03 -.2949499026382734E+03
 -.2163048763988055E+03 -.1477814573323332E+03 0.1064634550544627E+03
 -.2641822369598986E+03 -.1324478827647509E+03 0.3767596585827642E+02
 -.3567865018888043E+02 -.3039780566319236E+02 -.2060092877315047E+02
 0.2325481339884505E+02 0.1228078544832524E+03 0.2531983696878622E+03
 -.4483673557309527E+03 0.8862275224002144E+02 0.3371870891046678E+03
 0.1659333227888465E+03 0.2576345619141764E+02 -.4244407198531898E+02
 0.7243488765071399E+02 0.1648561877824799E+03 -.2212094543383808E+03
 -.1896117216132345E+02 -.3486421141442503E+01 0.2040459587570323E+03
 -.2781781041283639E+03 -.2194460181820730E+02 -.4328289471512826E+03
 -.3096293264437182E+02 -.1506778462504836E+02 0.2151332595010552E+03
 -.2793945444439435E+03 0.1774570598254349E+03 0.7268349894006248E+02
 0.3030383943551911E+03 -.4966490921887856E+02 -.4257320692083220E+03
 -.2144774106192448E+03 0.5192450502561566E+03 -.2409608417228394E+02
# vmean =  322.545     m/s
# vpeak =  290.026     m/s
