---------------------------------------------------
swift_rmvs3_fp_ye_YORP version Oct 8th 2013
Author: Miroslav Broz, Charles University
        e-mail: miroslav.broz@email.cz
        http://sirrah.troja.mff.cuni.cz/yarko-site/
---------------------------------------------------
 
************* SWIFT: Version 2.0 *************
  
 Authors:
    Martin Duncan: Queen's University 
    Hal Levison: Southwest Research Institute 
  
  Please address any comments or questions to:
    Hal Levison 
    Geophysical, Astrophysical, & Planetary Sciences
    Southwest Research Institute
    1050 Walnut St.
    Suite 429 
    Boulder, Co  80302 
    (303) 546-0290 
    Fax: (303) 546-9687 
    (D)  swri::levison 
    (I)  hal@gort.space.swri.edu 
  
 Enter name of parameter data file : 
 Parameter data file is param.in                                                                        
 t0,tstop,dt :    0.0000000000000000        1461000000000.0000        36.524999999999999     
 dtout,dtdump :    365250.00000000000        365250.00000000000     
 F T F F T F  =           18
 rmin,rmax,rmaxu,qmin,lclose :   4.6800000000000001E-003   100.00000000000000       -1.0000000000000000        4.6800000000000001E-003 F
 outfile : bin.dat                                                                         
  
  
 Enter name of planet data file : 
 Planet data file is pl.in                                                                           

Number of bodies (incl. the Sun) is   5
For each, list mass 
Followed by x,y,z,vx,vy,vz : 

   2.9591397914149967E-004
   0.0000000000000000        0.0000000000000000        0.0000000000000000     
   0.0000000000000000        0.0000000000000000        0.0000000000000000     
   2.8253459095242259E-007
  -1.0117807864719748        4.9957096534412768       -2.6730007275313269E-002
  -7.6191779746260539E-003  -1.1119753779780981E-003  -3.0555328926781838E-006
   8.4597151856806587E-008
   9.4396098087496654       -1.9527281373200149       -8.8473283022723351E-002
   1.1374740238288945E-003   5.3924731585757151E-003   7.8001363553662720E-005
   1.2920249167819691E-008
   19.717640886353891       -3.4998431340212752       0.32325632372444663     
   6.3161409902092824E-004   3.7076472784933127E-003   2.4887768090075613E-005
   1.5243589007842760E-008
  -14.072682437790897        26.531450331622118      -0.31176011256186426     
  -2.7966246555578924E-003  -1.4468996362679942E-003   2.1549141558755454E-005
 Enter name of test particle data file : 
 Test particle file called tp.in                                                                           
  
 ntp :           50
 Warning:  The size of istat and rstat arrays is 
           not NSTAT=          53 , but is            1
  
  
 Enter name of filter parameters file : 
 Filter parameters file called filter.in                                                                       
  
 Enter name of proper parameters file : 
 Proper parameters file called proper.in                                                                       
  
 Enter name of spin axes data file : 
 Spin axes data file called spin.in                                                                         
  
 Enter name of Yarkovsky data file : 
 Yarkovsky data file called yarko.in                                                                        
  
 Enter name of YORP data file : 
 YORP data file called yorp.in                                                                         
  
 io_init_yorp: Error opening file ../fg_functions_K1e-3/1.y                                                       
