           5
 0.2959139791414997E-03
 0.0000000000000000E+00 0.0000000000000000E+00 0.0000000000000000E+00
 0.0000000000000000E+00 0.0000000000000000E+00 0.0000000000000000E+00
 0.2825345909524226E-06
 -.2692638348893248E+01 -.4649274139142823E+01 0.7936085942516893E-01
 0.6444924509322072E-02 -.3429470476600111E-02 -.1301119682625563E-03
 0.8459715185680659E-07
 0.1523230587281209E+01 -.9946610552482490E+01 0.1118386916861079E+00
 0.5214952820346947E-02 0.8245407236811424E-03 -.2218182679912766E-03
 0.1292024916781969E-07
 0.1718603767193537E+02 0.9974363692478319E+01 -.1850750579503512E+00
 -.1996609754030792E-02 0.3215003557061258E-02 0.3786264572764679E-04
 0.1524358900784276E-07
 0.2891648339250978E+02 -.7745037710482690E+01 -.5073092644366326E+00
 0.7981856585336276E-03 0.3048363001223009E-02 -.8111108704727021E-04
           1
 -.8212316023142157E+00 -.2822025201864172E+01 -.3860211065735195E+00
 0.9110872846656607E-02 -.1467734949767009E-02 0.1625260392867539E-02
 0
 0.0
