# k_gauss = 0.1720209895000000E-01
 10
 0.2959122082855911E-03
 0.0000000000000000E+00 0.0000000000000000E+00 0.0000000000000000E+00
 0.0000000000000000E+00 0.0000000000000000E+00 0.0000000000000000E+00
 0.4912547451450812E-10
 -.2509531221026992E+00 -.3843872558681364E+00 -.8404018425101412E-02
 0.1787462092204882E-01 -.1404619927246525E-01 -.2788159098862936E-02
 0.7243452486162703E-09
 0.7225605970258521E+00 0.6057026735661655E-01 -.4086267363699485E-01
 -.1771050333571883E-02 0.2006338915335854E-01 0.3783021099492499E-03
 0.8997011346712499E-09
 0.9631715489988829E+00 0.2652189740018314E+00 -.4102145816961555E-05
 -.4847629327912157E-02 0.1652252172909037E-01 -.1990955900144087E-08
 0.9549535105779258E-10
 0.1365274236399455E+01 -.2301621763969479E+00 -.3833355025775341E-01
 0.2860465490713815E-02 0.1499464123838767E-01 0.2446499320372646E-03
 0.2825345909524226E-06
 -.2692633166808604E+01 -.4649273556202358E+01 0.7936074572516505E-01
 0.6444909348176835E-02 -.3429368619414194E-02 -.1301114329554103E-03
 0.8459715185680659E-07
 0.1523235769365853E+01 -.9946609969542024E+01 0.1118385779861040E+00
 0.5214937659201710E-02 0.8246425808670590E-03 -.2218177326841306E-03
 0.1292024916781969E-07
 0.1718604285402002E+02 0.9974364275418784E+01 -.1850751716503551E+00
 -.1996624915176029E-02 0.3215105414247175E-02 0.3786318103479280E-04
 0.1524358900784276E-07
 0.2891648857459442E+02 -.7745037127542226E+01 -.5073093781366365E+00
 0.7981704973883906E-03 0.3048464858408926E-02 -.8111055174012420E-04
 0.2188699765425970E-11
 0.1162894319033975E+02 -.3158438702675116E+02 0.1392646675587095E-01
 0.3022020148778927E-02 0.4206663787217847E-03 -.9174256809675153E-03
           1
 -.1929069220330391E+01 0.9483340763483301E+00 -.4934898759057302E+00
 -.7001258340046151E-02 -.8445991423404076E-02 0.6422607468016027E-02
 0
 0.0
