# chi2 & n_fit & D_PB [km] & Durda's filename (Material_velocity_angle_logtargettoprojectile.sfd)
     43.47   26   249.044   0.80517   0.00106  sfd/Basalt_4_15_2.6.sfd
     53.09   26   242.346   0.87380   0.00063  sfd/Basalt_4_60_1.8.sfd
     54.67   26   244.588   0.84998   0.00067  sfd/Basalt_4_30_2.6.sfd
     62.46   26   240.229   0.89710   0.00082  sfd/Basalt_3_45_2.2.sfd
     63.56   26   249.044   0.80517   0.00085  sfd/Basalt_3_30_2.2.sfd
     65.21   26   255.885   0.74230   0.00288  sfd/Basalt_5_30_2.6.sfd
     70.90   26   249.044   0.80517   0.00121  sfd/Basalt_6_60_1.8.sfd
     72.08   26   258.205   0.72247   0.03670  sfd/Basalt_7_15_3.0.sfd
     75.66   26   242.346   0.87380   0.00067  sfd/Basalt_5_60_1.8.sfd
     77.95   26   240.229   0.89710   0.00116  sfd/Basalt_3_30_2.6.sfd
     79.33   26   238.048   0.92198   0.00085  sfd/Basalt_6_45_2.6.sfd
     79.51   26   253.586   0.76268   0.00095  sfd/Basalt_4_45_2.2.sfd
     89.75   26   238.048   0.92198   0.00036  sfd/Basalt_4_60_2.2.sfd
     98.88   26   238.065   0.92179   0.00028  sfd/Basalt_3_15_2.6.sfd
    127.32   26   240.196   0.89747   0.00169  sfd/Basalt_3_60_1.8.sfd
    133.19   26   238.048   0.92198   0.00070  sfd/Basalt_3_60_2.2.sfd
    145.95   26   242.368   0.87356   0.00037  sfd/Basalt_7_60_2.2.sfd
    150.91   26   258.259   0.72202   0.00284  sfd/Basalt_7_60_1.8.sfd
    163.82   26   231.689   1.00000   0.00049  sfd/Basalt_5_45_2.6.sfd
    165.04   26   246.806   0.82727   0.03384  sfd/Basalt_4_60_1.4.sfd
    175.24   26   233.800   0.97315   0.00049  sfd/Basalt_6_60_2.2.sfd
    182.91   26   233.795   0.97322   0.00030  sfd/Basalt_5_60_2.2.sfd
    205.58   26   238.037   0.92210   0.00033  sfd/Basalt_3_75_2.2.sfd
    215.12   26   233.795   0.97322   0.00034  sfd/Basalt_3_45_2.6.sfd
    243.89   26   255.986   0.74143   0.00142  sfd/Basalt_3_15_2.2.sfd
    253.28   26   262.842   0.68490   0.00307  sfd/Basalt_5_45_2.2.sfd
    256.99   26   258.312   0.72157   0.00728  sfd/Basalt_7_45_2.6.sfd
    278.51   26   238.037   0.92210   0.00017  sfd/Basalt_4_45_2.6.sfd
    283.08   26   238.048   0.92198   0.01145  sfd/Basalt_3_75_1.8.sfd
    285.90   26   285.171   0.53629   0.00052  sfd/Basalt_6_15_2.6.sfd
    319.18   26   246.806   0.82727   0.00032  sfd/Basalt_7_30_3.0.sfd
    341.47   26   282.602   0.55105   0.00083  sfd/Basalt_7_30_2.6.sfd
    368.42   26   251.302   0.78367   0.00172  sfd/Basalt_3_45_1.8.sfd
    373.16   26   270.212   0.63038   0.01075  sfd/Basalt_5_15_2.6.sfd
    400.27   26   272.669   0.61349   0.00194  sfd/Basalt_6_30_2.6.sfd
    409.16   26   235.920   0.94715   0.03184  sfd/Basalt_6_75_1.4.sfd
    418.41   26   292.999   0.49445   0.00051  sfd/Basalt_7_15_2.6.sfd
    424.25   26   233.790   0.97328   0.00202  sfd/Basalt_5_75_2.2.sfd
    449.68   26   242.368   0.87356   0.01829  sfd/Basalt_3_75_1.4.sfd
    455.07   26   240.229   0.89710   0.00013  sfd/Basalt_6_30_3.0.sfd
    461.70   26   242.390   0.87331   0.00015  sfd/Basalt_6_15_3.0.sfd
    464.94   26   238.048   0.92198   0.03875  sfd/Basalt_7_75_1.0.sfd
    466.57   26   233.790   0.97328   0.01056  sfd/Basalt_5_75_1.8.sfd
    493.09   26   238.048   0.92198   0.00947  sfd/Basalt_4_75_1.8.sfd
    497.91   26   235.904   0.94735   0.00084  sfd/Basalt_7_75_2.2.sfd
    498.69   26   238.037   0.92210   0.00056  sfd/Basalt_6_75_2.2.sfd
    506.50   26   238.037   0.92210   0.00014  sfd/Basalt_4_60_2.6.sfd
    506.71   26   233.795   0.97322   0.00035  sfd/Basalt_3_15_3.0.sfd
    514.13   26   280.166   0.56555   0.00776  sfd/Basalt_6_45_2.2.sfd
    514.43   26   235.909   0.94728   0.00022  sfd/Basalt_3_60_2.6.sfd
    518.23   26   231.689   1.00000   0.00342  sfd/Basalt_4_75_2.2.sfd
    522.83   26   244.616   0.84969   0.02007  sfd/Basalt_3_60_1.4.sfd
    524.99   26   238.037   0.92210   0.09263  sfd/Basalt_4_75_1.0.sfd
    536.94   26   235.893   0.94748   0.08353  sfd/Basalt_5_75_1.0.sfd
    541.24   26   238.048   0.92198   0.00018  sfd/Basalt_4_30_3.0.sfd
    549.84   26   240.174   0.89772   0.02763  sfd/Basalt_7_75_1.4.sfd
    554.52   26   238.026   0.92223   0.00048  sfd/Basalt_7_45_3.0.sfd
    555.60   26   233.790   0.97328   0.00010  sfd/Basalt_5_60_2.6.sfd
    557.27   26   260.547   0.70317   0.00288  sfd/Basalt_5_60_1.4.sfd
    578.46   26   233.790   0.97328   0.00017  sfd/Basalt_4_15_3.0.sfd
    579.92   26   231.689   1.00000   0.10183  sfd/Basalt_3_75_1.0.sfd
    580.91   26   235.920   0.94715   0.00014  sfd/Basalt_3_30_3.0.sfd
    587.36   26   242.368   0.87356   0.03406  sfd/Basalt_5_75_1.4.sfd
    630.58   26   229.602   1.02752   0.03271  sfd/Basalt_4_75_1.4.sfd
    675.41   26   238.065   0.92179   0.00009  sfd/Basalt_5_30_3.0.sfd
    681.27   26   235.904   0.94735   0.09778  sfd/Basalt_6_75_1.0.sfd
    687.56   26   233.790   0.97328   0.00007  sfd/Basalt_5_15_3.0.sfd
    689.08   26   267.704   0.64826   0.00387  sfd/Basalt_6_60_1.4.sfd
    749.08   26   233.795   0.97322   0.00016  sfd/Basalt_7_60_2.6.sfd
    779.32   26   272.581   0.61409   0.00522  sfd/Basalt_4_30_2.2.sfd
    788.73   26   235.909   0.94728   0.00007  sfd/Basalt_6_60_2.6.sfd
    801.97   26   233.790   0.97328   0.00011  sfd/Basalt_3_45_3.0.sfd
    806.95   26   235.909   0.94728   0.00010  sfd/Basalt_4_45_3.0.sfd
    849.98   26   233.790   0.97328   0.00010  sfd/Basalt_5_45_3.0.sfd
    863.36   26   235.909   0.94728   0.00010  sfd/Basalt_6_45_3.0.sfd
    883.16   26   235.904   0.94735   0.00010  sfd/Basalt_4_60_3.0.sfd
    888.70   26   227.534   1.05579   0.01300  sfd/Basalt_6_75_1.8.sfd
    925.90   26   238.026   0.92223   0.00009  sfd/Basalt_5_60_3.0.sfd
    925.97   26   238.048   0.92198   0.00012  sfd/Basalt_3_60_3.0.sfd
    931.31   26   267.778   0.64772   0.00439  sfd/Basalt_4_45_1.8.sfd
    956.09   26   295.941   0.47984   0.00619  sfd/Basalt_7_45_2.2.sfd
    962.08   26   233.784   0.97335   0.00005  sfd/Basalt_6_60_3.0.sfd
   1014.25   26   280.276   0.56489   0.00484  sfd/Basalt_7_60_1.4.sfd
   1052.56   26   295.798   0.48054   0.00242  sfd/Basalt_5_30_2.2.sfd
   1091.34   26   233.784   0.97335   0.01473  sfd/Basalt_7_75_1.8.sfd
   1152.03   26   238.037   0.92210   0.00007  sfd/Basalt_7_75_2.6.sfd
   1241.18   26   231.689   1.00000   0.00005  sfd/Basalt_7_60_3.0.sfd
   1242.13   26   295.655   0.48124   0.00338  sfd/Basalt_4_15_2.2.sfd
   1314.12   26   233.790   0.97328   0.00005  sfd/Basalt_6_75_2.6.sfd
   1337.67   26   244.436   0.85157   0.00085  sfd/Basalt_7_75_3.0.sfd
   1352.20   26   255.932   0.74189   0.00269  sfd/Basalt_3_60_1.0.sfd
   1409.36   26   317.801   0.38748   0.00805  sfd/Basalt_6_30_2.2.sfd
   1421.44   26   265.366   0.66555   0.00248  sfd/Basalt_4_60_1.0.sfd
   1441.86   26   231.689   1.00000   0.00005  sfd/Basalt_3_75_2.6.sfd
   1445.52   26   285.283   0.53566   0.00300  sfd/Basalt_3_30_1.8.sfd
   1450.21   26   238.048   0.92198   0.00004  sfd/Basalt_4_75_2.6.sfd
   1473.85   26   235.920   0.94715   0.00003  sfd/Basalt_5_75_2.6.sfd
   1485.00   26   235.920   0.94715   0.00091  sfd/Basalt_6_75_3.0.sfd
   1517.65   26   233.800   0.97315   0.00005  sfd/Basalt_5_75_3.0.sfd
   1550.69   26   233.795   0.97322   0.00005  sfd/Basalt_3_75_3.0.sfd
   1586.86   26   235.904   0.94735   0.00005  sfd/Basalt_4_75_3.0.sfd
   1821.26   26   309.133   0.42100   0.00956  sfd/Basalt_5_45_1.8.sfd
   2010.73   26   326.750   0.35651   0.00353  sfd/Basalt_5_15_2.2.sfd
   2058.12   26   280.063   0.56617   0.00481  sfd/Basalt_5_60_1.0.sfd
   2067.97   26   301.353   0.45445   0.06242  sfd/Basalt_6_60_1.0.sfd
   2083.70   26   282.602   0.55105   0.00684  sfd/Basalt_3_45_1.4.sfd
   2551.35   26   326.976   0.35577   0.06074  sfd/Basalt_7_60_1.0.sfd
   2662.08   26   326.750   0.35651   0.00451  sfd/Basalt_3_15_1.8.sfd
   2687.74   26   354.173   0.27994   0.00409  sfd/Basalt_6_15_2.2.sfd
   2862.59   26   360.633   0.26517   0.00742  sfd/Basalt_7_30_2.2.sfd
   2868.54   26   348.398   0.29410   0.01156  sfd/Basalt_6_45_1.8.sfd
   2886.01   26   344.711   0.30363   0.00614  sfd/Basalt_4_30_1.8.sfd
   3364.28   26   335.742   0.32862   0.00842  sfd/Basalt_4_45_1.4.sfd
   3601.22   26   398.286   0.19685   0.00432  sfd/Basalt_7_15_2.2.sfd
   3840.57   26   401.472   0.19220   0.00881  sfd/Basalt_7_45_1.8.sfd
   4320.99   26   347.836   0.29552   0.03205  sfd/Basalt_3_45_1.0.sfd
   5184.87   26   465.003   0.12369   0.02062  sfd/Basalt_5_30_1.8.sfd
   5240.70   26   420.955   0.16673   0.02427  sfd/Basalt_3_30_1.4.sfd
   5444.08   26   460.199   0.12761   0.00873  sfd/Basalt_5_45_1.4.sfd
   8031.87   26   603.387   0.05661   0.03036  sfd/Basalt_4_15_1.8.sfd
  11062.49   26   844.880   0.02062   0.00914  sfd/Basalt_6_30_1.8.sfd
  11085.76   26   855.885   0.01984   0.01009  sfd/Basalt_6_45_1.4.sfd
  12286.70   26   933.289   0.01530   0.01449  sfd/Basalt_5_15_1.8.sfd
  13885.23   26  1085.164   0.00973   0.00566  sfd/Basalt_6_15_1.8.sfd
  14004.97   26  1021.656   0.01166   0.01075  sfd/Basalt_4_15_1.4.sfd
  14034.74   26  1021.656   0.01166   0.01075  sfd/Basalt_3_15_1.4.sfd
  14493.14   26  1227.368   0.00673   0.00486  sfd/Basalt_7_45_1.4.sfd
  15483.07   26  1311.734   0.00551   0.00357  sfd/Basalt_7_15_1.8.sfd
  15576.98   26  1311.734   0.00551   0.00522  sfd/Basalt_7_30_1.8.sfd
  16047.80   26  1384.764   0.00468   0.00338  sfd/Basalt_4_30_1.4.sfd
  16153.83   26  1220.328   0.00684   0.00536  sfd/Basalt_4_45_1.0.sfd
  17947.41   26  1959.812   0.00165   0.00104  sfd/Basalt_5_30_1.4.sfd
  18073.11   26  1898.001   0.00182   0.00111  sfd/Basalt_5_45_1.0.sfd
  18565.05   26  1577.307   0.00317   0.00110  sfd/Basalt_3_15_1.0.sfd
  19328.60   26  2155.447   0.00124   0.00067  sfd/Basalt_7_30_1.4.sfd
  19582.61   26  2244.679   0.00110   0.00086  sfd/Basalt_6_45_1.0.sfd
  19665.16   26  2359.111   0.00095   0.00046  sfd/Basalt_7_45_1.0.sfd
  20137.43   26  1873.112   0.00189   0.00174  sfd/Basalt_3_30_1.0.sfd
  20746.54   26  2547.783   0.00075   0.00067  sfd/Basalt_6_30_1.4.sfd
  21317.36   26  2826.055   0.00055   0.00051  sfd/Basalt_4_30_1.0.sfd
  22799.51   26  2725.798   0.00061   0.00055  sfd/Basalt_4_15_1.0.sfd
  22861.03   26  2944.636   0.00049   0.00030  sfd/Basalt_6_15_1.4.sfd
  22870.07   26  3496.934   0.00029   0.00028  sfd/Basalt_5_30_1.0.sfd
  23101.34   26  3312.161   0.00034   0.00032  sfd/Basalt_6_30_1.0.sfd
  23234.81   26  2983.384   0.00047   0.00046  sfd/Basalt_5_15_1.4.sfd
  23324.50   26  3080.897   0.00043   0.00040  sfd/Basalt_5_15_1.0.sfd
  23385.51   26  3385.410   0.00032   0.00030  sfd/Basalt_7_30_1.0.sfd
  23886.99   26  3447.107   0.00030   0.00025  sfd/Basalt_7_15_1.4.sfd
  24071.55   26  3560.781   0.00028   0.00024  sfd/Basalt_6_15_1.0.sfd
  24091.86   26  3573.881   0.00027   0.00024  sfd/Basalt_7_15_1.0.sfd
