    1       0.0000000000   0.23090622 -0.76122248 -0.60598898  0.00075889
    2       0.0000000000   0.83361724 -0.27596435  0.47846209  0.00018305
    3       0.0000000000  -0.37758432  0.00000929  0.92597521  0.00068897
    4       0.0000000000   0.50991135 -0.47713254 -0.71577577  0.00017408
    5       0.0000000000   0.64585714 -0.27095958  0.71375728  0.00060522
    6       0.0000000000  -0.19488691 -0.75352037  0.62787431  0.00025919
    7       0.0000000000   0.00261338 -0.78077468  0.62480723  0.00030347
    8       0.0000000000   0.73211999 -0.38734756  0.56032329  0.00015249
    9       0.0000000000   0.27991287 -0.88795562 -0.36494329  0.00020054
   10       0.0000000000  -0.78406232  0.11038932  0.61078677  0.00017398
   11       0.0000000000   0.76042143  0.37967548  0.52688308  0.00083804
   12       0.0000000000  -0.02085459 -0.68058186  0.73237519  0.00036537
   13       0.0000000000   0.72254227  0.68603896  0.08534170  0.00022627
   14       0.0000000000  -0.50860545 -0.84523084  0.16402842  0.00024082
   15       0.0000000000  -0.02584577  0.98637828 -0.16244967  0.00015574
   16       0.0000000000  -0.73482809 -0.24576530 -0.63216066  0.00015669
   17       0.0000000000   0.90966313 -0.24466700 -0.33563530  0.00021620
   18       0.0000000000  -0.80341448 -0.59484983  0.02605482  0.00015388
   19       0.0000000000   0.75079184 -0.46625017 -0.46789144  0.00019005
   20       0.0000000000   0.19522150 -0.80336742  0.56257387  0.00062477
   21       0.0000000000  -0.70196441 -0.05542392  0.71005222  0.00028799
   22       0.0000000000   0.67162996 -0.70187755  0.23723638  0.00072555
   23       0.0000000000   0.34607512  0.12075488  0.93040328  0.00038635
   24       0.0000000000  -0.54753590  0.35050255  0.75983709  0.00042226
   25       0.0000000000   0.55483153  0.82579903  0.10108383  0.00069678
   26       0.0000000000   0.18664305 -0.33845471  0.92228671  0.00057984
   27       0.0000000000  -0.63395295 -0.69797115 -0.33307646  0.00021675
   28       0.0000000000  -0.35721520 -0.39146145 -0.84803021  0.00077213
   29       0.0000000000   0.48216411  0.57497742 -0.66099828  0.00021985
   30       0.0000000000   0.65564323 -0.09499628  0.74907120  0.00023911
   31       0.0000000000   0.52403433  0.75776483 -0.38881934  0.00051000
   32       0.0000000000   0.22275527  0.02693123  0.97450233  0.00033244
   33       0.0000000000   0.60170863  0.79701469 -0.05209898  0.00017934
   34       0.0000000000   0.83370631 -0.45154490 -0.31786945  0.00022124
   35       0.0000000000  -0.58914801 -0.14798574  0.79435813  0.00020337
   36       0.0000000000  -0.04466226  0.68371750 -0.72837879  0.00038237
   37       0.0000000000  -0.27610427 -0.43121082  0.85896662  0.00020145
   38       0.0000000000  -0.44880886 -0.76170710  0.46730386  0.00018050
   39       0.0000000000  -0.16349368  0.75975911  0.62931384  0.00022800
   40       0.0000000000   0.95898278 -0.13520346 -0.24914262  0.00027921
   41       0.0000000000  -0.44600653 -0.81482276 -0.37032693  0.00017429
   42       0.0000000000   0.67584128 -0.11224924  0.72844950  0.00020133
   43       0.0000000000   0.24385357 -0.05427582 -0.96829209  0.00022767
   44       0.0000000000  -0.38725582 -0.91878739 -0.07656794  0.00018571
   45       0.0000000000   0.61183162  0.42886139 -0.66463522  0.00050552
   46       0.0000000000   0.07883609  0.43687283 -0.89606194  0.00024161
   47       0.0000000000  -0.89523276 -0.03356692  0.44433273  0.00014831
   48       0.0000000000  -0.59751201 -0.38673947 -0.70243290  0.00015014
   49       0.0000000000  -0.46274286 -0.86979810 -0.17123174  0.00043064
   50       0.0000000000  -0.23608791  0.95115619  0.19890804  0.00014717
    1       0.0540000000   0.23090621 -0.76122244 -0.60598903  0.00075889
    2       0.0540000000   0.83318739 -0.27584133  0.47928106  0.00018307
    3       0.0540000000  -0.37756170  0.00000891  0.92598443  0.00068897
    4       0.0540000000   0.50804847 -0.47541988 -0.71823582  0.00017403
    5       0.0540000000   0.64445149 -0.27036903  0.71525021  0.00060479
    6       0.0540000000  -0.19461251 -0.75256803  0.62910042  0.00025906
    7       0.0540000000   0.00265933 -0.77931472  0.62662708  0.00030335
    8       0.0540000000   0.73187681 -0.38721779  0.56073052  0.00015249
    9       0.0540000000   0.27987043 -0.88783202 -0.36527640  0.00020055
   10       0.0540000000  -0.05751758  0.96256228 -0.26488787  0.00055649
   11       0.0540000000   0.76037259  0.37965095  0.52697123  0.00083805
   12       0.0540000000  -0.02081508 -0.67997753  0.73293744  0.00036533
   13       0.0540000000   0.72252568  0.68601246  0.08569441  0.00022613
   14       0.0540000000  -0.50856454 -0.84516461  0.16449589  0.00024064
   15       0.0540000000  -0.02585922  0.98610674 -0.16408780  0.00015551
   16       0.0540000000  -0.72760806 -0.24294159 -0.64153403  0.00015655
   17       0.0540000000   0.90964516 -0.24466215 -0.33568752  0.00021620
   18       0.0540000000  -0.80341243 -0.59484348  0.02626221  0.00015395
   19       0.0540000000   0.75197417 -0.46700552 -0.46523188  0.00018948
   20       0.0540000000   0.19521027 -0.80331220  0.56265661  0.00062476
   21       0.0540000000  -0.70193365 -0.05542175  0.71008280  0.00028804
   22       0.0540000000   0.67160445 -0.70184955  0.23739139  0.00072562
   23       0.0540000000   0.34239576  0.11946053  0.93193043  0.00038471
   24       0.0540000000  -0.54752179  0.35049367  0.75985135  0.00042226
   25       0.0540000000   0.55483092  0.82579744  0.10110015  0.00069680
   26       0.0540000000   0.18661901 -0.33841407  0.92230649  0.00057986
   27       0.0540000000  -0.63393693 -0.69795029 -0.33315065  0.00021674
   28       0.0540000000  -0.35719205 -0.39143259 -0.84805328  0.00077213
   29       0.0540000000   0.48037855  0.57292847 -0.66407034  0.00021979
   30       0.0540000000   0.65247069 -0.09456833  0.75189017  0.00023897
   31       0.0540000000   0.52401876  0.75774483 -0.38887931  0.00051002
   32       0.0540000000   0.22236382  0.02683359  0.97459442  0.00033227
   33       0.0540000000   0.60170040  0.79701097 -0.05225071  0.00017920
   34       0.0540000000   0.83333463 -0.45132824 -0.31914918  0.00022124
   35       0.0540000000  -0.58654859 -0.14745090  0.79637867  0.00020339
   36       0.0540000000  -0.04462946  0.68274208 -0.72929518  0.00038271
   37       0.0540000000  -0.27470098 -0.42910296  0.86047081  0.00020125
   38       0.0540000000  -0.44567770 -0.75711194  0.47765352  0.00018070
   39       0.0540000000  -0.16346044  0.75960392  0.62950978  0.00022799
   40       0.0540000000   0.95884675 -0.13518387 -0.24967624  0.00027845
   41       0.0540000000  -0.44584613 -0.81452880 -0.37116581  0.00017430
   42       0.0540000000   0.66724639 -0.11092611  0.73653082  0.00019967
   43       0.0540000000   0.24381661 -0.05426754 -0.96830186  0.00022765
   44       0.0540000000  -0.38725412 -0.91878433 -0.07661320  0.00018570
   45       0.0540000000   0.61079574  0.42819603 -0.66601555  0.00050523
   46       0.0540000000   0.07875580  0.43650708 -0.89624723  0.00024162
   47       0.0540000000  -0.89424536 -0.03357942  0.44631565  0.00014845
   48       0.0540000000  -0.59730814 -0.38659203 -0.70268741  0.00015012
   49       0.0540000000  -0.46273869 -0.86978813 -0.17129365  0.00043062
   50       0.0540000000  -0.23608640  0.95114858  0.19894620  0.00014681
