         300
 0.1571380725941656E-07 0.3500000000000000E+03 0.1571380725941656E-07
 0.1571033787196957E-07 0.3499227249267857E+03 -.7354357879045905E+01
 0.1569993124158277E-07 0.3496909338289793E+03 -.1470546829640004E+02
 0.1568259196353119E-07 0.3493047290590044E+03 -.2205008519293061E+02
 0.1565832769435190E-07 0.3487642811540154E+03 -.2938496539257585E+02
 0.1562714914846309E-07 0.3480698287605928E+03 -.3670687001872500E+02
 0.1558907009343292E-07 0.3472216785293640E+03 -.4401256592441538E+02
 0.1554410734390012E-07 0.3462202049795945E+03 -.5129882711999895E+02
 0.1549228075414912E-07 0.3450658503338114E+03 -.5856243619764848E+02
 0.1543361320934299E-07 0.3437591243225298E+03 -.6580018575207455E+02
 0.1536813061541795E-07 0.3423006039591703E+03 -.7300887979682500E+02
 0.1529586188764406E-07 0.3406909332852664E+03 -.8018533517554278E+02
 0.1521683893785707E-07 0.3389308230860736E+03 -.8732638296755846E+02
 0.1513109666036699E-07 0.3370210505767066E+03 -.9442886988719592E+02
 0.1503867291654984E-07 0.3349624590589432E+03 -.1014896596761747E+03
 0.1493960851812904E-07 0.3327559575488460E+03 -.1085056344884936E+03
 0.1483394720915416E-07 0.3304025203753662E+03 -.1154736962671834E+03
 0.1472173564668475E-07 0.3279031867501075E+03 -.1223907681123218E+03
 0.1460302338018791E-07 0.3252590603084397E+03 -.1292537956397056E+03
 0.1447786282965863E-07 0.3224713086221642E+03 -.1360597483295810E+03
 0.1434630926247262E-07 0.3195411626839471E+03 -.1428056208648358E+03
 0.1420842076898175E-07 0.3164699163637478E+03 -.1494884344580625E+03
 0.1406425823686303E-07 0.3132589258374821E+03 -.1561052381669075E+03
 0.1391388532423228E-07 0.3099096089881730E+03 -.1626531101971239E+03
 0.1375736843153458E-07 0.3064234447798542E+03 -.1691291591927532E+03
 0.1359477667222358E-07 0.3028019726045004E+03 -.1755305255128674E+03
 0.1342618184224305E-07 0.2990467916022755E+03 -.1818543824943056E+03
 0.1325165838832378E-07 0.2951595599553975E+03 -.1880979376998486E+03
 0.1307128337510996E-07 0.2911419941559312E+03 -.1942584341512813E+03
 0.1288513645112967E-07 0.2869958682478348E+03 -.2003331515467958E+03
 0.1269329981362428E-07 0.2827230130435908E+03 -.2063194074622007E+03
 0.1249585817225250E-07 0.2783253153157716E+03 -.2122145585354038E+03
 0.1229289871168493E-07 0.2738047169638934E+03 -.2180160016336467E+03
 0.1208451105310580E-07 0.2691632141569282E+03 -.2237211750029747E+03
 0.1187078721463881E-07 0.2644028564518519E+03 -.2293275593994351E+03
 0.1165182157071443E-07 0.2595257458886173E+03 -.2348326792015047E+03
 0.1142771081039688E-07 0.2545340360619528E+03 -.2402341035032548E+03
 0.1119855389468894E-07 0.2494299311703953E+03 -.2455294471877698E+03
 0.1096445201283355E-07 0.2442156850429784E+03 -.2507163719803491E+03
 0.1072550853763149E-07 0.2388936001440049E+03 -.2557925874810220E+03
 0.1048182897979487E-07 0.2334660265563431E+03 -.2607558521759252E+03
 0.1023352094135656E-07 0.2279353609436968E+03 -.2656039744270907E+03
 0.9980694068156192E-08 0.2223040454923060E+03 -.2703348134402130E+03
 0.9723460001423573E-08 0.2165745668325455E+03 -.2749462802099626E+03
 0.9461932328481146E-08 0.2107494549409003E+03 -.2794363384424321E+03
 0.9196226532586972E-08 0.2048312820227978E+03 -.2838030054543064E+03
 0.8926459941940574E-08 0.1988226613767950E+03 -.2880443530483601E+03
 0.8652751677874153E-08 0.1927262462406197E+03 -.2921585083648943E+03
 0.8375222602251900E-08 0.1865447286195747E+03 -.2961436547087397E+03
 0.8093995264100838E-08 0.1802808380978244E+03 -.2999980323514573E+03
 0.7809193845496627E-08 0.1739373406330874E+03 -.3037199393083854E+03
 0.7520944106728221E-08 0.1675170373352673E+03 -.3073077320901879E+03
 0.7229373330765687E-08 0.1610227632295611E+03 -.3107598264285728E+03
 0.6934610267055634E-08 0.1544573860045926E+03 -.3140746979758610E+03
 0.6636785074669084E-08 0.1478238047461215E+03 -.3172508829780944E+03
 0.6336029264826840E-08 0.1411249486568879E+03 -.3202869789213897E+03
 0.6032475642827913E-08 0.1343637757631605E+03 -.3231816451512479E+03
 0.5726258249406394E-08 0.1275432716085543E+03 -.3259336034645501E+03
 0.5417512301542828E-08 0.1206664479356986E+03 -.3285416386739759E+03
 0.5106374132756229E-08 0.1137363413563365E+03 -.3310045991445963E+03
 0.4792981132903039E-08 0.1067560120104432E+03 -.3333213973024025E+03
 0.4477471687509606E-08 0.9972854221495318E+02 -.3354910101145488E+03
 0.4159985116665046E-08 0.9265703510269645E+02 -.3375124795410944E+03
 0.3840661613501435E-08 0.8554461325214272E+02 -.3393849129580473E+03
 0.3519642182288449E-08 0.7839441730855847E+02 -.3411074835515216E+03
 0.3197068576169811E-08 0.7120960459718535E+02 -.3426794306828359E+03
 0.2873083234569171E-08 0.6399334772905610E+02 -.3441000602243890E+03
 0.2547829220292825E-08 0.5674883320005788E+02 -.3453687448661677E+03
 0.2221450156357169E-08 0.4947925998386451E+02 -.3464849243927492E+03
 0.1894090162568897E-08 0.4218783811936152E+02 -.3474481059306764E+03
 0.1565893791885702E-08 0.3487778729318237E+02 -.3482578641660968E+03
 0.1237005966585760E-08 0.2755233541798522E+02 -.3489138415325692E+03
 0.9075719142741376E-09 0.2021471720709792E+02 -.3494157483689552E+03
 0.5777371037543866E-09 0.1286817274616000E+02 -.3497633630473252E+03
 0.2476471807936094E-09 0.5515946062391853E+01 -.3499565320708227E+03
 -.8255209619066128E-10 -.1838716307877397E+01 -.3499951701414452E+03
 -.4127149204931925E-09 -.9192566752787110E+01 -.3498792601977082E+03
 -.7426955015052297E-09 -.1654235801900003E+02 -.3496088534221798E+03
 -.1072348129091567E-08 -.2388484464559888E+02 -.3491840692188800E+03
 -.1401527237931956E-08 -.3121678439718865E+02 -.3486050951605548E+03
 -.1730087471798705E-08 -.3853493969557760E+02 -.3478721869058493E+03
 -.2057883747741901E-08 -.4583607904940079E+02 -.3469856680864169E+03
 -.2384771320153945E-08 -.5311697848105536E+02 -.3459459301640115E+03
 -.2710605844685116E-08 -.6037442295031787E+02 -.3447534322576298E+03
 -.3035243441982012E-08 -.6760520777401642E+02 -.3434087009407771E+03
 -.3358540761220601E-08 -.7480614004112810E+02 -.3419123300089471E+03
 -.3680355043405902E-08 -.8197404002267830E+02 -.3402649802174187E+03
 -.4000544184410337E-08 -.8910574257581966E+02 -.3384673789894852E+03
 -.4318966797722968E-08 -.9619809854147114E+02 -.3365203200952439E+03
 -.4635482276881702E-08 -.1032479761348960E+03 -.3344246633010908E+03
 -.4949950857561243E-08 -.1102522623286116E+03 -.3321813339900709E+03
 -.5262233679289007E-08 -.1172078642270133E+03 -.3297913227532556E+03
 -.5572192846762061E-08 -.1241117104321116E+03 -.3272556849523254E+03
 -.5879691490737743E-08 -.1309607523997732E+03 -.3245755402535522E+03
 -.6184593828471348E-08 -.1377519657858742E+03 -.3217520721333855E+03
 -.6486765223673873E-08 -.1444823517817637E+03 -.3187865273558634E+03
 -.6786072245963686E-08 -.1511489384384543E+03 -.3156802154220760E+03
 -.7082382729785586E-08 -.1577487819789507E+03 -.3124345079919270E+03
 -.7375565832771395E-08 -.1642789680981384E+03 -.3090508382784470E+03
 -.7665492093516293E-08 -.1707366132496599E+03 -.3055307004149273E+03
 -.7952033488745298E-08 -.1771188659192064E+03 -.3018756487951524E+03
 -.8235063489844758E-08 -.1834229078836672E+03 -.2980872973870234E+03
 -.8514457118733802E-08 -.1896459554555767E+03 -.2941673190198758E+03
 -.8790091003051187E-08 -.1957852607123135E+03 -.2901174446458045E+03
 -.9061843430633004E-08 -.2018381127095047E+03 -.2859394625753243E+03
 -.9329594403257392E-08 -.2078018386781032E+03 -.2816352176877025E+03
 -.9593225689632331E-08 -.2136738052046072E+03 -.2772066106163119E+03
 -.9852620877603298E-08 -.2194514193939013E+03 -.2726555969093648E+03
 -.1010766542555756E-07 -.2251321300142063E+03 -.2679841861663978E+03
 -.1035824671300256E-07 -.2307134286236309E+03 -.2631944411508890E+03
 -.1060425409029589E-07 -.2361928506778291E+03 -.2582884768794007E+03
 -.1084557892750516E-07 -.2415679766182742E+03 -.2532684596876463E+03
 -.1108211466237583E-07 -.2468364329406669E+03 -.2481366062738983E+03
 -.1131375684738612E-07 -.2519958932430082E+03 -.2428951827201569E+03
 -.1154040319586816E-07 -.2570440792528739E+03 -.2375465034915106E+03
 -.1176195362717480E-07 -.2619787618334341E+03 -.2320929304141356E+03
 -.1197831031087249E-07 -.2667977619677787E+03 -.2265368716323780E+03
 -.1218937770994039E-07 -.2714989517211082E+03 -.2208807805453869E+03
 -.1239506262295688E-07 -.2760802551803722E+03 -.2151271547237600E+03
 -.1259527422525464E-07 -.2805396493709317E+03 -.2092785348066894E+03
 -.1278992410902629E-07 -.2848751651498497E+03 -.2033375033800844E+03
 -.1297892632236277E-07 -.2890848880754081E+03 -.1973066838361762E+03
 -.1316219740720732E-07 -.2931669592524713E+03 -.1911887392151008E+03
 -.1333965643620815E-07 -.2971195761533227E+03 -.1849863710289758E+03
 -.1351122504845375E-07 -.3009409934136098E+03 -.1787023180689877E+03
 -.1367682748407480E-07 -.3046295236030477E+03 -.1723393551960206E+03
 -.1383639061769764E-07 -.3081835379705415E+03 -.1659002921153540E+03
 -.1398984399073435E-07 -.3116014671633959E+03 -.1593879721359773E+03
 -.1413711984249528E-07 -.3148818019202982E+03 -.1528052709150639E+03
 -.1427815314011030E-07 -.3180230937377650E+03 -.1461550951881622E+03
 -.1441288160724541E-07 -.3210239555097605E+03 -.1394403814856633E+03
 -.1454124575160231E-07 -.3238830621402043E+03 -.1326640948361105E+03
 -.1466318889118844E-07 -.3265991511280955E+03 -.1258292274569283E+03
 -.1477865717934621E-07 -.3291710231249983E+03 -.1189387974331415E+03
 -.1488759962853013E-07 -.3315975424646398E+03 -.1119958473846749E+03
 -.1498996813282151E-07 -.3338776376643892E+03 -.1050034431228179E+03
 -.1508571748917064E-07 -.3360103018983934E+03 -.9796467229644843E+02
 -.1517480541735721E-07 -.3379945934421639E+03 -.9088264302861307E+02
 -.1525719257866007E-07 -.3398296360884150E+03 -.8376048254406970E+02
 -.1533284259322808E-07 -.3415146195339728E+03 -.7660133578839050E+02
 -.1540172205614444E-07 -.3430487997375821E+03 -.6940836403924470E+02
 -.1546380055217737E-07 -.3444314992484537E+03 -.6218474351046612E+02
 -.1551905066921060E-07 -.3456621075054083E+03 -.5493366394952718E+02
 -.1556744801034781E-07 -.3467400811064828E+03 -.4765832722903496E+02
 -.1560897120468559E-07 -.3476649440488810E+03 -.4036194593287659E+02
 -.1564360191675025E-07 -.3484362879391637E+03 -.3304774193763011E+02
 -.1567132485459424E-07 -.3490537721735831E+03 -.2571894498987673E+02
 -.1569212777654864E-07 -.3495171240884843E+03 -.1837879128003431E+02
 -.1570600149662873E-07 -.3498261390807054E+03 -.1103052201334719E+02
 -.1571293988859030E-07 -.3499806806979251E+03 -.3677381978661432E+01
 -.1571293988863477E-07 -.3499806806989157E+03 0.3677381884383792E+01
 -.1570600149676213E-07 -.3498261390836768E+03 0.1103052191911118E+02
 -.1569212777677091E-07 -.3495171240934352E+03 0.1837879118588155E+02
 -.1567132485490529E-07 -.3490537721805113E+03 0.2571894489584878E+02
 -.1564360191714994E-07 -.3484362879480661E+03 0.3304774184376850E+02
 -.1560897120517374E-07 -.3476649440597537E+03 0.4036194583922245E+02
 -.1556744801092420E-07 -.3467400811193209E+03 0.4765832713563027E+02
 -.1551905066987498E-07 -.3456621075202063E+03 0.5493366385641257E+02
 -.1546380055292945E-07 -.3444314992652049E+03 0.6218474341768332E+02
 -.1540172205698388E-07 -.3430487997562793E+03 0.6940836394683437E+02
 -.1533284259415451E-07 -.3415146195546077E+03 0.7660133569639345E+02
 -.1525719257967308E-07 -.3398296361109784E+03 0.8376048245252653E+02
 -.1517480541845636E-07 -.3379945934666459E+03 0.9088264293756424E+02
 -.1508571749035545E-07 -.3360103019247832E+03 0.9796467220593384E+02
 -.1498996813409144E-07 -.3338776376926749E+03 0.1050034430328784E+03
 -.1488759962988464E-07 -.3315975424948092E+03 0.1119958472953493E+03
 -.1477865718078468E-07 -.3291710231570380E+03 0.1189387973444695E+03
 -.1466318889271025E-07 -.3265991511619914E+03 0.1258292273689492E+03
 -.1454124575320677E-07 -.3238830621759413E+03 0.1326640947488633E+03
 -.1441288160893183E-07 -.3210239555473229E+03 0.1394403813991860E+03
 -.1427815314187793E-07 -.3180230937771362E+03 0.1461550951024933E+03
 -.1413711984434334E-07 -.3148818019614608E+03 0.1528052708302412E+03
 -.1398984399266202E-07 -.3116014672063318E+03 0.1593879720520382E+03
 -.1383639061970407E-07 -.3081835380152316E+03 0.1659002920323357E+03
 -.1367682748615911E-07 -.3046295236494724E+03 0.1723393551139597E+03
 -.1351122505061502E-07 -.3009409934617487E+03 0.1787023179879201E+03
 -.1333965643844542E-07 -.2971195762031542E+03 0.1849863709489378E+03
 -.1316219740951960E-07 -.2931669593039737E+03 0.1911887391361276E+03
 -.1297892632474904E-07 -.2890848881285585E+03 0.1973066837583026E+03
 -.1278992411148550E-07 -.2848751652046248E+03 0.2033375033033448E+03
 -.1259527422778570E-07 -.2805396494273071E+03 0.2092785347311177E+03
 -.1239506262555868E-07 -.2760802552383230E+03 0.2151271546493896E+03
 -.1218937771261178E-07 -.2714989517806092E+03 0.2208807804722504E+03
 -.1197831031361227E-07 -.2667977620288029E+03 0.2265368715605084E+03
 -.1176195362998178E-07 -.2619787618959554E+03 0.2320929303435638E+03
 -.1154040319874110E-07 -.2570440793168641E+03 0.2375465034222682E+03
 -.1131375685032375E-07 -.2519958933084392E+03 0.2428951826522743E+03
 -.1108211466537684E-07 -.2468364330075096E+03 0.2481366062074059E+03
 -.1084557893056825E-07 -.2415679766864996E+03 0.2532684596225728E+03
 -.1060425409341970E-07 -.2361928507474070E+03 0.2582884768157750E+03
 -.1035824671618569E-07 -.2307134286945302E+03 0.2631944410887394E+03
 -.1010766542879863E-07 -.2251321300863958E+03 0.2679841861057516E+03
 -.9852620880900857E-08 -.2194514194673492E+03 0.2726555968502491E+03
 -.9593225692984935E-08 -.2136738052792811E+03 0.2772066105587525E+03
 -.9329594406663538E-08 -.2078018387539697E+03 0.2816352176317251E+03
 -.9061843434091220E-08 -.2018381127865309E+03 0.2859394625209533E+03
 -.8790091006559928E-08 -.1957852607904651E+03 0.2901174445930640E+03
 -.8514457122291534E-08 -.1896459555348195E+03 0.2941673189687890E+03
 -.8235063493449892E-08 -.1834229079639659E+03 0.2980872973376130E+03
 -.7952033492396248E-08 -.1771188660005255E+03 0.3018756487474402E+03
 -.7665492097211456E-08 -.1707366133319637E+03 0.3055307003689343E+03
 -.7375565836509126E-08 -.1642789681813904E+03 0.3090508382341936E+03
 -.7082382733564233E-08 -.1577487820631140E+03 0.3124345079494328E+03
 -.6786072249781588E-08 -.1511489385234920E+03 0.3156802153813597E+03
 -.6486765227529355E-08 -.1444823518676384E+03 0.3187865273169428E+03
 -.6184593832362690E-08 -.1377519658725477E+03 0.3217520720962780E+03
 -.5879691494663232E-08 -.1309607524872072E+03 0.3245755402182741E+03
 -.5572192850719964E-08 -.1241117105202676E+03 0.3272556849188923E+03
 -.5262233683277577E-08 -.1172078643158524E+03 0.3297913227216822E+03
 -.4949950861578712E-08 -.1102522624180943E+03 0.3321813339603712E+03
 -.4635482280926303E-08 -.1032479762249830E+03 0.3344246632732780E+03
 -.4318966801792919E-08 -.9619809863212282E+02 0.3365203200693301E+03
 -.4000544188503837E-08 -.8910574266699585E+02 0.3384673789654818E+03
 -.3680355047521129E-08 -.8197404011433842E+02 0.3402649801953366E+03
 -.3358540765355765E-08 -.7480614013323229E+02 0.3419123299887958E+03
 -.3035243446135273E-08 -.6760520786652371E+02 0.3434087009225656E+03
 -.2710605848854648E-08 -.6037442304318756E+02 0.3447534322413661E+03
 -.2384771324337879E-08 -.5311697857424583E+02 0.3459459301497029E+03
 -.2057883751938424E-08 -.4583607914287164E+02 0.3469856680740696E+03
 -.1730087476005956E-08 -.3853493978928741E+02 0.3478721868954688E+03
 -.1401527242148064E-08 -.3121678449109573E+02 0.3486050951521456E+03
 -.1072348133314677E-08 -.2388484473966193E+02 0.3491840692124459E+03
 -.7426955057334775E-09 -.1654235811317751E+02 0.3496088534177237E+03
 -.4127149247247107E-09 -.9192566847037430E+01 0.3498792601952318E+03
 -.8255210042356727E-10 -.1838716402158628E+01 0.3499951701409499E+03
 0.2476471765611567E-09 0.5515945968120719E+01 0.3499565320723086E+03
 0.5777370995242700E-09 0.1286817265194090E+02 0.3497633630507916E+03
 0.9075719100482253E-09 0.2021471711297247E+02 0.3494157483744007E+03
 0.1237005962365918E-08 0.2755233532399496E+02 0.3489138415399913E+03
 0.1565893787673801E-08 0.3487778719936898E+02 0.3482578641754921E+03
 0.1894090158366781E-08 0.4218783802576611E+02 0.3474481059420410E+03
 0.2221450152166703E-08 0.4947925989052855E+02 0.3464849244060779E+03
 0.2547829216115858E-08 0.5674883310702260E+02 0.3453687448814546E+03
 0.2873083230407548E-08 0.6399334763636258E+02 0.3441000602416275E+03
 0.3197068572025369E-08 0.7120960450487452E+02 0.3426794307020183E+03
 0.3519642178163005E-08 0.7839441721667079E+02 0.3411074835726395E+03
 0.3840661609396852E-08 0.8554461316071968E+02 0.3393849129810911E+03
 0.4159985112583096E-08 0.9265703501177751E+02 0.3375124795660543E+03
 0.4477471683452102E-08 0.9972854212457877E+02 0.3354910101414137E+03
 0.4792981128871768E-08 0.1067560119206531E+03 0.3333213973311605E+03
 0.5106374128752985E-08 0.1137363412671706E+03 0.3310045991752346E+03
 0.5417512297569372E-08 0.1206664478471962E+03 0.3285416387064810E+03
 0.5726258245464473E-08 0.1275432715207543E+03 0.3259336034989076E+03
 0.6032475638919295E-08 0.1343637756761023E+03 0.3231816451874427E+03
 0.6336029260953218E-08 0.1411249485706091E+03 0.3202869789594059E+03
 0.6636785070832182E-08 0.1478238046606606E+03 0.3172508830179152E+03
 0.6934610263257144E-08 0.1544573859199872E+03 0.3140746980174686E+03
 0.7229373327007289E-08 0.1610227631458488E+03 0.3107598264719491E+03
 0.7520944103011573E-08 0.1675170372524849E+03 0.3073077321353135E+03
 0.7809193841823365E-08 0.1739373405512713E+03 0.3037199393552406E+03
 0.8093995260472595E-08 0.1802808380170110E+03 0.2999980324000213E+03
 0.8375222598670273E-08 0.1865447285397997E+03 0.2961436547589910E+03
 0.8652751674340728E-08 0.1927262461619183E+03 0.2921585084168107E+03
 0.8926459938456902E-08 0.1988226612992017E+03 0.2880443531019189E+03
 0.9196226529154582E-08 0.2048312819463468E+03 0.2838030055094840E+03
 0.9461932325101587E-08 0.2107494548656260E+03 0.2794363384992036E+03
 0.9723459998098310E-08 0.2165745667584806E+03 0.2749462802683034E+03
 0.9980694064886701E-08 0.2223040454194833E+03 0.2703348135000971E+03
 0.1023352093814430E-07 0.2279353608721487E+03 0.2656039744884917E+03
 0.1048182897664123E-07 0.2334660264861008E+03 0.2607558522388161E+03
 0.1072550853453788E-07 0.2388936000750996E+03 0.2557925875453751E+03
 0.1096445200980132E-07 0.2442156849754404E+03 0.2507163720461359E+03
 0.1119855389171946E-07 0.2494299311042548E+03 0.2455294472549610E+03
 0.1142771080749144E-07 0.2545340359972386E+03 0.2402341035718211E+03
 0.1165182156787431E-07 0.2595257458253582E+03 0.2348326792714156E+03
 0.1187078721186527E-07 0.2644028563900756E+03 0.2293275594706599E+03
 0.1208451105040007E-07 0.2691632140966623E+03 0.2237211750754818E+03
 0.1229289870904819E-07 0.2738047169051644E+03 0.2180160017074041E+03
 0.1249585816968592E-07 0.2783253152586053E+03 0.2122145586103790E+03
 0.1269329981112901E-07 0.2827230129880126E+03 0.2063194075383605E+03
 0.1288513644870680E-07 0.2869958681938692E+03 0.2003331516241066E+03
 0.1307128337276056E-07 0.2911419941036021E+03 0.1942584342297089E+03
 0.1325165838604887E-07 0.2951595599047276E+03 0.1880979377793587E+03
 0.1342618184004366E-07 0.2990467915532877E+03 0.1818543825748627E+03
 0.1359477667010067E-07 0.3028019725572161E+03 0.1755305255944360E+03
 0.1375736842948909E-07 0.3064234447342942E+03 0.1691291592752975E+03
 0.1391388532226512E-07 0.3099096089443575E+03 0.1626531102806073E+03
 0.1406425823497505E-07 0.3132589257954305E+03 0.1561052382512931E+03
 0.1420842076717380E-07 0.3164699163234787E+03 0.1494884345433129E+03
 0.1434630926074549E-07 0.3195411626454783E+03 0.1428056209509137E+03
 0.1447786282801310E-07 0.3224713085855125E+03 0.1360597484164481E+03
 0.1460302337862469E-07 0.3252590602736215E+03 0.1292537957273236E+03
 0.1472173564520453E-07 0.3279031867171379E+03 0.1223907682006522E+03
 0.1483394720775760E-07 0.3304025203442599E+03 0.1154736963561871E+03
 0.1493960851681675E-07 0.3327559575196168E+03 0.1085056345781314E+03
 0.1503867291532241E-07 0.3349624590316041E+03 0.1014896597664065E+03
 0.1513109665922495E-07 0.3370210505512694E+03 0.9442886997798247E+02
 0.1521683893680091E-07 0.3389308230625496E+03 0.8732638305885973E+02
 0.1529586188667428E-07 0.3406909332636661E+03 0.8018533526731811E+02
 0.1536813061453496E-07 0.3423006039395032E+03 0.7300887988903378E+02
 0.1543361320854719E-07 0.3437591243048046E+03 0.6580018584467615E+02
 0.1549228075344086E-07 0.3450658503180359E+03 0.5856243629060232E+02
 0.1554410734327970E-07 0.3462202049657757E+03 0.5129882721326329E+02
 0.1558907009290062E-07 0.3472216785175079E+03 0.4401256601794972E+02
 0.1562714914801915E-07 0.3480698287507047E+03 0.3670687011248805E+02
 0.1565832769399651E-07 0.3487642811460997E+03 0.2938496548652589E+02
 0.1568259196326452E-07 0.3493047290530646E+03 0.2205008528702616E+02
 0.1569993124140492E-07 0.3496909338250180E+03 0.1470546839059947E+02
 0.1571033787188062E-07 0.3499227249248046E+03 0.7354357973308009E+01
 0.1571380725941656E-07 0.3500000000000000E+03 0.7856903629708278E-07
