         300
 -.4993057509559220E+02 0.2910724401666871E+02 -.8160702185705304E+02
 0.4019627623907732E+01 -.9974246104335580E+02 0.5940038617700338E+01
 0.8810564404107105E+02 -.4116460674507388E+02 -.2329958453774452E+02
 -.2835586423567214E+02 -.4112078640362409E+02 -.8663155250251293E+02
 -.1606101380682746E+02 -.9257623546556236E+02 0.3422987675294280E+02
 -.7172621982818860E+02 0.6451543560940584E+02 0.2632694356143475E+02
 0.7483280037316815E+02 -.6621912237801116E+02 0.3883274365216494E+01
 -.4938690573468950E+02 -.6935736178901328E+02 -.5244511328637600E+02
 -.6655520507627255E+01 0.8488693405714058E+02 0.5243960786610842E+02
 0.1211527927510584E+01 -.5744981632610942E+02 0.8184162024408579E+02
 0.7994202323057846E+02 0.3927903449881423E+02 -.4545800667256117E+02
 0.7145922630405620E+02 -.5354345666869660E+02 -.4501863196492195E+02
 -.9545468909339844E+02 -.9805533448643242E+01 -.2814700417220592E+02
 0.1859739289932369E+01 0.9994633625649099E+02 -.2696523442864418E+01
 0.4258520350836738E+02 -.6168450404522305E+02 0.6619306914508343E+02
 0.1840621556310220E+02 0.4062349946612889E+01 0.9820747701451182E+02
 -.3636421664234961E+02 -.7639937885995380E+02 0.5329895550385118E+02
 0.9031958249154738E+02 0.3613103018588502E+02 -.2317157043144107E+02
 -.4406554920175437E+02 0.6206000940432856E+01 0.8955284990370274E+02
 0.5386260083142923E+02 -.2343192778712202E+02 0.8093061838299036E+02
 -.3847487542640036E+02 0.8306971622955865E+02 0.4023811882361770E+02
 0.9619236583469747E+02 0.4656372967594338E+01 -.2693226588889956E+02
 -.2325082266963822E+01 0.2284233356661501E+02 0.9732842231169343E+02
 -.1635577312239071E+02 0.9519048693981550E+02 0.2590868351981044E+02
 0.4415201072174647E+02 0.7629687874694113E+02 0.4721637684851885E+02
 -.2412540131078333E+02 0.1018694656131390E+02 0.9651005715131760E+02
 -.7310993663363757E+01 -.8425645645035719E+02 -.5336102433502674E+02
 0.8418171023078368E+02 0.5396870759644648E+02 0.9045789018273354E+00
 -.4359241620943311E+02 0.1650569512873229E+01 -.8998320326209068E+02
 -.9737359690452203E+02 0.2212185037271617E+02 0.5385755468159914E+01
 -.7848030233556999E+02 0.4837760658324603E+02 -.3873563380911946E+02
 0.7113269366109085E+02 -.4494129522834647E+02 0.5404090927913785E+02
 -.9798449040889867E+02 -.1853041220071804E+02 0.7460795063525438E+01
 -.7863883442661373E+02 -.4919930773397338E+02 0.3735454240813851E+02
 0.6560502679022328E+02 -.3945957191098847E+02 -.6433445923030376E+02
 0.5774566816305107E+02 -.4865049357066211E+02 0.6556345997378230E+02
 -.9896681360300202E+02 -.4396932507064418E+00 0.1433096211403608E+02
 0.8681452102178572E+02 0.1829366289339779E+02 -.4613654557615519E+02
 -.1538229209781813E+02 -.9877417396882021E+02 0.2654740400612354E+01
 0.6713527346764411E+02 -.5501713772548405E+02 0.4965853011235595E+02
 0.9862150347871586E+01 0.4136669355365377E+02 -.9050709726288915E+02
 0.5433359270681807E+02 -.8323872202959863E+02 0.1091676959767938E+02
 0.1454797137145064E+02 -.4257341979453582E+02 -.8930767299607396E+02
 0.9260851391806889E+02 0.1745603857526839E+01 0.3769106017425656E+02
 0.8498164687123760E+02 0.8500830187976307E+01 -.5201783906668425E+02
 -.8139323453305963E+02 -.5245614885971123E+02 0.2496985821053386E+02
 -.8667979371343515E+02 0.4945140596057177E+02 -.6416526343673468E+01
 -.8033068893520493E+02 0.4723899289740188E+02 0.3626924268901348E+02
 -.3158961343027019E+02 -.6946549850813244E+01 -.9462474184110761E+02
 -.2726816947939925E+02 0.6035232273496882E+02 -.7492692489176989E+02
 -.3411205127829609E+02 0.6371394283762204E+02 0.6911513181403279E+02
 0.6458030372612987E+02 0.3226847973015783E+02 0.6919631194323301E+02
 -.6655937631873755E+02 -.2450571508614578E+02 -.7049339935183525E+02
 -.8039874463668093E+02 -.5109959007086239E+02 0.3041173713281751E+02
 0.9545698519097749E+02 -.3251515997565725E+00 -.2979695042595267E+02
 0.1733481649321188E+02 -.1887197605310817E+02 0.9666101932525635E+02
 -.7284974098402427E+02 0.5266362587773840E+01 0.6830212781205773E+02
 -.8365500546022189E+02 0.4997615494279376E+02 -.2245493261143565E+02
 0.7943794582389495E+02 -.3088728537194276E+02 0.5230285236611962E+02
 0.3968111498992812E+02 0.5739064441320631E+02 -.7163604572415352E+02
 0.2971067283519664E+02 -.8576890732199780E+02 0.4196391850709915E+02
 0.1737493094743698E+02 0.3746965335197544E+02 0.9107215190306306E+02
 -.5049214859445948E+02 -.7066038631650126E+02 -.4957471871748567E+02
 0.4322440307024437E+02 0.6789135749545767E+02 -.5934993308037519E+02
 -.1522062849886415E+02 0.9773549639390657E+02 -.1470051743090153E+02
 -.4096446112845223E+02 -.4322324544185523E+02 0.8033469971269369E+02
 0.5894273581871252E+02 0.6310628128525625E+02 -.5043164836242795E+02
 0.4387219354146934E+02 -.3771387951535689E+02 -.8156527401879430E+02
 0.4402518675551932E+02 0.5913873686871622E+02 -.6756028961390257E+02
 0.4290701372490683E+02 0.5322763612578291E+02 -.7297812635079026E+02
 -.9354399074421958E+02 0.2698129942193298E+02 -.2283705929294229E+02
 0.6670317334797524E+02 0.6815399725885949E+02 -.3009517109021544E+02
 -.9701249101588618E+02 0.2230617923236207E+02 -.9539966192096472E+01
 0.9663830182515968E+01 0.4355265396794555E+02 0.8949735593050718E+02
 0.9690714831863733E+02 0.1746265490262433E+02 0.1743732457980514E+02
 -.9164897340806286E+02 -.3959080098103721E+02 -.5747534334659576E+01
 0.1786555365260762E+02 0.5470043579982898E+02 0.8178437696769834E+02
 -.9795901551192689E+02 0.9355071831050966E+00 0.2007874762639403E+02
 0.2957408250506798E+02 0.4088596511706089E+02 0.8633487997576594E+02
 0.3560501066868107E+01 -.9693053896930908E+02 0.2432680511847138E+02
 0.8260462792583859E+02 -.2605737311605226E+02 -.4997488120570779E+02
 -.5708115718129382E+02 0.3606751336303223E+02 -.7376229371875525E+02
 -.4276496007490636E+02 -.4713991468191558E+02 0.7712967414408922E+02
 -.6316836871965526E+02 0.7134350815353450E+02 0.3032921096310019E+02
 -.2212773561311495E+02 0.8774520112550540E+02 -.4255752572789788E+02
 -.3577703065575913E+02 0.2145432221726518E+02 0.9088298045098782E+02
 -.2884625459954898E+02 -.9315492189306539E+02 -.2213716609403491E+02
 0.3615485013690589E+02 -.9311610180250895E+02 -.4713639430701733E+01
 -.9071299926434412E+02 0.2193205483581956E+02 0.3591847345232964E+02
 -.7989164229112816E+02 0.1299951954399227E+00 0.6014406532049179E+02
 -.1902506500220681E+02 -.8675648127232321E+02 0.4594953600317240E+02
 0.7312526513882355E+02 0.4704751819585562E+02 -.4938852731138468E+02
 0.6616043413470493E+02 -.5355243436049208E+01 -.7479383880272508E+02
 0.2298067150863791E+02 -.3110529858570478E+02 0.9221902806311846E+02
 -.8468277829660745E+02 0.3350449194185645E+02 0.4130709478631616E+02
 -.8919973897064580E+02 -.1412061485789909E+02 0.4294199347496033E+02
 0.6197848373573942E+02 -.6951972582761312E+02 0.3640982387587428E+02
 -.5188688769019350E+01 -.9959552517655068E+02 -.7335453201085329E+01
 0.8595242005995320E+02 -.4964825359097514E+02 -.1213393593207002E+02
 0.1659756745024462E+02 0.7543678775562849E+02 0.6351229650899768E+02
 -.1740026025078833E+02 0.3743451603914719E+02 0.9108176520094275E+02
 0.3115424771562314E+02 0.9497798093059863E+02 0.2931891474872828E+01
 0.7684263124628818E+02 -.6355456379606893E+02 0.7485148217529058E+01
 -.5527098379624800E+02 0.3567980849836849E+02 0.7531314371153712E+02
 0.1891175027773201E+02 0.7668754033325196E+02 0.6132998336106539E+02
 0.7282368155882214E+02 -.6336895032403043E+02 0.2609765389934182E+02
 0.7676234057355536E+02 0.5834229585082444E+02 0.2652771351858974E+02
 0.1111773601557006E+02 -.7522805483715094E+02 0.6493947729468346E+02
 0.4358733078370364E+01 -.4016284098231263E+01 -.9982420001178980E+02
 0.4441638806911756E+02 -.5310343226062445E+02 -.7216100022196770E+02
 -.4920368542034208E+02 -.8648920312436015E+02 -.9930512774735689E+01
 -.3984400580978472E+02 0.9092378615203364E+02 -.1205488750711083E+02
 0.7380638588367479E+02 0.4985348033092219E+02 0.4546699794009328E+02
 0.9975232217509460E+02 -.6677130481089836E+01 -.2211368177086115E+01
 0.8019803945704149E+02 0.9667062302657085E+01 -.5894762398675084E+02
 -.6892490326571546E+02 -.6181267098143067E+02 0.3779618255794048E+02
 -.5716512841766834E+01 -.1619915378662601E+01 0.9982333071529865E+02
 0.9691559005822143E+01 0.4157089215676799E+02 0.9043193357065320E+02
 -.8316279220597738E+02 0.1720486833242663E+02 0.5280097061768174E+02
 -.6269051402262866E+02 0.3564134098014812E+02 -.6927910409867764E+02
 -.2489824508403512E+02 -.9431218419031524E+02 -.2202928289771080E+02
 0.5039197369758188E+02 -.5416193843519702E+02 0.6728397589176893E+02
 -.3101124492575601E+02 -.6867565791968775E+02 0.6574159031733871E+02
 0.1919252965200824E+01 0.5135034430589331E+02 -.8578728698194027E+02
 0.8983572928682344E+02 0.3900538515821953E+02 0.2020202148705721E+02
 0.7878770562250254E+02 -.2695014140730873E+02 0.5537316426634789E+02
 -.7953689974929880E+02 0.4213833464861130E+02 -.4356882292777300E+02
 -.8859952022166519E+02 -.4635413809627232E+02 0.1191174983978271E+01
 -.6617805408756224E+02 0.7491415603201852E+02 0.2886933181434870E+01
 0.1870119588352920E+02 0.9610034839424399E+02 -.2037126189097762E+02
 0.3223829596224520E+02 0.8423216523606376E+02 -.4319299263879657E+02
 0.8308975415031803E+01 0.8034544937979655E+02 0.5895396247506142E+02
 0.9749592929725556E+02 0.3645157916101050E+00 -.2223535245284438E+02
 -.7010297888565345E+01 -.1995952193242326E+02 -.9773675464093685E+02
 -.6150436463351122E+02 -.4364103951686369E+02 0.6567094335332513E+02
 0.5175257873964453E+02 0.5979493527621388E+02 -.6120650544762611E+02
 0.4033533963130644E+00 -.2182971971440135E+02 0.9758740002289414E+02
 -.3312530783607511E+02 -.8711518646066334E+02 -.3624442396685481E+02
 0.6646865754814255E+02 0.3749220870058377E+02 -.6462392630055547E+02
 0.9544873768322773E+01 -.4515639437219131E+02 -.8871186748147011E+02
 0.6741816948814136E+02 -.2772855218941096E+02 -.6845376407727599E+02
 -.5435382096370223E+02 0.5025925689873694E+01 -.8378784051164985E+02
 0.4627600481642632E+02 0.7465759318657206E+02 0.4779932172968984E+02
 0.2238630583127118E+02 0.9686380120606989E+02 0.1078226910904050E+02
 -.1089139252034436E+02 0.8977423960457676E+02 0.4268446406349540E+02
 -.2550028964198078E+02 -.8380610122514231E+02 -.4823144851252437E+02
 -.7929226009730866E+02 0.3679748658045574E+02 -.4856626885011792E+02
 -.6555410035566538E+02 0.5216961340515295E+02 -.5459845568984747E+02
 -.6234206096944904E+02 -.6932241806634465E+02 -.3616448240354657E+02
 0.6217149713205693E+02 0.7814990672718453E+02 0.5224655289202929E+01
 -.3213721421417692E+02 -.9106893367771892E+02 -.2595474487170577E+02
 -.3559521364952202E+02 -.4023063391619384E+02 -.8434735834598541E+02
 0.5743125719909285E+02 0.6541774186964821E+02 -.4921554373577237E+02
 -.9191883557060812E+02 0.1402838837960489E+02 -.3679853240028024E+02
 -.6830990369118672E+02 0.7297936803721161E+02 0.2787274401634932E+01
 -.3628113454574990E+02 -.6778413006735525E+02 0.6394521864131093E+02
 0.7767073925350383E+01 -.9813251555822015E+02 0.1759778261184692E+02
 0.7754982143678134E+02 0.5757144055861983E+02 0.2591436719521880E+02
 -.1240324023905388E+02 -.9172441634644126E+02 -.3785222684964538E+02
 -.4584747352736134E+02 -.8280450061815598E+02 0.3227109927684069E+02
 -.9891673180240788E+02 -.1427311083909064E+02 0.3429063502699137E+01
 0.9126181615585418E+02 0.8598184521937753E+01 0.3996688798069954E+02
 -.3364516523868554E+02 -.6732070866817760E+02 0.6584774134680629E+02
 -.7949406161612455E+02 0.5636861490589369E+02 -.2243375629186630E+02
 0.9236265030403560E+02 -.1756699338954813E+02 -.3406672235578299E+02
 -.4005704116787672E+02 0.8300377185293189E+02 0.3880473310127854E+02
 -.9576498590317236E+02 -.2856548320035070E+02 0.3616717364639044E+01
 -.1510594361455038E+02 0.9853944640526215E+02 -.7860532402992249E+01
 0.1464540121704717E+02 -.6778650429341067E+02 0.7204513903707266E+02
 0.7217349846007579E+02 -.7630462424027145E+01 0.6879507368430495E+02
 -.2005216825006210E+02 -.1142438642574885E+02 0.9730053413659334E+02
 0.1050206986947122E+01 -.9773692846849183E+02 0.2112794071435928E+02
 0.5289633614632670E+02 0.4809366191445095E+02 -.6992122214287519E+02
 0.9342585411842902E+02 -.3379937183573005E+02 0.1136715644970536E+02
 0.9490323860920779E+02 0.1325355920157306E+02 0.2859577713534236E+02
 -.2642782281509830E+02 -.4814251285948632E+02 0.8356954371556640E+02
 -.8577165573069880E+02 0.3025809355580574E+02 0.4156526010483503E+02
 0.3619136668793428E+02 -.8069331631710426E+02 -.4667733581736684E+02
 -.2633352109263082E+02 -.9496836786067067E+02 0.1695744004100561E+02
 -.3334199890415657E+02 -.9386581454835010E+02 0.8804542478173971E+01
 0.5185349152331651E+02 0.8531480102164618E+02 0.5709653533995152E+01
 0.5144441888256203E+02 0.8191287735266687E+02 0.2537227403372526E+02
 0.2041542255084295E+02 -.9707019665108859E+02 -.1267231013625860E+02
 -.1499978843299930E+02 0.5202429575328648E+01 -.9873166196048260E+02
 0.7656287453341464E+02 -.5323552430355823E+02 0.3611239669844508E+02
 -.1982003253115505E+01 -.9497554139410491E+02 -.3123648827895522E+02
 -.9369128023012192E+02 0.2378358406440051E+02 -.2561806272715330E+02
 -.9398453528717695E+02 -.1244944406286744E+02 0.3181066596880555E+02
 0.9265508855279930E+02 0.5448104014212518E+01 0.3722032681107521E+02
 0.8103200152968597E+02 0.3852632240338643E+02 0.4415356395766139E+02
 0.1034516351532693E+02 0.7900043946249498E+01 -.9914921531453729E+02
 0.4852919858966555E+02 0.7676148098535521E+02 0.4186396924778819E+02
 0.2097409033793167E+02 0.9617426032930561E+02 0.1762382434681058E+02
 -.6634236025132741E+02 0.5507201874960450E+02 -.5065337093546987E+02
 -.9142087597199687E+01 0.4910862690159790E+02 -.8663004674017429E+02
 -.2901541860818009E+02 0.9533370839552754E+02 0.8342033717781305E+01
 -.5610057519859168E+02 0.4897933026115914E+02 0.6673642685636878E+02
 -.4539702077092816E+02 -.5294557890912681E+01 -.8894424187019467E+02
 0.3857299036738703E+02 -.9187076385472200E+02 0.8478629775345325E+01
 0.6565225143444731E+02 0.2479626194151869E+02 0.7123852381482720E+02
 0.8962488679888354E+02 -.4772504902996137E+01 -.4409765144810081E+02
 -.7979458193563045E+02 -.4242638574787489E+02 -.4281152281910181E+02
 -.4862942773862348E+02 0.8693021288690917E+02 -.8849680516868830E+01
 0.1394757852345178E+02 -.8501537096225202E+02 0.5077254921197891E+02
 0.2703020703132989E+02 0.6616711388483618E+02 -.6993769332766533E+02
 -.4741949084234123E+02 0.1284138088238930E+01 0.8803262393921614E+02
 0.8169962758304678E+02 0.4485920543377404E+02 0.3623289307579398E+02
 -.7193721336808475E+01 -.4324267853159402E+02 -.8987948112189770E+02
 -.6621451400493555E+02 0.4311362845143515E+01 -.7481343653053045E+02
 -.5875919854987820E+02 -.4714259968743431E+02 -.6576421428471804E+02
 -.8071447478005748E+01 -.1019067707173950E+01 -.9966851677745581E+02
 -.3104867280664482E+02 0.8564892293362153E+01 0.9467112831771374E+02
 -.5106815429727468E+01 -.7349429709732172E+02 0.6762032778933644E+02
 0.8451012723689072E+02 0.1576675150771181E+02 -.5108275581151247E+02
 -.3330432915621942E+02 -.9368183944318857E+02 -.1070208474993706E+02
 0.6364552129315943E+01 -.9526409520568809E+02 -.2973625129088759E+02
 0.1175493662972807E+02 0.6309604534580257E+02 -.7668579090386629E+02
 -.8676801621186600E+02 0.1217969527860390E+02 -.4819716159254313E+02
 -.4116094797707405E+02 -.8652720890250625E+02 -.2861500447615981E+02
 0.9429400028496828E+02 0.3603577032697978E+01 0.3310069097205997E+02
 -.2522605697287348E+02 -.6080865892588456E+02 -.7527252519503236E+02
 -.8020324451299729E+02 -.5777921057603677E+02 -.1513282507658005E+02
 0.3546939463772702E+02 -.8066539871730564E+02 -.4727595048025250E+02
 0.3638148581866730E+02 0.2075361448821317E+02 0.9080569902434945E+02
 -.9165587118893019E+02 -.3161400226574099E+02 -.2448991909623146E+02
 0.9178104675407609E+02 -.7581456647144909E+01 0.3897128393873572E+02
 0.2447175282700594E+02 0.9423453690286543E+02 0.2282510390505195E+02
 0.7581332648907186E+02 0.4189801906453103E+02 -.4996894560754299E+02
 0.9078892751635563E+02 -.3994624956206734E+02 -.1271486477926373E+02
 -.9900359527703249E+02 0.3581737325997452E+01 -.1361834350973368E+02
 -.9212010956902323E+02 -.3822661732581813E+02 0.7253353763371706E+01
 0.1192787474890638E+02 -.9884058070370672E+02 0.9394967276602983E+01
 0.1200794706625291E+02 0.7520706053193808E+02 -.6480514835566282E+02
 0.3250449634225694E+02 -.7771484848525665E+02 0.5388747574761510E+02
 0.7610703028735508E+01 0.7401284185759812E+02 -.6681449273601174E+02
 -.3686363901611679E+01 -.9946697219546046E+02 -.9629754070192575E+01
 0.2562636740258332E+02 0.2221645680417004E+02 -.9407294159755111E+02
 0.3777771379387827E+02 -.6278735055042090E+02 -.6804846031591296E+02
 0.6863102378780863E+02 0.6858353100348160E+02 0.2420912738889456E+02
 0.1811587385413163E+01 -.4256154126910792E+02 -.9047227948904037E+02
 0.8555685057507786E+02 -.1396318772212772E+02 0.4985032305121422E+02
 0.9112406740351013E+02 -.3014245058936308E+02 -.2806843444705009E+02
 -.7084830025165519E+02 0.7057278704740548E+02 -.8933804929256439E-02
 -.5726587291245003E+02 -.8161392031265447E+02 0.7732257805764675E+01
 -.5378816620197253E+02 -.7705816337780627E+02 -.3418877935037017E+02
 0.6435247097514382E+02 0.6236728770274016E+02 0.4437432708218694E+02
 0.6196292477316914E+01 -.4465487767493916E+02 -.8926112176850438E+02
 -.9330363558445762E+02 0.3583882359540470E+02 -.3163907397538424E+01
 -.8538307594931189E+02 0.1754698944132615E+02 -.4900850439444184E+02
 0.1151995550624940E+02 0.9390215503712267E+02 0.3239870220422745E+02
 0.9852841890777819E+02 -.1665663984961969E+02 0.3834972810000181E+01
 0.7412516586915939E+02 -.5535364942438633E+02 -.3796621235087514E+02
 0.3591421034240121E+02 0.8167137193767543E+01 0.9297024989500642E+02
 0.3432793805011151E+02 0.1494634666732513E+02 -.9272647621110082E+02
 -.3768184737121872E+02 0.7146417709402414E+02 -.5893173823133111E+02
 -.4160247266541820E+02 -.9086634386867358E+02 0.3541443217545748E+01
 0.1444746541310140E+02 -.2227490306029773E+02 -.9641109602525830E+02
 0.7124460542102204E+02 -.4272520223466503E+02 -.5566653655841947E+02
 0.5259319851493789E+02 0.8296941525565933E+02 0.1870913151651621E+02
 -.6866918251963675E+02 0.7178875640219272E+02 -.1144193280488253E+02
 0.5367732994288492E+02 0.5290635733515094E+02 -.6572413258254528E+02
 -.5301746471419757E+02 0.1537685033791853E+02 -.8338285740464926E+02
 -.8685935947916909E+02 -.4548488273044494E+02 -.1966156437993050E+02
 0.6072866271013960E+02 -.8767499369061760E+01 -.7896303236484528E+02
 -.8567461894435506E+02 0.4599934774950382E+02 0.2332208557054400E+02
 -.5113042675833908E+02 0.1098241868180475E+01 -.8593295831233263E+02
 0.7438650527203784E+02 0.5767699193213430E+02 0.3376407017931342E+02
 -.2913513843141696E+02 -.8926988045102897E+02 0.3438069447875023E+02
 0.7695365438677683E+02 0.4294096644896938E+02 -.4726741453632712E+02
 -.9617530982682146E+02 -.1606251699335217E+02 -.2218795455992222E+02
 0.2883971279079019E+02 -.8507263175103220E+02 -.4394221538677812E+02
 -.9047294826902427E+02 0.4925954275878483E+01 0.4231288935989141E+02
 -.8784657514495694E+02 0.2269479357408953E+02 -.4204670712351799E+02
 -.6093419611505730E+02 0.3158451649175170E+02 0.7272855052724481E+02
 -.7310227935633006E+02 -.3792867132143092E+02 -.5672277007251978E+02
 0.2547898152534081E+02 -.4211189185754414E+02 0.8704832028597593E+02
 -.5533823195480510E+02 0.6513704190951775E+02 -.5191190475597978E+02
 -.9636678210115886E+02 -.2442335224902520E+02 -.1081402665004134E+02
 0.5777939962698113E+02 0.6474565305719108E+02 -.4969448046758771E+02
 -.4028557340094966E+02 0.2046563245177302E+02 0.8920891471207142E+02
 -.8518373559014510E+01 -.3653837534863967E+02 0.9269511550664902E+02
 0.6414954577387252E+02 0.1878618061397960E+02 0.7437684582546353E+02
 0.4746544712972617E+02 0.8784370572110883E+02 -.5524010676890612E+01
 0.3863115610088578E+02 0.9215600475771826E+02 0.3860643133521080E+01
 0.9772406325789183E+02 0.1982802847804960E+01 0.2112051025032997E+02
 0.2977706523498882E+01 0.7579152885211273E+02 0.6516730329021811E+02
 -.5748551436445036E+02 0.8180271623718828E+02 0.1931645534932613E+01
 0.1376609743623759E+02 0.4690206165862625E+02 -.8723927540704608E+02
 0.2654310991878603E+02 -.9061217838139162E+02 0.3293776623904705E+02
 0.9785466022943089E+01 0.9054940284100226E+02 0.4129225471988320E+02
 0.8169334860847430E+02 0.2175426120164093E+02 0.5341300321742892E+02
 0.6695214864130567E+02 -.2664194607604259E+02 -.6933697788044810E+02
 -.4098521737894161E+02 0.7518362139960369E+02 0.5164915323257446E+02
 -.8379433093432768E+02 0.3045407584608825E+02 0.4528862293809652E+02
 -.6119286884458206E+02 0.6313045099331042E+02 -.4764429619535804E+02
 0.2716177264624701E+02 -.8001431427436908E+02 -.5347847808152437E+02
 -.5037541700634200E+02 0.9774236349570550E+01 0.8582995785400271E+02
 -.2125648908571942E+02 0.7776206571906249E+02 0.5917113153263927E+02
 -.7240549671924749E+02 -.1691614341178033E+02 0.6686769127845764E+02
 -.9806723512113820E+02 0.3309549943845878E+01 -.1928378269076347E+02
