         300
   3.4589142737748421E-002   1.6944069163313958E-003   1.2143380020067888E-023
   3.4581505941927042E-002   1.6940328151356402E-003  -5.6833306565674886E-015
   3.4558598926591709E-002   1.6929106767377337E-003  -1.1364151726452849E-014
   3.4520431806835561E-002   1.6910409966424042E-003  -1.7039954706849964E-014
   3.4467021436184173E-002   1.6884246004477462E-003  -2.2708233322943326E-014
   3.4398391399153704E-002   1.6850626434806659E-003  -2.8366484622464700E-014
   3.4314572000836485E-002   1.6809566102867172E-003  -3.4012210080926670E-014
   3.4215600253519177E-002   1.6761083139745672E-003  -3.9642916704900547E-014
   3.4101519860339255E-002   1.6705198954153843E-003  -4.5256118132852121E-014
   3.3972381195986820E-002   1.6641938222974812E-003  -5.0849335733049166E-014
   3.3828241284460672E-002   1.6571328880366635E-003  -5.6420099698055021E-014
   3.3669163773888004E-002   1.6493402105427237E-003  -6.1965950135326170E-014
   3.3495218908419298E-002   1.6408192308426733E-003  -6.7484438153431896E-014
   3.3306483497210396E-002   1.6315737115612716E-003  -7.2973126943415275E-014
   3.3103040880505710E-002   1.6216077352595583E-003  -7.8429592854819633E-014
   3.2884980892837694E-002   1.6109257026321177E-003  -8.3851426465904456E-014
   3.2652399823358207E-002   1.5995323305638442E-003  -8.9236233647577959E-014
   3.2405400373320119E-002   1.5874326500471066E-003  -9.4581636620577520E-014
   3.2144091610727281E-002   1.5746320039602029E-003  -9.9885275005429587E-014
   3.1868588922173022E-002   1.5611360447080884E-003  -1.0514480686472700E-013
   3.1579013961888974E-002   1.5469507317264456E-003  -1.1035790973726279E-013
   3.1275494598025644E-002   1.5320823288501497E-003  -1.1552228166356327E-013
   3.0958164856189761E-002   1.5165374015473530E-003  -1.2063564220236897E-013
   3.0627164860262037E-002   1.5003228140203391E-003  -1.2569573343761324E-013
   3.0282640770522725E-002   1.4834457261745048E-003  -1.3070032097545383E-013
   2.9924744719111007E-002   1.4659135904567296E-003  -1.3564719493091920E-013
   2.9553634742848039E-002   1.4477341485645977E-003  -1.4053417090373092E-013
   2.9169474713452159E-002   1.4289154280278762E-003  -1.4535909094287344E-013
   2.8772434265177779E-002   1.4094657386637852E-003  -1.5011982449948477E-013
   2.8362688719909709E-002   1.3893936689076153E-003  -1.5481426936764637E-013
   2.7940419009745913E-002   1.3687080820203191E-003  -1.5944035261265880E-013
   2.7505811597103032E-002   1.3474181121747428E-003  -1.6399603148639053E-013
   2.7059058392379758E-002   1.3255331604222322E-003  -1.6847929432929868E-013
   2.6600356669214672E-002   1.3030628905413937E-003  -1.7288816145872116E-013
   2.6129908977375743E-002   1.2800172247708430E-003  -1.7722068604304809E-013
   2.5647923053320029E-002   1.2564063394278214E-003  -1.8147495496138884E-013
   2.5154611728463106E-002   1.2322406604146218E-003  -1.8564908964835176E-013
   2.4650192835198769E-002   1.2075308586148054E-003  -1.8974124692356581E-013
   2.4134889110710264E-002   1.1822878451812355E-003  -1.9374961980557739E-013
   2.3608928098615950E-002   1.1565227667180253E-003  -1.9767243830976201E-013
   2.3072542048492323E-002   1.1302470003585058E-003  -2.0150797022990046E-013
   2.2525967813319253E-002   1.1034721487414090E-003  -2.0525452190307122E-013
   2.1969446744892263E-002   1.0762100348874644E-003  -2.0891043895752543E-013
   2.1403224587248432E-002   1.0484726969786893E-003  -2.1247410704321019E-013
   2.0827551368152796E-002   1.0202723830426664E-003  -2.1594395254462024E-013
   2.0242681288693012E-002   9.9162154554415806E-004  -2.1931844327566243E-013
   1.9648872611031373E-002   9.6253283588644697E-004  -2.2259608915622583E-013
   1.9046387544363559E-002   9.3301909882483915E-004  -2.2577544287015909E-013
   1.8435492129134326E-002   9.0309336679477359E-004  -2.2885510050436474E-013
   1.7816456119561602E-002   8.7276885415706908E-004  -2.3183370216872756E-013
   1.7189552864520653E-002   8.4205895136283771E-004  -2.3470993259660352E-013
   1.6555059186840828E-002   8.1097721904063269E-004  -2.3748252172560510E-013
   1.5913255261068446E-002   7.7953738200846020E-004  -2.4015024525842451E-013
   1.5264424489749595E-002   7.4775332321328511E-004  -2.4271192520344905E-013
   1.4608853378287564E-002   7.1563907760071428E-004  -2.4516643039492952E-013
   1.3946831408430040E-002   6.8320882591755433E-004  -2.4751267699247065E-013
   1.3278650910442230E-002   6.5047688844999975E-004  -2.4974962895962409E-013
   1.2604606934021998E-002   6.1745771870019448E-004  -2.5187629852137449E-013
   1.1924997118014187E-002   5.8416589700397109E-004  -2.5389174660031150E-013
   1.1240121558981719E-002   5.5061612409258601E-004  -2.5579508323130044E-013
   1.0550282678691443E-002   5.1682321460129292E-004  -2.5758546795446639E-013
   9.8557850905730982E-003   4.8280209052761216E-004  -2.5926211018631717E-013
   9.1569354652106683E-003   4.4856777464219943E-004  -2.6082426956884260E-013
   8.4540423949252871E-003   4.1413538385521432E-004  -2.6227125629643553E-013
   7.7474162575095545E-003   3.7952012254111761E-004  -2.6360243142049195E-013
   7.0373690791733440E-003   3.4473727582484237E-004  -2.6481720713155116E-013
   6.3242143967619730E-003   3.0980220283232198E-004  -2.6591504701885648E-013
   5.6082671193070808E-003   2.7473032990832803E-004  -2.6689546630721904E-013
   4.8898433889715811E-003   2.3953714380462655E-004  -2.6775803207108090E-013
   4.1692604414503426E-003   2.0423818484147284E-004  -2.6850236342568348E-013
   3.4468364658877520E-003   1.6884904004543850E-004  -2.6912813169525376E-013
   2.7228904643743202E-003   1.3338533626661899E-004  -2.6963506055814068E-013
   1.9977421110843694E-003   9.7862733278257144E-005  -2.7002292616882854E-013
   1.2717116111169498E-003   6.2296916861830518E-005  -2.7029155725678270E-013
   5.4511955910226605E-004   2.6703591880650518E-005  -2.7044083520207715E-013
  -1.8171320236399157E-004  -8.9015246549679690E-006  -2.7047069408777318E-013
  -9.0846572439552535E-004  -4.4502710527887200E-005  -2.7038112072902779E-013
  -1.6348170935375126E-003  -8.0084245256639380E-005  -2.7017215467891460E-013
  -2.3604465734730446E-003  -1.1563041703715328E-004  -2.6984388821095852E-013
  -3.0850337466510726E-003  -1.5112552968063548E-004  -2.6939646627839087E-013
  -3.8082586557738880E-003  -1.8655390954457120E-004  -2.6883008645014132E-013
  -4.5298019450812667E-003  -2.2189991245376360E-004  -2.6814499882359818E-013
  -5.2493450013689586E-003  -2.5714793060836039E-004  -2.6734150591417114E-013
  -5.9665700946792558E-003  -2.9228239947581597E-004  -2.6641996252170967E-013
  -6.6811605186016939E-003  -3.2728780466375560E-004  -2.6538077557383345E-013
  -7.3928007301216486E-003  -3.6214868877069257E-004  -2.6422440394624437E-013
  -8.1011764889552026E-003  -3.9684965821157927E-004  -2.6295135826009951E-013
  -8.8059749963088352E-003  -4.3137539001518211E-004  -2.6156220065653700E-013
  -9.5068850330026662E-003  -4.6571063859027954E-004  -2.6005754454844724E-013
  -1.0203597096895882E-002  -4.9984024245767599E-004  -2.5843805434961025E-013
  -1.0895803539554367E-002  -5.3374913094509377E-004  -2.5670444518130710E-013
  -1.1583198702099432E-002  -5.6742233084195023E-004  -2.5485748255654374E-013
  -1.2265479050178312E-002  -6.0084497301111255E-004  -2.5289798204202045E-013
  -1.2942343307996238E-002  -6.3400229895468310E-004  -2.5082680889800293E-013
  -1.3613492591351547E-002  -6.6687966733094603E-004  -2.4864487769624496E-013
  -1.4278630539614302E-002  -6.9946256041956045E-004  -2.4635315191614163E-013
  -1.4937463446590993E-002  -7.3173659053218693E-004  -2.4395264351928269E-013
  -1.5589700390216803E-002  -7.6368750636567843E-004  -2.4144441250259913E-013
  -1.6235053361018652E-002  -7.9530119929505831E-004  -2.3882956643029810E-013
  -1.6873237389292091E-002  -8.2656370960349217E-004  -2.3610925994479402E-013
  -1.7503970670935873E-002  -8.5746123264650439E-004  -2.3328469425685141E-013
  -1.8126974691888707E-002  -8.8798012494772070E-004  -2.3035711661516295E-013
  -1.8741974351113209E-002  -9.1810691022344286E-004  -2.2732781975560066E-013
  -1.9348698082072860E-002  -9.4782828533339857E-004  -2.2419814133037928E-013
  -1.9946877972648026E-002  -9.7713112615502979E-004  -2.2096946331738741E-013
  -2.0536249883438523E-002  -1.0060024933787402E-003  -2.1764321140994438E-013
  -2.1116553564400030E-002  -1.0344296382215252E-003  -2.1422085438725475E-013
  -2.1687532769763269E-002  -1.0624000080564806E-003  -2.1070390346583634E-013
  -2.2248935371184907E-002  -1.0899012519556862E-003  -2.0709391163220970E-013
  -2.2800513469080290E-002  -1.1169212261440285E-003  -2.0339247295714297E-013
  -2.3342023502088950E-002  -1.1434479993615496E-003  -1.9960122189175538E-013
  -2.3873226354624459E-002  -1.1694698581319566E-003  -1.9572183254578913E-013
  -2.4393887462461124E-002  -1.1949753119349620E-003  -1.9175601794837008E-013
  -2.4903776916310925E-002  -1.2199530982801748E-003  -1.8770552929158221E-013
  -2.5402669563345075E-002  -1.2443921876803003E-003  -1.8357215515719016E-013
  -2.5890345106615004E-002  -1.2682817885214465E-003  -1.7935772072685241E-013
  -2.6366588202329497E-002  -1.2916113518284045E-003  -1.7506408697617200E-013
  -2.6831188554944225E-002  -1.3143705759227698E-003  -1.7069314985294280E-013
  -2.7283941010022576E-002  -1.3365494109718837E-003  -1.6624683943995098E-013
  -2.7724645644825862E-002  -1.3581380634265468E-003  -1.6172711910270639E-013
  -2.8153107856593741E-002  -1.3791270003455831E-003  -1.5713598462247415E-013
  -2.8569138448475192E-002  -1.3995069536053113E-003  -1.5247546331499513E-013
  -2.8972553713072589E-002  -1.4192689239920912E-003  -1.4774761313527954E-013
  -2.9363175513561685E-002  -1.4384041851761222E-003  -1.4295452176887238E-013
  -2.9740831362351880E-002  -1.4569042875647472E-003  -1.3809830570998959E-013
  -3.0105354497251768E-002  -1.4747610620335493E-003  -1.3318110932693492E-013
  -3.0456583955106763E-002  -1.4919666235336134E-003  -1.2820510391520587E-013
  -3.0794364642875802E-002  -1.5085133745733382E-003  -1.2317248673871213E-013
  -3.1118547406116061E-002  -1.5243940085732739E-003  -1.1808548005952465E-013
  -3.1428989094845435E-002  -1.5396015130925054E-003  -1.1294633015658783E-013
  -3.1725552626753431E-002  -1.5541291729251436E-003  -1.0775730633382591E-013
  -3.2008107047733055E-002  -1.5679705730655814E-003  -1.0252069991808148E-013
  -3.2276527589706165E-002  -1.5811196015411645E-003  -9.7238823247331498E-014
  -3.2530695725717852E-002  -1.5935704521110822E-003  -9.1914008649622356E-014
  -3.2770499222274325E-002  -1.6053176268302262E-003  -8.6548607413180805E-014
  -3.2995832188902313E-002  -1.6163559384769397E-003  -8.1144988748150489E-014
  -3.3206595124907048E-002  -1.6266805128435371E-003  -7.5705538740415981E-014
  -3.3402694963309297E-002  -1.6362867908886309E-003  -7.0232659297973276E-014
  -3.3584045111940818E-002  -1.6451705307502615E-003  -6.4728767090316641E-014
  -3.3750565491681248E-002  -1.6533278096189971E-003  -5.9196292481303477E-014
  -3.3902182571818561E-002  -1.6607550254701222E-003  -5.3637678455975721E-014
  -3.4038829402518421E-002  -1.6674488986542046E-003  -4.8055379541805464E-014
  -3.4160445644387159E-002  -1.6734064733452863E-003  -4.2451860724845125E-014
  -3.4266977595115974E-002  -1.6786251188460949E-003  -3.6829596361258192E-014
  -3.4358378213194464E-002  -1.6831025307496902E-003  -3.1191069084714745E-014
  -3.4434607138682675E-002  -1.6868367319570184E-003  -2.5538768710128471E-014
  -3.4495630711033107E-002  -1.6898260735499506E-003  -1.9875191134226126E-014
  -3.4541421983954046E-002  -1.6920692355193905E-003  -1.4202837233428884E-014
  -3.4571960737308415E-002  -1.6935652273481594E-003  -8.5242117595359054E-015
  -3.4587233486042541E-002  -1.6943133884483839E-003  -2.8418222336967250E-015
  -3.4587233486140415E-002  -1.6943133884531781E-003   2.8418221608404651E-015
  -3.4571960737602096E-002  -1.6935652273625458E-003   8.5242116867118165E-015
  -3.4541421984443321E-002  -1.6920692355433585E-003   1.4202837160669130E-014
  -3.4495630711717795E-002  -1.6898260735834908E-003   1.9875191061562829E-014
  -3.4434607139562472E-002  -1.6868367320001167E-003   2.5538768637593701E-014
  -3.4358378214268979E-002  -1.6831025308023276E-003   3.1191069012340322E-014
  -3.4266977596384737E-002  -1.6786251189082472E-003   3.6829596289076535E-014
  -3.4160445645849587E-002  -1.6734064734169260E-003   4.2451860652887637E-014
  -3.4038829404173881E-002  -1.6674488987353001E-003   4.8055379470104394E-014
  -3.3902182573666340E-002  -1.6607550255606388E-003   5.3637678384562523E-014
  -3.3750565493720498E-002  -1.6533278097188933E-003   5.9196292410209616E-014
  -3.3584045114170680E-002  -1.6451705308594949E-003   6.4728767019573539E-014
  -3.3402694965728764E-002  -1.6362867910071524E-003   7.0232659227612197E-014
  -3.3206595127515046E-002  -1.6266805129712941E-003   7.5705538670467735E-014
  -3.2995832191697660E-002  -1.6163559386138744E-003   8.1144988678646681E-014
  -3.2770499225255857E-002  -1.6053176269762812E-003   8.6548607344151386E-014
  -3.2530695728884236E-002  -1.5935704522661927E-003   9.1914008581098073E-014
  -3.2276527593055986E-002  -1.5811196017052611E-003   9.7238823179342631E-014
  -3.2008107051264813E-002  -1.5679705732385906E-003   1.0252069985065824E-013
  -3.1725552630465600E-002  -1.5541291731069903E-003   1.0775730626699765E-013
  -3.1428989098736315E-002  -1.5396015132831070E-003   1.1294633009038428E-013
  -3.1118547410183991E-002  -1.5243940087725483E-003   1.1808547999397503E-013
  -3.0794364647118991E-002  -1.5085133747811980E-003   1.2317248667384533E-013
  -3.0456583959523317E-002  -1.4919666237499657E-003   1.2820510385105063E-013
  -3.0105354501839734E-002  -1.4747610622582981E-003   1.3318110926351952E-013
  -2.9740831367109262E-002  -1.4569042877977953E-003   1.3809830564734184E-013
  -2.9363175518486342E-002  -1.4384041854173650E-003   1.4295452170702038E-013
  -2.8972553718162364E-002  -1.4192689242414223E-003   1.4774761307425031E-013
  -2.8569138453727837E-002  -1.3995069538626211E-003   1.5247546325481567E-013
  -2.8153107862006931E-002  -1.3791270006107573E-003   1.5713598456317110E-013
  -2.7724645650397221E-002  -1.3581380636994691E-003   1.6172711904430584E-013
  -2.7283941015749637E-002  -1.3365494112524332E-003   1.6624683938247874E-013
  -2.6831188560824476E-002  -1.3143705762108237E-003   1.7069314979642408E-013
  -2.6366588208360280E-002  -1.2916113521238327E-003   1.7506408692063233E-013
  -2.5890345112793731E-002  -1.2682817888241219E-003   1.7935772067231562E-013
  -2.5402669569668974E-002  -1.2443921879900872E-003   1.8357215510368070E-013
  -2.4903776922777218E-002  -1.2199530985969370E-003   1.8770552923912366E-013
  -2.4393887469066934E-002  -1.1949753122585587E-003   1.9175601789698580E-013
  -2.3873226361366906E-002  -1.1694698584622464E-003   1.9572183249550135E-013
  -2.3342023508965058E-002  -1.1434479996983871E-003   1.9960122184258640E-013
  -2.2800513476086994E-002  -1.1169212264872637E-003   2.0339247290911475E-013
  -2.2248935378319120E-002  -1.0899012523051675E-003   2.0709391158534336E-013
  -2.1687532777021842E-002  -1.0624000084120538E-003   2.1070390342015263E-013
  -2.1116553571779759E-002  -1.0344296385830338E-003   2.1422085434277373E-013
  -2.0536249890936116E-002  -1.0060024937460223E-003   2.1764321136668595E-013
  -1.9946877980260232E-002  -9.7713112652792660E-004   2.2096946327537033E-013
  -1.9348698089796279E-002  -9.4782828571174328E-004   2.2419814128962229E-013
  -1.8741974358944466E-002  -9.1810691060707013E-004   2.2732781971612159E-013
  -1.8126974699824307E-002  -8.8798012533645955E-004   2.3035711657697941E-013
  -1.7503970678972323E-002  -8.5746123304018330E-004   2.3328469421998023E-013
  -1.6873237397425866E-002  -8.2656371000193864E-004   2.3610925990925131E-013
  -1.6235053369246123E-002  -7.9530119969809464E-004   2.3882956639609975E-013
  -1.5589700398534339E-002  -7.6368750677312681E-004   2.4144441246976025E-013
  -1.4937463454994930E-002  -7.3173659094386792E-004   2.4395264348781777E-013
  -1.4278630548100966E-002  -6.9946256083529409E-004   2.4635315188606440E-013
  -1.3613492599917145E-002  -6.6687966775054626E-004   2.4864487766756869E-013
  -1.2942343316637002E-002  -6.3400229937796539E-004   2.5082680887074045E-013
  -1.2265479058890425E-002  -6.0084497343788998E-004   2.5289798201618383E-013
  -1.1583198710879051E-002  -5.6742233127203448E-004   2.5485748253214433E-013
  -1.0895803548397597E-002  -5.3374913137829412E-004   2.5670444515835582E-013
  -1.0203597105798832E-002  -4.9984024289380184E-004   2.5843805432811698E-013
  -9.5068850419614236E-003  -4.6571063902913927E-004   2.6005754452842154E-013
  -8.8059750053194261E-003  -4.3137539045658092E-004   2.6156220063798764E-013
  -8.1011764980136198E-003  -3.9684965865532088E-004   2.6295135824303497E-013
  -7.3928007392239500E-003  -3.6214868921658399E-004   2.6422440393067162E-013
  -6.6811605277438306E-003  -3.2728780511159837E-004   2.6538077555976002E-013
  -5.9665701038572041E-003  -2.9228239992541309E-004   2.6641996250914152E-013
  -5.2493450105786090E-003  -2.5714793105951052E-004   2.6734150590311366E-013
  -4.5298019543186284E-003  -2.2189991290627118E-004   2.6814499881405652E-013
  -3.8082586650348671E-003  -1.8655390999823573E-004   2.6883008644211948E-013
  -3.0850337559315470E-003  -1.5112553013525500E-004   2.6939646627189247E-013
  -2.3604465827689303E-003  -1.1563041749252775E-004   2.6984388820598650E-013
  -1.6348171028447074E-003  -8.0084245712567861E-005   2.7017215467547087E-013
  -9.0846573370991889E-004  -4.4502710984168317E-005   2.7038112072711423E-013
  -1.8171321168144005E-004  -8.9015251113987420E-006   2.7047069408739044E-013
   5.4511954978581556E-004   2.6703591424268634E-005   2.7044083520322538E-013
   1.2717116018056411E-003   6.2296916405700511E-005   2.7029155725946160E-013
   1.9977421017823155E-003   9.7862732822580497E-005   2.7002292617303689E-013
   2.7228904550856275E-003   1.3338533581159684E-004   2.6963506056387637E-013
   3.4468364566165380E-003   1.6884903959127258E-004   2.6912813170251456E-013
   4.1692604322006704E-003   2.0423818438836220E-004   2.6850236343446586E-013
   4.8898433797475516E-003   2.3953714335277207E-004   2.6775803208138128E-013
   5.6082671101127671E-003   2.7473032945792914E-004   2.6689546631903246E-013
   6.3242143876014291E-003   3.0980220238357743E-004   2.6591504703217821E-013
   7.0373690700506197E-003   3.4473727537795049E-004   2.6481720714637508E-013
   7.7474162484286527E-003   3.7952012209627450E-004   2.6360243143681165E-013
   8.4540423858903025E-003   4.1413538341262049E-004   2.6227125631424359E-013
   9.1569354562254998E-003   4.4856777420204598E-004   2.6082426958813115E-013
   9.8557850816417443E-003   4.8280209009009478E-004   2.5926211020707786E-013
   1.0550282669817831E-002   5.1682321416660429E-004   2.5758546797669021E-013
   1.1240121550169803E-002   5.5061612366091959E-004   2.5579508325497712E-013
   1.1924997109267838E-002   5.8416589657551662E-004   2.5389174662543080E-013
   1.2604606925345062E-002   6.1745771827514040E-004   2.5187629854792565E-013
   1.3278650901838600E-002   6.5047688802853654E-004   2.4974962898759495E-013
   1.3946831399903442E-002   6.8320882549986468E-004   2.4751267702184889E-013
   1.4608853369841798E-002   7.1563907718698425E-004   2.4516643042570222E-013
   1.5264424481388379E-002   7.4775332280369695E-004   2.4271192523560277E-013
   1.5913255252795480E-002   7.7953738160319508E-004   2.4015024529194502E-013
   1.6555059178659768E-002   8.1097721863986982E-004   2.3748252176047750E-013
   1.7189552856435090E-002   8.4205895096675296E-004   2.3470993263281246E-013
   1.7816456111575132E-002   8.7276885376583852E-004   2.3183370220625700E-013
   1.8435492121250466E-002   9.0309336640856950E-004   2.2885510054319820E-013
   1.9046387536585808E-002   9.3301909844383294E-004   2.2577544291027932E-013
   1.9648872603363132E-002   9.6253283551080539E-004   2.2259608919761521E-013
   2.0242681281137660E-002   9.9162154517404635E-004   2.1931844331830278E-013
   2.0827551360713729E-002   1.0202723826782513E-003   2.1594395258849236E-013
   2.1403224579928888E-002   1.0484726966201291E-003   2.1247410708829504E-013
   2.1969446737695481E-002   1.0762100345349181E-003   2.0891043900380293E-013
   2.2525967806248427E-002   1.1034721483950327E-003   2.0525452195052089E-013
   2.3072542041550553E-002   1.1302470000184514E-003   2.0150797027850154E-013
   2.3608928091806310E-002   1.1565227663844436E-003   1.9767243835949306E-013
   2.4134889104035745E-002   1.1822878448542731E-003   1.9374961985641641E-013
   2.4650192828662359E-002   1.2075308582946084E-003   1.8974124697549010E-013
   2.5154611722067656E-002   1.2322406601013300E-003   1.8564908970133867E-013
   2.5647923047068373E-002   1.2564063391215738E-003   1.8147495501541483E-013
   2.6129908971270634E-002   1.2800172244717739E-003   1.7722068609808946E-013
   2.6600356663258825E-002   1.3030628902496366E-003   1.7288816151475346E-013
   2.7059058386575793E-002   1.3255331601379151E-003   1.6847929438629723E-013
   2.7505811591453502E-002   1.3474181118979911E-003   1.6399603154433018E-013
   2.7940419004253335E-002   1.3687080817512559E-003   1.5944035267151388E-013
   2.8362688714576492E-002   1.3893936686463588E-003   1.5481426942739094E-013
   2.8772434260006290E-002   1.4094657384104510E-003   1.5011982456009233E-013
   2.9169474708444658E-002   1.4289154277825756E-003   1.4535909100431755E-013
   2.9553634738006759E-002   1.4477341483274395E-003   1.4053417096598416E-013
   2.9924744714438074E-002   1.4659135902278181E-003   1.3564719499395411E-013
   3.0282640766020181E-002   1.4834457259539401E-003   1.3070032103924276E-013
   3.0627164855931928E-002   1.5003228138082214E-003   1.2569573350212783E-013
   3.0958164852033950E-002   1.5165374013437736E-003   1.2063564226758078E-013
   3.1275494594046029E-002   1.5320823286552019E-003   1.1552228172944338E-013
   3.1579013958087238E-002   1.5469507315402111E-003   1.1035790980378237E-013
   3.1868588918550877E-002   1.5611360445306518E-003   1.0514480693185655E-013
   3.2144091607286318E-002   1.5746320037916416E-003   9.9885275073139387E-014
   3.2405400370061885E-002   1.5874326498874962E-003   9.4581636688837894E-014
   3.2652399820284096E-002   1.5995323304132539E-003   8.9236233716358589E-014
   3.2884980889949081E-002   1.6109257024906143E-003   8.3851426535175089E-014
   3.3103040877803899E-002   1.6216077351272052E-003   7.8429592924549333E-014
   3.3306483494696518E-002   1.6315737114381249E-003   7.2973127013573686E-014
   3.3495218906094519E-002   1.6408192307287902E-003   6.7484438223988082E-014
   3.3669163771753344E-002   1.6493402104381537E-003   6.1965950206248678E-014
   3.3828241282517033E-002   1.6571328879414510E-003   5.6420099769312492E-014
   3.3972381194235096E-002   1.6641938222116703E-003   5.0849335804610203E-014
   3.4101519858780224E-002   1.6705198953390122E-003   4.5256118204685360E-014
   3.4215600252153505E-002   1.6761083139076674E-003   3.9642916776973750E-014
   3.4314571999664797E-002   1.6809566102293197E-003   3.4012210153208512E-014
   3.4398391398176513E-002   1.6850626434327966E-003   2.8366484694923300E-014
   3.4467021435401889E-002   1.6884246004094244E-003   2.2708233395546424E-014
   3.4520431806248537E-002   1.6910409966136479E-003   1.7039954779565509E-014
   3.4558598926200224E-002   1.6929106767185561E-003   1.1364151799248672E-014
   3.4581505941731268E-002   1.6940328151260500E-003   5.6833307294117439E-015
   3.4589142737748421E-002   1.6944069163313958E-003   6.0716900100339432E-023
