    1       0.0000000000   0.23090622 -0.76122248 -0.60598898  0.00075889
    2       0.0000000000   0.83361724 -0.27596435  0.47846209  0.00018305
    3       0.0000000000  -0.37758432  0.00000929  0.92597521  0.00068897
    4       0.0000000000   0.50991135 -0.47713254 -0.71577577  0.00017408
    5       0.0000000000   0.64585714 -0.27095958  0.71375728  0.00060522
    6       0.0000000000  -0.19488691 -0.75352037  0.62787431  0.00025919
    7       0.0000000000   0.00261338 -0.78077468  0.62480723  0.00030347
    8       0.0000000000   0.73211999 -0.38734756  0.56032329  0.00015249
    9       0.0000000000   0.27991287 -0.88795562 -0.36494329  0.00020054
   10       0.0000000000  -0.78406232  0.11038932  0.61078677  0.00017398
   11       0.0000000000   0.76042143  0.37967548  0.52688308  0.00083804
   12       0.0000000000  -0.02085459 -0.68058186  0.73237519  0.00036537
   13       0.0000000000   0.72254227  0.68603896  0.08534170  0.00022627
   14       0.0000000000  -0.50860545 -0.84523084  0.16402842  0.00024082
   15       0.0000000000  -0.02584577  0.98637828 -0.16244967  0.00015574
   16       0.0000000000  -0.73482809 -0.24576530 -0.63216066  0.00015669
   17       0.0000000000   0.90966313 -0.24466700 -0.33563530  0.00021620
   18       0.0000000000  -0.80341448 -0.59484983  0.02605482  0.00015388
   19       0.0000000000   0.75079184 -0.46625017 -0.46789144  0.00019005
   20       0.0000000000   0.19522150 -0.80336742  0.56257387  0.00062477
   21       0.0000000000  -0.70196441 -0.05542392  0.71005222  0.00028799
   22       0.0000000000   0.67162996 -0.70187755  0.23723638  0.00072555
   23       0.0000000000   0.34607512  0.12075488  0.93040328  0.00038635
   24       0.0000000000  -0.54753590  0.35050255  0.75983709  0.00042226
   25       0.0000000000   0.55483153  0.82579903  0.10108383  0.00069678
   26       0.0000000000   0.18664305 -0.33845471  0.92228671  0.00057984
   27       0.0000000000  -0.63395295 -0.69797115 -0.33307646  0.00021675
   28       0.0000000000  -0.35721520 -0.39146145 -0.84803021  0.00077213
   29       0.0000000000   0.48216411  0.57497742 -0.66099828  0.00021985
   30       0.0000000000   0.65564323 -0.09499628  0.74907120  0.00023911
   31       0.0000000000   0.52403433  0.75776483 -0.38881934  0.00051000
   32       0.0000000000   0.22275527  0.02693123  0.97450233  0.00033244
   33       0.0000000000   0.60170863  0.79701469 -0.05209898  0.00017934
   34       0.0000000000   0.83370631 -0.45154490 -0.31786945  0.00022124
   35       0.0000000000  -0.58914801 -0.14798574  0.79435813  0.00020337
   36       0.0000000000  -0.04466226  0.68371750 -0.72837879  0.00038237
   37       0.0000000000  -0.27610427 -0.43121082  0.85896662  0.00020145
   38       0.0000000000  -0.44880886 -0.76170710  0.46730386  0.00018050
   39       0.0000000000  -0.16349368  0.75975911  0.62931384  0.00022800
   40       0.0000000000   0.95898278 -0.13520346 -0.24914262  0.00027921
   41       0.0000000000  -0.44600653 -0.81482276 -0.37032693  0.00017429
   42       0.0000000000   0.67584128 -0.11224924  0.72844950  0.00020133
   43       0.0000000000   0.24385357 -0.05427582 -0.96829209  0.00022767
   44       0.0000000000  -0.38725582 -0.91878739 -0.07656794  0.00018571
   45       0.0000000000   0.61183162  0.42886139 -0.66463522  0.00050552
   46       0.0000000000   0.07883609  0.43687283 -0.89606194  0.00024161
   47       0.0000000000  -0.89523276 -0.03356692  0.44433273  0.00014831
   48       0.0000000000  -0.59751201 -0.38673947 -0.70243290  0.00015014
   49       0.0000000000  -0.46274286 -0.86979810 -0.17123174  0.00043064
   50       0.0000000000  -0.23608791  0.95115619  0.19890804  0.00014717
   51       0.0000000000  -0.86287187  0.40354940  0.30430251  0.00015601
   52       0.0000000000  -0.11115982 -0.22588130  0.96779188  0.00014838
   53       0.0000000000   0.28575315 -0.44721605 -0.84755114  0.00037158
   54       0.0000000000   0.84361404 -0.26301460  0.46812249  0.00067113
   55       0.0000000000   0.30862526  0.94759167  0.08258615  0.00018372
   56       0.0000000000   0.86832379 -0.29527337 -0.39853159  0.00017117
   57       0.0000000000   0.92851493  0.29385960  0.22695056  0.00057653
   58       0.0000000000   0.47858953 -0.20299146  0.85425203  0.00024023
   59       0.0000000000   0.48585246 -0.85216611  0.19432013  0.00038161
   60       0.0000000000  -0.78398892  0.05528170 -0.61830842  0.00084336
   61       0.0000000000  -0.25240408 -0.96683893  0.03891860  0.00019285
   62       0.0000000000   0.15440138  0.23926329  0.95859965  0.00024474
   63       0.0000000000   0.09929406  0.87936751  0.46567529  0.00015442
   64       0.0000000000   0.50437258  0.78498786 -0.35972539  0.00019794
   65       0.0000000000   0.14975623 -0.38805155  0.90938939  0.00021210
   66       0.0000000000  -0.29005334  0.05348115  0.95551495  0.00017784
   67       0.0000000000   0.17002079  0.51617701  0.83943685  0.00020406
   68       0.0000000000  -0.70098342 -0.19045099 -0.68727772  0.00022199
   69       0.0000000000   0.83858309  0.54373362 -0.03364750  0.00014691
   70       0.0000000000  -0.69147183  0.41684031  0.59000921  0.00028955
   71       0.0000000000  -0.21523966  0.62854626 -0.74739647  0.00020921
   72       0.0000000000   0.96574853  0.24867710  0.07409102  0.00042859
   73       0.0000000000   0.40268911  0.85710871  0.32125711  0.00015308
   74       0.0000000000   0.50044307  0.80822870 -0.31035963  0.00026363
   75       0.0000000000  -0.76840636 -0.63652055  0.06628163  0.00022365
   76       0.0000000000   0.92217692  0.37109259 -0.10899551  0.00016247
   77       0.0000000000   0.39037936 -0.54488853 -0.74209194  0.00016442
   78       0.0000000000  -0.62460844 -0.61567271 -0.48042837  0.00015936
   79       0.0000000000   0.16203864  0.63576732  0.75468099  0.00038797
   80       0.0000000000   0.60975430  0.09797263 -0.78651196  0.00016745
   81       0.0000000000   0.76904905  0.57017852 -0.28889448  0.00084624
   82       0.0000000000   0.26189848  0.14128414  0.95469785  0.00020823
   83       0.0000000000   0.50873966  0.85239141  0.12088355  0.00042851
   84       0.0000000000   0.13632969  0.43611975 -0.88950198  0.00027591
   85       0.0000000000   0.04684862 -0.98309563  0.17699770  0.00031392
   86       0.0000000000   0.18761510  0.27550727 -0.94281298  0.00028945
   87       0.0000000000   0.12293205  0.37065641 -0.92059847  0.00018876
   88       0.0000000000  -0.87090039 -0.37420780 -0.31859227  0.00030713
   89       0.0000000000  -0.35803245  0.92411318 -0.13352003  0.00018341
   90       0.0000000000  -0.29905891 -0.78744732  0.53897170  0.00014846
   91       0.0000000000   0.68770446 -0.60302086  0.40426280  0.00020742
   92       0.0000000000   0.05401274  0.68523999  0.72631176  0.00017979
   93       0.0000000000  -0.11712949 -0.98420040  0.13277895  0.00033841
   94       0.0000000000   0.97696950  0.12670455 -0.17168737  0.00022316
   95       0.0000000000  -0.95228954  0.29047483  0.09364299  0.00020058
   96       0.0000000000  -0.13164231  0.19994543 -0.97092334  0.00030504
   97       0.0000000000   0.12045468  0.12626162  0.98465663  0.00049907
   98       0.0000000000   0.57489276 -0.52771834  0.62530925  0.00015189
   99       0.0000000000   0.99250423 -0.08139745  0.09115812  0.00014910
  100       0.0000000000   0.45273864  0.43933114  0.77589682  0.00015893
  101       0.0000000000   0.34044823  0.03598126  0.93957456  0.00075422
  102       0.0000000000  -0.99199403  0.12432629  0.02215452  0.00018588
  103       0.0000000000  -0.89074598 -0.32323939  0.31951197  0.00045535
  104       0.0000000000  -0.01159319  0.99411530  0.10770502  0.00061129
  105       0.0000000000  -0.85716869  0.14928722  0.49292511  0.00019080
  106       0.0000000000   0.23399177  0.83189139  0.50319436  0.00063214
  107       0.0000000000   0.13807045  0.37310180  0.91745932  0.00025182
  108       0.0000000000  -0.19900708  0.51394887  0.83441761  0.00017359
  109       0.0000000000  -0.81044476  0.54673503 -0.21038084  0.00029611
  110       0.0000000000  -0.22931299  0.58183351 -0.78031104  0.00071692
  111       0.0000000000  -0.42124823  0.90461492  0.06497524  0.00041032
  112       0.0000000000  -0.46010835 -0.77938279 -0.42527964  0.00063150
  113       0.0000000000  -0.23600714  0.65356239  0.71913617  0.00026256
  114       0.0000000000   0.98626530 -0.02116516 -0.16380717  0.00071094
  115       0.0000000000  -0.31208674 -0.94850842 -0.05416309  0.00019670
  116       0.0000000000   0.34152652 -0.30522284 -0.88893118  0.00017979
  117       0.0000000000  -0.26386022 -0.81568964 -0.51480889  0.00020694
  118       0.0000000000  -0.90298562  0.40800512 -0.13471746  0.00031956
  119       0.0000000000   0.29725057 -0.87913120  0.37251903  0.00027309
  120       0.0000000000  -0.78017778 -0.51985288  0.34795921  0.00017618
  121       0.0000000000  -0.56488054  0.82268268  0.06405605  0.00017772
  122       0.0000000000  -0.70587957 -0.53179523 -0.46789728  0.00029249
  123       0.0000000000   0.36663168 -0.73452611 -0.57101016  0.00017000
  124       0.0000000000  -0.83456695  0.54584745  0.07448866  0.00017498
  125       0.0000000000  -0.76421842  0.36252563  0.53342795  0.00016273
  126       0.0000000000   0.33836886 -0.93362357  0.11770112  0.00075695
  127       0.0000000000  -0.44373735 -0.32291107  0.83595790  0.00018302
  128       0.0000000000   0.21856876  0.38529699 -0.89653440  0.00023082
  129       0.0000000000  -0.10635616  0.83812005 -0.53501697  0.00014732
  130       0.0000000000  -0.09291773  0.86625092  0.49089270  0.00022598
  131       0.0000000000   0.97781354  0.20706603 -0.03169144  0.00020766
  132       0.0000000000   0.86733532 -0.08216489 -0.49089548  0.00021043
  133       0.0000000000   0.63784885  0.57086880  0.51696969  0.00033405
  134       0.0000000000   0.83142842  0.38466468  0.40094871  0.00081496
  135       0.0000000000  -0.59371289 -0.23606852  0.76927021  0.00015390
  136       0.0000000000   0.03602704  0.99259539  0.11600188  0.00018493
  137       0.0000000000   0.75239117 -0.33130029 -0.56933966  0.00037791
  138       0.0000000000   0.27224037 -0.95243496 -0.13694094  0.00024002
  139       0.0000000000  -0.22450342  0.97302788 -0.05305622  0.00033361
  140       0.0000000000   0.01559685  0.61117648 -0.79134067  0.00022090
  141       0.0000000000  -0.55530122 -0.82301272  0.11954338  0.00031126
  142       0.0000000000  -0.66429458  0.33151014  0.66993562  0.00023426
  143       0.0000000000   0.43803770  0.36811477  0.82013078  0.00022369
  144       0.0000000000   0.13462250  0.80055577  0.58394112  0.00018411
  145       0.0000000000   0.76894366 -0.63915804  0.01423552  0.00029710
  146       0.0000000000  -0.05559550 -0.83374172  0.54934861  0.00049222
  147       0.0000000000   0.99213174 -0.04214778  0.11789053  0.00045060
  148       0.0000000000   0.01800578 -0.91152033 -0.41086065  0.00020976
  149       0.0000000000   0.42796867 -0.51397959 -0.74341630  0.00037688
  150       0.0000000000   0.62829543 -0.06399563 -0.77533826  0.00024031
  151       0.0000000000   0.64446541 -0.00334505 -0.76462615  0.00040423
  152       0.0000000000   0.71430098  0.53889237 -0.44650769  0.00016200
  153       0.0000000000   0.29847939 -0.57552542  0.76136755  0.00068064
  154       0.0000000000  -0.36490584  0.31642040  0.87562655  0.00025176
  155       0.0000000000  -0.69973022 -0.08189204  0.70969805  0.00031600
  156       0.0000000000  -0.71000863  0.69070294 -0.13717579  0.00051277
  157       0.0000000000  -0.50893020 -0.12985608 -0.85095679  0.00065066
  158       0.0000000000   0.19012086 -0.08223239  0.97831073  0.00031164
  159       0.0000000000  -0.96691953  0.10180824  0.23388397  0.00015372
  160       0.0000000000   0.02699041  0.07463713  0.99684543  0.00015546
  161       0.0000000000   0.62091653 -0.34406458  0.70433105  0.00020350
  162       0.0000000000  -0.91703820 -0.37359085  0.13953788  0.00021481
  163       0.0000000000  -0.64308168  0.55947325  0.52291073  0.00020014
  164       0.0000000000  -0.37923582 -0.92523782  0.01073165  0.00016549
  165       0.0000000000  -0.98437576  0.04152760 -0.17111349  0.00057506
  166       0.0000000000  -0.39972092 -0.42923311 -0.80992723  0.00037629
  167       0.0000000000  -0.08080122 -0.87043225 -0.48561185  0.00015645
  168       0.0000000000  -0.51430894  0.29529205 -0.80516391  0.00014630
  169       0.0000000000   0.06297947  0.98650006  0.15116621  0.00039054
  170       0.0000000000   0.56004795 -0.65375177  0.50887613  0.00018522
  171       0.0000000000   0.39837055  0.75033298 -0.52754272  0.00085544
  172       0.0000000000   0.01780090 -0.07125368  0.99729937  0.00021314
  173       0.0000000000   0.85343866 -0.00376953  0.52117967  0.00079553
  174       0.0000000000   0.85063381  0.28546769 -0.44150914  0.00029454
  175       0.0000000000   0.21910807 -0.08200194  0.97224860  0.00030838
  176       0.0000000000  -0.86813064 -0.04120345 -0.49462254  0.00064321
  177       0.0000000000   0.65656245 -0.65193367 -0.37935239  0.00056236
  178       0.0000000000   0.95219240  0.14057014  0.27123730  0.00017643
  179       0.0000000000  -0.58722934  0.75350548 -0.29562002  0.00076618
  180       0.0000000000   0.00476460 -0.61064635  0.79188909  0.00020919
  181       0.0000000000   0.11183668 -0.77961668  0.61619022  0.00016231
  182       0.0000000000   0.05623507 -0.89024812  0.45199104  0.00028915
  183       0.0000000000  -0.42414491  0.89768881  0.11939805  0.00015156
  184       0.0000000000  -0.97477304  0.21010861 -0.07531192  0.00016816
  185       0.0000000000  -0.27925711 -0.86540241  0.41604583  0.00052641
  186       0.0000000000  -0.98828171  0.13338693 -0.07421045  0.00059593
  187       0.0000000000   0.01776312  0.46172109 -0.88684729  0.00022122
  188       0.0000000000   0.90035221 -0.13238633 -0.41453558  0.00015145
  189       0.0000000000  -0.59399336 -0.63822821 -0.48973119  0.00049927
  190       0.0000000000  -0.36522390  0.77956817  0.50880740  0.00032823
  191       0.0000000000   0.24118010 -0.58240411  0.77629737  0.00022429
  192       0.0000000000   0.73580969 -0.15249105 -0.65979586  0.00033468
  193       0.0000000000  -0.97862413 -0.03722562 -0.20225991  0.00069289
  194       0.0000000000   0.42272519  0.54948901 -0.72066999  0.00021536
  195       0.0000000000  -0.59864853  0.71559394  0.35992394  0.00024841
  196       0.0000000000   0.54755706 -0.46454589 -0.69597298  0.00042253
  197       0.0000000000   0.20634299 -0.26706318 -0.94132876  0.00017272
  198       0.0000000000   0.95998647 -0.26049091  0.10281275  0.00018147
  199       0.0000000000   0.11545502 -0.60218008  0.78996791  0.00045085
  200       0.0000000000   0.75369168  0.05971752 -0.65450949  0.00039163
  201       0.0000000000   0.96053449  0.01616010  0.27769110  0.00059722
  202       0.0000000000   0.29496043 -0.89383061  0.33773537  0.00018131
  203       0.0000000000   0.59341759 -0.63324444 -0.49684710  0.00017034
  204       0.0000000000  -0.43472156  0.33949417 -0.83412282  0.00079147
  205       0.0000000000  -0.20260015  0.09580741 -0.97456355  0.00070802
  206       0.0000000000  -0.05881256  0.09584747 -0.99365706  0.00024871
  207       0.0000000000   0.91127179 -0.41076989  0.02918596  0.00027170
  208       0.0000000000   0.79520919  0.32906001 -0.50927581  0.00018904
  209       0.0000000000   0.45831360  0.88818949 -0.03268138  0.00018553
  210       0.0000000000  -0.18194976  0.32375012 -0.92848271  0.00019561
  211       0.0000000000  -0.38641218 -0.11498261  0.91513093  0.00028860
  212       0.0000000000   0.60804662 -0.77017459 -0.19264062  0.00034000
  213       0.0000000000  -0.36083706  0.89622951  0.25801022  0.00055258
  214       0.0000000000   0.35882553  0.90194284  0.24029844  0.00033305
  215       0.0000000000   0.53006457  0.51672383 -0.67233031  0.00059748
  216       0.0000000000   0.24996724 -0.71450439 -0.65345226  0.00021346
  217       0.0000000000   0.17348797  0.49841925 -0.84939989  0.00019022
  218       0.0000000000   0.98239728  0.18676945 -0.00357093  0.00019403
  219       0.0000000000  -0.55744515 -0.54275370 -0.62823031  0.00018643
  220       0.0000000000  -0.87384451 -0.46120445  0.15390329  0.00027989
  221       0.0000000000   0.39251149 -0.74479111  0.53964890  0.00075222
  222       0.0000000000   0.18375611  0.97932074 -0.08464384  0.00014821
  223       0.0000000000   0.95629495  0.15558503 -0.24757478  0.00034118
  224       0.0000000000   0.17641184 -0.88162748  0.43773490  0.00020817
  225       0.0000000000  -0.63714526 -0.16458792 -0.75296529  0.00021993
  226       0.0000000000   0.43740995 -0.81897452 -0.37142060  0.00039105
  227       0.0000000000   0.96735241 -0.21957627 -0.12655269  0.00028491
  228       0.0000000000   0.41178586  0.90542588 -0.10313285  0.00015558
  229       0.0000000000   0.75524620 -0.64673547  0.10647261  0.00070118
  230       0.0000000000  -0.28446398 -0.01137078  0.95861929  0.00016006
  231       0.0000000000   0.38379418  0.78244703  0.49038625  0.00014695
  232       0.0000000000  -0.02964851  0.97066731 -0.23859156  0.00030227
  233       0.0000000000  -0.47443494 -0.25615310  0.84219777  0.00034704
  234       0.0000000000   0.82661436 -0.50770514  0.24278425  0.00036625
  235       0.0000000000  -0.61029669 -0.17947775  0.77157352  0.00023022
  236       0.0000000000  -0.43895981 -0.77346690 -0.45723435  0.00025164
  237       0.0000000000   0.62211085 -0.61916178 -0.47918345  0.00015757
  238       0.0000000000  -0.37839355  0.47035573  0.79723510  0.00071858
  239       0.0000000000  -0.49745889 -0.47913741  0.72316112  0.00051311
  240       0.0000000000  -0.16251389 -0.02300648 -0.98643800  0.00014652
  241       0.0000000000   0.06100012  0.54002981  0.83943242  0.00016577
  242       0.0000000000   0.41050374  0.19730659 -0.89025659  0.00059271
  243       0.0000000000  -0.78247476 -0.59155495  0.19441190  0.00039029
  244       0.0000000000  -0.87520605  0.45233093  0.17149664  0.00051342
  245       0.0000000000   0.74330370 -0.46838210 -0.47761681  0.00019920
  246       0.0000000000   0.33344245  0.65237043 -0.68060925  0.00085696
  247       0.0000000000  -0.61239851 -0.52184838  0.59383695  0.00024605
  248       0.0000000000   0.68614683 -0.47120516 -0.55422759  0.00036412
  249       0.0000000000  -0.39666377  0.84320501  0.36285421  0.00019646
  250       0.0000000000  -0.02691616 -0.94272484  0.33248369  0.00015016
  251       0.0000000000   0.77680880  0.59101419 -0.21741737  0.00014907
  252       0.0000000000  -0.41588432 -0.78575285 -0.45785663  0.00015216
  253       0.0000000000   0.46517659  0.20571848  0.86098237  0.00035573
  254       0.0000000000   0.64606554  0.61705987 -0.44926210  0.00056273
  255       0.0000000000   0.86436831  0.29695728  0.40581253  0.00087110
  256       0.0000000000  -0.58359533  0.65283845 -0.48292695  0.00040358
  257       0.0000000000   0.09701378  0.95926711  0.26532045  0.00022351
  258       0.0000000000   0.00155971 -0.93437200  0.35629557  0.00018106
  259       0.0000000000  -0.27268949 -0.47675269  0.83567177  0.00032682
  260       0.0000000000  -0.43674482  0.89401249 -0.09997816  0.00067150
  261       0.0000000000  -0.63835948 -0.75229182 -0.16295454  0.00015323
  262       0.0000000000   0.86287142 -0.50181281 -0.06030595  0.00041264
  263       0.0000000000   0.69625446 -0.47534918  0.53784094  0.00063902
  264       0.0000000000  -0.14106180 -0.92242564  0.35948924  0.00025963
  265       0.0000000000   0.82918188 -0.16439066 -0.53425942  0.00027432
  266       0.0000000000  -0.11907336  0.94650026  0.29993130  0.00035480
  267       0.0000000000  -0.13198053 -0.85229036 -0.50614452  0.00023578
  268       0.0000000000   0.68618406 -0.52990126  0.49835338  0.00015339
  269       0.0000000000   0.20359235  0.27027431  0.94101113  0.00029344
  270       0.0000000000   0.89335052 -0.44272789  0.07692111  0.00034220
  271       0.0000000000   0.29343798 -0.86131951  0.41475637  0.00043258
  272       0.0000000000   0.77067799 -0.62836323  0.10590131  0.00018224
  273       0.0000000000   0.20798414 -0.37923531 -0.90162253  0.00023069
  274       0.0000000000   0.45000849  0.75564992  0.47590498  0.00082661
  275       0.0000000000  -0.37699560 -0.61611238 -0.69157780  0.00021969
  276       0.0000000000  -0.24910761 -0.63389759  0.73220164  0.00015808
  277       0.0000000000  -0.11492388  0.64429651 -0.75609160  0.00069914
  278       0.0000000000  -0.04320974  0.68654256  0.72580454  0.00050364
  279       0.0000000000  -0.80358724  0.42142500  0.42029574  0.00017462
  280       0.0000000000   0.56663897  0.75994797 -0.31843265  0.00020785
  281       0.0000000000  -0.41408639 -0.68976830  0.59392942  0.00014979
  282       0.0000000000  -0.92085949  0.21384084  0.32602130  0.00024214
  283       0.0000000000  -0.66679521 -0.63549179  0.38927410  0.00017344
  284       0.0000000000   0.38104174  0.43163892  0.81761546  0.00018388
  285       0.0000000000  -0.58062277 -0.77915179 -0.23621956  0.00032081
  286       0.0000000000  -0.71863484 -0.33882717 -0.60725622  0.00028313
  287       0.0000000000  -0.62381545 -0.77304829  0.11511134  0.00015261
  288       0.0000000000   0.18763033  0.93214839  0.30966795  0.00030351
  289       0.0000000000   0.37782407 -0.78091805 -0.49740926  0.00059326
  290       0.0000000000   0.85113684  0.13350428 -0.50768365  0.00015969
  291       0.0000000000  -0.07123802 -0.54034434 -0.83842301  0.00027704
  292       0.0000000000   0.61971192 -0.62759837 -0.47125091  0.00025128
  293       0.0000000000   0.06828468 -0.39072150  0.91797272  0.00017022
  294       0.0000000000  -0.40233298 -0.90437465  0.14224862  0.00017260
  295       0.0000000000   0.87654683 -0.36219240  0.31698948  0.00016985
  296       0.0000000000  -0.86950129  0.11181536 -0.48110792  0.00021037
  297       0.0000000000  -0.78138702 -0.59645788 -0.18350018  0.00027409
  298       0.0000000000  -0.48066179 -0.83505187 -0.26768007  0.00038449
  299       0.0000000000   0.72196409 -0.50806941 -0.46971622  0.00018300
  300       0.0000000000  -0.10673726 -0.70343181 -0.70270253  0.00027587
  301       0.0000000000  -0.77261539 -0.58857411 -0.23800414  0.00016295
  302       0.0000000000   0.89833307 -0.23369259  0.37200197  0.00032557
  303       0.0000000000  -0.52848040  0.31749385 -0.78734118  0.00014681
  304       0.0000000000  -0.94184733  0.26733067  0.20361218  0.00017681
  305       0.0000000000  -0.28405014  0.51145864  0.81100282  0.00025710
  306       0.0000000000   0.49904924 -0.82912994 -0.25197895  0.00060022
  307       0.0000000000  -0.50930431  0.78234462 -0.35853315  0.00048375
  308       0.0000000000  -0.98168436  0.15500162  0.11077142  0.00070984
  309       0.0000000000  -0.81489359  0.00493455  0.57958958  0.00016330
  310       0.0000000000   0.60805548 -0.74919355  0.26263578  0.00017879
  311       0.0000000000   0.80340800  0.57764692  0.14442860  0.00025947
  312       0.0000000000   0.55283362  0.82559570  0.11298994  0.00015462
  313       0.0000000000  -0.69530777  0.30890611  0.64894077  0.00038831
  314       0.0000000000  -0.54614557  0.54589187 -0.63539522  0.00022706
  315       0.0000000000   0.98767006 -0.01316439  0.15599534  0.00047486
  316       0.0000000000  -0.61365648  0.44613161  0.65145400  0.00063237
  317       0.0000000000   0.59163901  0.35582185  0.72343216  0.00022073
  318       0.0000000000  -0.51862414 -0.62578833  0.58259589  0.00015693
  319       0.0000000000   0.15190503  0.71618733 -0.68117587  0.00020864
  320       0.0000000000   0.63479827  0.70017642  0.32677841  0.00044566
  321       0.0000000000  -0.14887817 -0.68249619  0.71556568  0.00025071
  322       0.0000000000   0.54614446  0.47550481  0.68965311  0.00032887
  323       0.0000000000  -0.62505613  0.58700308  0.51452134  0.00015902
  324       0.0000000000  -0.35077300 -0.59923295 -0.71963753  0.00028418
  325       0.0000000000  -0.16483528  0.98557440  0.03837228  0.00035011
  326       0.0000000000   0.08204797  0.74481057 -0.66221246  0.00035260
  327       0.0000000000  -0.97398699  0.09993413  0.20337774  0.00015803
  328       0.0000000000  -0.28468288 -0.94045805 -0.18572643  0.00035000
  329       0.0000000000   0.87547211 -0.26099703 -0.40672981  0.00025233
  330       0.0000000000  -0.23184951 -0.91836127 -0.32071541  0.00035509
  331       0.0000000000  -0.14454575  0.83069547 -0.53763516  0.00020221
  332       0.0000000000   0.61870986 -0.78382309  0.05309867  0.00018482
  333       0.0000000000   0.99863953 -0.04885160  0.01823736  0.00034719
  334       0.0000000000  -0.10186392  0.83554606 -0.53989492  0.00040997
  335       0.0000000000   0.13468460  0.94473969  0.29887620  0.00017202
  336       0.0000000000   0.47138825  0.07032256 -0.87911766  0.00034865
  337       0.0000000000  -0.35156010 -0.85221805 -0.38746598  0.00025784
  338       0.0000000000  -0.18422860  0.81896336 -0.54346926  0.00034379
  339       0.0000000000  -0.18335901 -0.12305707  0.97531350  0.00054443
  340       0.0000000000   0.13593734 -0.98820429  0.07052184  0.00025002
  341       0.0000000000   0.08400874 -0.96415454 -0.25169140  0.00017755
  342       0.0000000000   0.02379615 -0.68731908  0.72596572  0.00018030
  343       0.0000000000   0.11540179  0.96264714 -0.24493450  0.00027966
  344       0.0000000000  -0.43377892  0.88977516 -0.14190143  0.00021866
  345       0.0000000000   0.40161680 -0.91383352 -0.06010186  0.00017534
  346       0.0000000000   0.06465096  0.89181772  0.44775151  0.00015372
  347       0.0000000000  -0.07331971 -0.98298265  0.16843198  0.00023119
  348       0.0000000000  -0.52801459 -0.26715971  0.80611804  0.00057411
  349       0.0000000000  -0.56738465 -0.30388424 -0.76532936  0.00020903
  350       0.0000000000  -0.58213316 -0.03828516 -0.81219162  0.00023634
  351       0.0000000000   0.55520376 -0.24871305  0.79365648  0.00049522
  352       0.0000000000  -0.04490384 -0.99890893  0.01282960  0.00021264
  353       0.0000000000   0.61070736 -0.12875651 -0.78131830  0.00019781
  354       0.0000000000  -0.20224418 -0.72072142  0.66306706  0.00034889
  355       0.0000000000   0.02448940  0.77820007 -0.62753878  0.00075870
  356       0.0000000000  -0.00957631 -0.15103663 -0.98848178  0.00036543
  357       0.0000000000   0.11536567 -0.89980821  0.42075639  0.00028528
  358       0.0000000000   0.13888801 -0.76888234 -0.62412345  0.00024314
  359       0.0000000000  -0.71971565 -0.43537898 -0.54079065  0.00029417
  360       0.0000000000  -0.58196721 -0.44846329 -0.67837662  0.00022842
  361       0.0000000000   0.39305429 -0.85548019 -0.33713792  0.00015353
  362       0.0000000000  -0.23845607 -0.69435606  0.67897597  0.00022967
  363       0.0000000000  -0.35467794  0.44608184 -0.82171440  0.00016086
  364       0.0000000000  -0.83828965 -0.45188671  0.30507190  0.00023303
  365       0.0000000000  -0.62184778 -0.02229691  0.78282066  0.00026216
  366       0.0000000000  -0.73497031 -0.41011265  0.54002432  0.00046723
  367       0.0000000000  -0.74508465  0.64850704  0.15584445  0.00024494
  368       0.0000000000  -0.89280064 -0.40637936  0.19432662  0.00017880
  369       0.0000000000  -0.81717827  0.41026173 -0.40485181  0.00016604
  370       0.0000000000   0.22195279 -0.96705625  0.12465620  0.00030318
  371       0.0000000000  -0.08476076  0.64779054 -0.75708852  0.00035929
  372       0.0000000000   0.41881666  0.73218108  0.53712519  0.00022872
  373       0.0000000000  -0.28351581 -0.87040634 -0.40250663  0.00019708
  374       0.0000000000  -0.41676350 -0.15536570  0.89563926  0.00071789
  375       0.0000000000  -0.19094511  0.96614765 -0.17348969  0.00022182
  376       0.0000000000  -0.29081355  0.93113552 -0.22003210  0.00017258
  377       0.0000000000   0.59096129  0.08100830  0.80262220  0.00016146
  378       0.0000000000   0.94400318 -0.11383306 -0.30967731  0.00046992
  379       0.0000000000  -0.91368698 -0.03251877 -0.40511557  0.00027626
  380       0.0000000000   0.69287175 -0.47909455 -0.53888510  0.00019521
  381       0.0000000000  -0.26658338  0.80001759  0.53749898  0.00015363
  382       0.0000000000   0.71765155 -0.61150800  0.33321799  0.00019130
  383       0.0000000000   0.30831713  0.82059537  0.48121075  0.00039838
  384       0.0000000000  -0.44358942  0.73493854 -0.51292667  0.00028580
  385       0.0000000000  -0.85806403 -0.47584973  0.19311434  0.00020425
  386       0.0000000000   0.71179452  0.03083763 -0.70171048  0.00015883
  387       0.0000000000  -0.91397566 -0.40553824 -0.01368345  0.00016776
  388       0.0000000000   0.61417425  0.75085754  0.24290524  0.00073475
  389       0.0000000000   0.70079355  0.64716169  0.30011690  0.00034431
  390       0.0000000000  -0.41059892 -0.91051274  0.04873468  0.00016371
  391       0.0000000000   0.31154453 -0.35836728  0.88006414  0.00017497
  392       0.0000000000  -0.96269686  0.12226513 -0.24138351  0.00020708
  393       0.0000000000  -0.36208487 -0.60703268  0.70739372  0.00017688
  394       0.0000000000   0.63795219  0.41087956  0.65130254  0.00022042
  395       0.0000000000  -0.60108455  0.52165159 -0.60545601  0.00016447
  396       0.0000000000  -0.97494612 -0.03652471 -0.21942197  0.00023878
  397       0.0000000000  -0.04410220  0.91459940  0.40194892  0.00070631
  398       0.0000000000   0.71784014  0.51291347  0.47077096  0.00014755
  399       0.0000000000  -0.27121132  0.96172639  0.03907385  0.00019359
  400       0.0000000000  -0.71599842  0.62503619  0.31092768  0.00020847
